{"meta": {"format": 3, "version": "7.10.7", "timestamp": "2025-10-17T16:40:09.733252", "branch_coverage": false, "show_contexts": false}, "files": {"src/proteinsmc/__init__.py": {"executed_lines": [1, 3, 5], "summary": {"covered_lines": 2, "num_statements": 2, "percent_covered": 100.0, "percent_covered_display": "100", "missing_lines": 0, "excluded_lines": 0}, "missing_lines": [], "excluded_lines": [], "functions": {"": {"executed_lines": [1, 3, 5], "summary": {"covered_lines": 2, "num_statements": 2, "percent_covered": 100.0, "percent_covered_display": "100", "missing_lines": 0, "excluded_lines": 0}, "missing_lines": [], "excluded_lines": []}}, "classes": {"": {"executed_lines": [1, 3, 5], "summary": {"covered_lines": 2, "num_statements": 2, "percent_covered": 100.0, "percent_covered_display": "100", "missing_lines": 0, "excluded_lines": 0}, "missing_lines": [], "excluded_lines": []}}}, "src/proteinsmc/io.py": {"executed_lines": [1, 3, 4, 5, 6, 7, 9, 10, 11, 12, 14, 18, 19, 21, 32, 37, 43, 56, 62, 68, 69, 71, 82, 91], "summary": {"covered_lines": 21, "num_statements": 55, "percent_covered": 38.18181818181818, "percent_covered_display": "38", "missing_lines": 34, "excluded_lines": 2}, "missing_lines": [23, 24, 25, 26, 27, 28, 30, 34, 35, 39, 40, 41, 45, 46, 49, 50, 53, 54, 58, 59, 60, 64, 65, 77, 78, 79, 80, 84, 85, 86, 87, 88, 89, 93], "excluded_lines": [14, 15], "functions": {"DataWriter.__init__": {"executed_lines": [], "summary": {"covered_lines": 0, "num_statements": 7, "percent_covered": 0.0, "percent_covered_display": "0", "missing_lines": 7, "excluded_lines": 0}, "missing_lines": [23, 24, 25, 26, 27, 28, 30], "excluded_lines": []}, "DataWriter.log_scalars": {"executed_lines": [], "summary": {"covered_lines": 0, "num_statements": 2, "percent_covered": 0.0, "percent_covered_display": "0", "missing_lines": 2, "excluded_lines": 0}, "missing_lines": [34, 35], "excluded_lines": []}, "DataWriter.step": {"executed_lines": [], "summary": {"covered_lines": 0, "num_statements": 3, "percent_covered": 0.0, "percent_covered_display": "0", "missing_lines": 3, "excluded_lines": 0}, "missing_lines": [39, 40, 41], "excluded_lines": []}, "DataWriter._dispatch_write": {"executed_lines": [], "summary": {"covered_lines": 0, "num_statements": 6, "percent_covered": 0.0, "percent_covered_display": "0", "missing_lines": 6, "excluded_lines": 0}, "missing_lines": [45, 46, 49, 50, 53, 54], "excluded_lines": []}, "DataWriter._write_batch_thread": {"executed_lines": [], "summary": {"covered_lines": 0, "num_statements": 3, "percent_covered": 0.0, "percent_covered_display": "0", "missing_lines": 3, "excluded_lines": 0}, "missing_lines": [58, 59, 60], "excluded_lines": []}, "DataWriter.close": {"executed_lines": [], "summary": {"covered_lines": 0, "num_statements": 2, "percent_covered": 0.0, "percent_covered_display": "0", "missing_lines": 2, "excluded_lines": 0}, "missing_lines": [64, 65], "excluded_lines": []}, "RunManager.__init__": {"executed_lines": [], "summary": {"covered_lines": 0, "num_statements": 4, "percent_covered": 0.0, "percent_covered_display": "0", "missing_lines": 4, "excluded_lines": 0}, "missing_lines": [77, 78, 79, 80], "excluded_lines": []}, "RunManager.__enter__": {"executed_lines": [], "summary": {"covered_lines": 0, "num_statements": 6, "percent_covered": 0.0, "percent_covered_display": "0", "missing_lines": 6, "excluded_lines": 0}, "missing_lines": [84, 85, 86, 87, 88, 89], "excluded_lines": []}, "RunManager.__exit__": {"executed_lines": [], "summary": {"covered_lines": 0, "num_statements": 1, "percent_covered": 0.0, "percent_covered_display": "0", "missing_lines": 1, "excluded_lines": 0}, "missing_lines": [93], "excluded_lines": []}, "": {"executed_lines": [1, 3, 4, 5, 6, 7, 9, 10, 11, 12, 14, 18, 19, 21, 32, 37, 43, 56, 62, 68, 69, 71, 82, 91], "summary": {"covered_lines": 21, "num_statements": 21, "percent_covered": 100.0, "percent_covered_display": "100", "missing_lines": 0, "excluded_lines": 2}, "missing_lines": [], "excluded_lines": [14, 15]}}, "classes": {"DataWriter": {"executed_lines": [], "summary": {"covered_lines": 0, "num_statements": 23, "percent_covered": 0.0, "percent_covered_display": "0", "missing_lines": 23, "excluded_lines": 0}, "missing_lines": [23, 24, 25, 26, 27, 28, 30, 34, 35, 39, 40, 41, 45, 46, 49, 50, 53, 54, 58, 59, 60, 64, 65], "excluded_lines": []}, "RunManager": {"executed_lines": [], "summary": {"covered_lines": 0, "num_statements": 11, "percent_covered": 0.0, "percent_covered_display": "0", "missing_lines": 11, "excluded_lines": 0}, "missing_lines": [77, 78, 79, 80, 84, 85, 86, 87, 88, 89, 93], "excluded_lines": []}, "": {"executed_lines": [1, 3, 4, 5, 6, 7, 9, 10, 11, 12, 14, 18, 19, 21, 32, 37, 43, 56, 62, 68, 69, 71, 82, 91], "summary": {"covered_lines": 21, "num_statements": 21, "percent_covered": 100.0, "percent_covered_display": "100", "missing_lines": 0, "excluded_lines": 2}, "missing_lines": [], "excluded_lines": [14, 15]}}}, "src/proteinsmc/models/__init__.py": {"executed_lines": [1, 3, 4, 5, 6, 7, 8, 9, 10, 11, 12, 23, 29], "summary": {"covered_lines": 12, "num_statements": 12, "percent_covered": 100.0, "percent_covered_display": "100", "missing_lines": 0, "excluded_lines": 0}, "missing_lines": [], "excluded_lines": [], "functions": {"": {"executed_lines": [1, 3, 4, 5, 6, 7, 8, 9, 10, 11, 12, 23, 29], "summary": {"covered_lines": 12, "num_statements": 12, "percent_covered": 100.0, "percent_covered_display": "100", "missing_lines": 0, "excluded_lines": 0}, "missing_lines": [], "excluded_lines": []}}, "classes": {"": {"executed_lines": [1, 3, 4, 5, 6, 7, 8, 9, 10, 11, 12, 23, 29], "summary": {"covered_lines": 12, "num_statements": 12, "percent_covered": 100.0, "percent_covered_display": "100", "missing_lines": 0, "excluded_lines": 0}, "missing_lines": [], "excluded_lines": []}}}, "src/proteinsmc/models/annealing.py": {"executed_lines": [1, 3, 5, 6, 9, 10, 12, 13, 16, 19, 20, 21, 31, 32, 33, 34, 35, 37, 39, 40, 41, 42, 45, 46, 47, 48, 49, 50, 51, 52, 53], "summary": {"covered_lines": 28, "num_statements": 30, "percent_covered": 93.33333333333333, "percent_covered_display": "93", "missing_lines": 2, "excluded_lines": 0}, "missing_lines": [43, 44], "excluded_lines": [], "functions": {"AnnealingConfig.__post_init__": {"executed_lines": [39, 40, 41, 42, 45, 46, 47, 48, 49, 50, 51, 52, 53], "summary": {"covered_lines": 13, "num_statements": 15, "percent_covered": 86.66666666666667, "percent_covered_display": "87", "missing_lines": 2, "excluded_lines": 0}, "missing_lines": [43, 44], "excluded_lines": []}, "": {"executed_lines": [1, 3, 5, 6, 9, 10, 12, 13, 16, 19, 20, 21, 31, 32, 33, 34, 35, 37], "summary": {"covered_lines": 15, "num_statements": 15, "percent_covered": 100.0, "percent_covered_display": "100", "missing_lines": 0, "excluded_lines": 0}, "missing_lines": [], "excluded_lines": []}}, "classes": {"AnnealingKwargs": {"executed_lines": [], "summary": {"covered_lines": 0, "num_statements": 0, "percent_covered": 100.0, "percent_covered_display": "100", "missing_lines": 0, "excluded_lines": 0}, "missing_lines": [], "excluded_lines": []}, "AnnealingConfig": {"executed_lines": [39, 40, 41, 42, 45, 46, 47, 48, 49, 50, 51, 52, 53], "summary": {"covered_lines": 13, "num_statements": 15, "percent_covered": 86.66666666666667, "percent_covered_display": "87", "missing_lines": 2, "excluded_lines": 0}, "missing_lines": [43, 44], "excluded_lines": []}, "": {"executed_lines": [1, 3, 5, 6, 9, 10, 12, 13, 16, 19, 20, 21, 31, 32, 33, 34, 35, 37], "summary": {"covered_lines": 15, "num_statements": 15, "percent_covered": 100.0, "percent_covered_display": "100", "missing_lines": 0, "excluded_lines": 0}, "missing_lines": [], "excluded_lines": []}}}, "src/proteinsmc/models/fitness.py": {"executed_lines": [1, 3, 5, 6, 8, 9, 11, 13, 14, 15, 16, 17, 18, 24, 25, 26, 28, 29, 30, 33, 35, 36, 37, 38, 39, 40, 41, 46, 47, 48, 50, 51, 53, 55, 58, 63, 64, 65, 67, 68, 72, 74, 78, 85], "summary": {"covered_lines": 40, "num_statements": 50, "percent_covered": 80.0, "percent_covered_display": "80", "missing_lines": 10, "excluded_lines": 0}, "missing_lines": [42, 43, 56, 57, 59, 60, 75, 76, 83, 87], "excluded_lines": [], "functions": {"FitnessFunction.__post_init__": {"executed_lines": [35, 36, 37, 38, 39, 40, 41], "summary": {"covered_lines": 7, "num_statements": 9, "percent_covered": 77.77777777777777, "percent_covered_display": "78", "missing_lines": 2, "excluded_lines": 0}, "missing_lines": [42, 43], "excluded_lines": []}, "CombineFunction.__post_init__": {"executed_lines": [55, 58], "summary": {"covered_lines": 2, "num_statements": 6, "percent_covered": 33.333333333333336, "percent_covered_display": "33", "missing_lines": 4, "excluded_lines": 0}, "missing_lines": [56, 57, 59, 60], "excluded_lines": []}, "FitnessEvaluator.__post_init__": {"executed_lines": [74], "summary": {"covered_lines": 1, "num_statements": 3, "percent_covered": 33.333333333333336, "percent_covered_display": "33", "missing_lines": 2, "excluded_lines": 0}, "missing_lines": [75, 76], "excluded_lines": []}, "FitnessEvaluator.get_functions_by_states": {"executed_lines": [], "summary": {"covered_lines": 0, "num_statements": 1, "percent_covered": 0.0, "percent_covered_display": "0", "missing_lines": 1, "excluded_lines": 0}, "missing_lines": [83], "excluded_lines": []}, "FitnessEvaluator.needs_translation": {"executed_lines": [], "summary": {"covered_lines": 0, "num_statements": 1, "percent_covered": 0.0, "percent_covered_display": "0", "missing_lines": 1, "excluded_lines": 0}, "missing_lines": [87], "excluded_lines": []}, "": {"executed_lines": [1, 3, 5, 6, 8, 9, 11, 13, 14, 15, 16, 17, 18, 24, 25, 26, 28, 29, 30, 33, 46, 47, 48, 50, 51, 53, 63, 64, 65, 67, 68, 72, 78, 85], "summary": {"covered_lines": 30, "num_statements": 30, "percent_covered": 100.0, "percent_covered_display": "100", "missing_lines": 0, "excluded_lines": 0}, "missing_lines": [], "excluded_lines": []}}, "classes": {"FitnessFunction": {"executed_lines": [35, 36, 37, 38, 39, 40, 41], "summary": {"covered_lines": 7, "num_statements": 9, "percent_covered": 77.77777777777777, "percent_covered_display": "78", "missing_lines": 2, "excluded_lines": 0}, "missing_lines": [42, 43], "excluded_lines": []}, "CombineFunction": {"executed_lines": [55, 58], "summary": {"covered_lines": 2, "num_statements": 6, "percent_covered": 33.333333333333336, "percent_covered_display": "33", "missing_lines": 4, "excluded_lines": 0}, "missing_lines": [56, 57, 59, 60], "excluded_lines": []}, "FitnessEvaluator": {"executed_lines": [74], "summary": {"covered_lines": 1, "num_statements": 5, "percent_covered": 20.0, "percent_covered_display": "20", "missing_lines": 4, "excluded_lines": 0}, "missing_lines": [75, 76, 83, 87], "excluded_lines": []}, "": {"executed_lines": [1, 3, 5, 6, 8, 9, 11, 13, 14, 15, 16, 17, 18, 24, 25, 26, 28, 29, 30, 33, 46, 47, 48, 50, 51, 53, 63, 64, 65, 67, 68, 72, 78, 85], "summary": {"covered_lines": 30, "num_statements": 30, "percent_covered": 100.0, "percent_covered_display": "100", "missing_lines": 0, "excluded_lines": 0}, "missing_lines": [], "excluded_lines": []}}}, "src/proteinsmc/models/gibbs.py": {"executed_lines": [1, 3, 5, 7, 8, 10, 11, 12, 14, 20, 21, 30, 31, 32, 35, 36], "summary": {"covered_lines": 13, "num_statements": 13, "percent_covered": 100.0, "percent_covered_display": "100", "missing_lines": 0, "excluded_lines": 0}, "missing_lines": [], "excluded_lines": [], "functions": {"": {"executed_lines": [1, 3, 5, 7, 8, 10, 11, 12, 14, 20, 21, 30, 31, 32, 35, 36], "summary": {"covered_lines": 13, "num_statements": 13, "percent_covered": 100.0, "percent_covered_display": "100", "missing_lines": 0, "excluded_lines": 0}, "missing_lines": [], "excluded_lines": []}}, "classes": {"GibbsState": {"executed_lines": [], "summary": {"covered_lines": 0, "num_statements": 0, "percent_covered": 100.0, "percent_covered_display": "100", "missing_lines": 0, "excluded_lines": 0}, "missing_lines": [], "excluded_lines": []}, "GibbsConfig": {"executed_lines": [], "summary": {"covered_lines": 0, "num_statements": 0, "percent_covered": 100.0, "percent_covered_display": "100", "missing_lines": 0, "excluded_lines": 0}, "missing_lines": [], "excluded_lines": []}, "": {"executed_lines": [1, 3, 5, 7, 8, 10, 11, 12, 14, 20, 21, 30, 31, 32, 35, 36], "summary": {"covered_lines": 13, "num_statements": 13, "percent_covered": 100.0, "percent_covered_display": "100", "missing_lines": 0, "excluded_lines": 0}, "missing_lines": [], "excluded_lines": []}}}, "src/proteinsmc/models/hmc.py": {"executed_lines": [1, 3, 5, 6, 8, 10, 12, 20, 21, 32, 33, 34, 35, 38, 39, 40, 49, 50, 51, 52], "summary": {"covered_lines": 16, "num_statements": 16, "percent_covered": 100.0, "percent_covered_display": "100", "missing_lines": 0, "excluded_lines": 5}, "missing_lines": [], "excluded_lines": [12, 13, 14, 16, 17], "functions": {"": {"executed_lines": [1, 3, 5, 6, 8, 10, 12, 20, 21, 32, 33, 34, 35, 38, 39, 40, 49, 50, 51, 52], "summary": {"covered_lines": 16, "num_statements": 16, "percent_covered": 100.0, "percent_covered_display": "100", "missing_lines": 0, "excluded_lines": 5}, "missing_lines": [], "excluded_lines": [12, 13, 14, 16, 17]}}, "classes": {"HMCState": {"executed_lines": [], "summary": {"covered_lines": 0, "num_statements": 0, "percent_covered": 100.0, "percent_covered_display": "100", "missing_lines": 0, "excluded_lines": 0}, "missing_lines": [], "excluded_lines": []}, "HMCConfig": {"executed_lines": [], "summary": {"covered_lines": 0, "num_statements": 0, "percent_covered": 100.0, "percent_covered_display": "100", "missing_lines": 0, "excluded_lines": 0}, "missing_lines": [], "excluded_lines": []}, "": {"executed_lines": [1, 3, 5, 6, 8, 10, 12, 20, 21, 32, 33, 34, 35, 38, 39, 40, 49, 50, 51, 52], "summary": {"covered_lines": 16, "num_statements": 16, "percent_covered": 100.0, "percent_covered_display": "100", "missing_lines": 0, "excluded_lines": 5}, "missing_lines": [], "excluded_lines": [12, 13, 14, 16, 17]}}}, "src/proteinsmc/models/mcmc.py": {"executed_lines": [1, 3, 5, 6, 8, 10, 12, 19, 22, 23, 24, 32, 35, 36, 47, 48, 49, 50], "summary": {"covered_lines": 14, "num_statements": 14, "percent_covered": 100.0, "percent_covered_display": "100", "missing_lines": 0, "excluded_lines": 5}, "missing_lines": [], "excluded_lines": [12, 13, 14, 16, 17], "functions": {"": {"executed_lines": [1, 3, 5, 6, 8, 10, 12, 19, 22, 23, 24, 32, 35, 36, 47, 48, 49, 50], "summary": {"covered_lines": 14, "num_statements": 14, "percent_covered": 100.0, "percent_covered_display": "100", "missing_lines": 0, "excluded_lines": 5}, "missing_lines": [], "excluded_lines": [12, 13, 14, 16, 17]}}, "classes": {"MCMCConfig": {"executed_lines": [], "summary": {"covered_lines": 0, "num_statements": 0, "percent_covered": 100.0, "percent_covered_display": "100", "missing_lines": 0, "excluded_lines": 0}, "missing_lines": [], "excluded_lines": []}, "MCMCState": {"executed_lines": [], "summary": {"covered_lines": 0, "num_statements": 0, "percent_covered": 100.0, "percent_covered_display": "100", "missing_lines": 0, "excluded_lines": 0}, "missing_lines": [], "excluded_lines": []}, "": {"executed_lines": [1, 3, 5, 6, 8, 10, 12, 19, 22, 23, 24, 32, 35, 36, 47, 48, 49, 50], "summary": {"covered_lines": 14, "num_statements": 14, "percent_covered": 100.0, "percent_covered_display": "100", "missing_lines": 0, "excluded_lines": 5}, "missing_lines": [], "excluded_lines": [12, 13, 14, 16, 17]}}}, "src/proteinsmc/models/memory.py": {"executed_lines": [1, 3, 5, 8, 9, 10, 12, 13, 14, 15, 16, 18, 20, 23, 26, 29, 33, 35, 36, 39, 44, 45, 46, 48, 49, 50, 51, 52], "summary": {"covered_lines": 25, "num_statements": 37, "percent_covered": 67.56756756756756, "percent_covered_display": "68", "missing_lines": 12, "excluded_lines": 0}, "missing_lines": [21, 22, 24, 25, 27, 28, 30, 31, 37, 38, 40, 41], "excluded_lines": [], "functions": {"MemoryConfig._validate_types": {"executed_lines": [20, 23, 26, 29], "summary": {"covered_lines": 4, "num_statements": 12, "percent_covered": 33.333333333333336, "percent_covered_display": "33", "missing_lines": 8, "excluded_lines": 0}, "missing_lines": [21, 22, 24, 25, 27, 28, 30, 31], "excluded_lines": []}, "MemoryConfig.__post_init__": {"executed_lines": [35, 36, 39], "summary": {"covered_lines": 3, "num_statements": 7, "percent_covered": 42.857142857142854, "percent_covered_display": "43", "missing_lines": 4, "excluded_lines": 0}, "missing_lines": [37, 38, 40, 41], "excluded_lines": []}, "": {"executed_lines": [1, 3, 5, 8, 9, 10, 12, 13, 14, 15, 16, 18, 33, 44, 45, 46, 48, 49, 50, 51, 52], "summary": {"covered_lines": 18, "num_statements": 18, "percent_covered": 100.0, "percent_covered_display": "100", "missing_lines": 0, "excluded_lines": 0}, "missing_lines": [], "excluded_lines": []}}, "classes": {"MemoryConfig": {"executed_lines": [20, 23, 26, 29, 35, 36, 39], "summary": {"covered_lines": 7, "num_statements": 19, "percent_covered": 36.8421052631579, "percent_covered_display": "37", "missing_lines": 12, "excluded_lines": 0}, "missing_lines": [21, 22, 24, 25, 27, 28, 30, 31, 37, 38, 40, 41], "excluded_lines": []}, "AutoTuningConfig": {"executed_lines": [], "summary": {"covered_lines": 0, "num_statements": 0, "percent_covered": 100.0, "percent_covered_display": "100", "missing_lines": 0, "excluded_lines": 0}, "missing_lines": [], "excluded_lines": []}, "": {"executed_lines": [1, 3, 5, 8, 9, 10, 12, 13, 14, 15, 16, 18, 33, 44, 45, 46, 48, 49, 50, 51, 52], "summary": {"covered_lines": 18, "num_statements": 18, "percent_covered": 100.0, "percent_covered_display": "100", "missing_lines": 0, "excluded_lines": 0}, "missing_lines": [], "excluded_lines": []}}}, "src/proteinsmc/models/mutation.py": {"executed_lines": [], "summary": {"covered_lines": 0, "num_statements": 5, "percent_covered": 0.0, "percent_covered_display": "0", "missing_lines": 5, "excluded_lines": 0}, "missing_lines": [3, 5, 7, 9, 11], "excluded_lines": [], "functions": {"": {"executed_lines": [], "summary": {"covered_lines": 0, "num_statements": 5, "percent_covered": 0.0, "percent_covered_display": "0", "missing_lines": 5, "excluded_lines": 0}, "missing_lines": [3, 5, 7, 9, 11], "excluded_lines": []}}, "classes": {"": {"executed_lines": [], "summary": {"covered_lines": 0, "num_statements": 5, "percent_covered": 0.0, "percent_covered_display": "0", "missing_lines": 5, "excluded_lines": 0}, "missing_lines": [3, 5, 7, 9, 11], "excluded_lines": []}}}, "src/proteinsmc/models/nk_landscape.py": {"executed_lines": [1, 3, 5, 6, 8, 10, 17, 18, 19, 28, 29, 30, 33, 34, 42, 43], "summary": {"covered_lines": 12, "num_statements": 12, "percent_covered": 100.0, "percent_covered_display": "100", "missing_lines": 0, "excluded_lines": 4}, "missing_lines": [], "excluded_lines": [10, 11, 13, 14], "functions": {"": {"executed_lines": [1, 3, 5, 6, 8, 10, 17, 18, 19, 28, 29, 30, 33, 34, 42, 43], "summary": {"covered_lines": 12, "num_statements": 12, "percent_covered": 100.0, "percent_covered_display": "100", "missing_lines": 0, "excluded_lines": 4}, "missing_lines": [], "excluded_lines": [10, 11, 13, 14]}}, "classes": {"NKLandscapeConfig": {"executed_lines": [], "summary": {"covered_lines": 0, "num_statements": 0, "percent_covered": 100.0, "percent_covered_display": "100", "missing_lines": 0, "excluded_lines": 0}, "missing_lines": [], "excluded_lines": []}, "NKLandscape": {"executed_lines": [], "summary": {"covered_lines": 0, "num_statements": 0, "percent_covered": 100.0, "percent_covered_display": "100", "missing_lines": 0, "excluded_lines": 0}, "missing_lines": [], "excluded_lines": []}, "": {"executed_lines": [1, 3, 5, 6, 8, 10, 17, 18, 19, 28, 29, 30, 33, 34, 42, 43], "summary": {"covered_lines": 12, "num_statements": 12, "percent_covered": 100.0, "percent_covered_display": "100", "missing_lines": 0, "excluded_lines": 4}, "missing_lines": [], "excluded_lines": [10, 11, 13, 14]}}}, "src/proteinsmc/models/nuts.py": {"executed_lines": [1, 3, 5, 6, 8, 10, 12, 20, 21, 32, 33, 34, 35, 38, 39, 40, 52, 53], "summary": {"covered_lines": 14, "num_statements": 14, "percent_covered": 100.0, "percent_covered_display": "100", "missing_lines": 0, "excluded_lines": 5}, "missing_lines": [], "excluded_lines": [12, 13, 14, 16, 17], "functions": {"": {"executed_lines": [1, 3, 5, 6, 8, 10, 12, 20, 21, 32, 33, 34, 35, 38, 39, 40, 52, 53], "summary": {"covered_lines": 14, "num_statements": 14, "percent_covered": 100.0, "percent_covered_display": "100", "missing_lines": 0, "excluded_lines": 5}, "missing_lines": [], "excluded_lines": [12, 13, 14, 16, 17]}}, "classes": {"NUTSState": {"executed_lines": [], "summary": {"covered_lines": 0, "num_statements": 0, "percent_covered": 100.0, "percent_covered_display": "100", "missing_lines": 0, "excluded_lines": 0}, "missing_lines": [], "excluded_lines": []}, "NUTSConfig": {"executed_lines": [], "summary": {"covered_lines": 0, "num_statements": 0, "percent_covered": 100.0, "percent_covered_display": "100", "missing_lines": 0, "excluded_lines": 0}, "missing_lines": [], "excluded_lines": []}, "": {"executed_lines": [1, 3, 5, 6, 8, 10, 12, 20, 21, 32, 33, 34, 35, 38, 39, 40, 52, 53], "summary": {"covered_lines": 14, "num_statements": 14, "percent_covered": 100.0, "percent_covered_display": "100", "missing_lines": 0, "excluded_lines": 5}, "missing_lines": [], "excluded_lines": [12, 13, 14, 16, 17]}}}, "src/proteinsmc/models/parallel_replica.py": {"executed_lines": [1, 3, 5, 6, 8, 10, 12, 23, 24, 25, 27, 28, 29, 30, 31, 32, 33, 34, 35, 38, 39, 40, 42, 43, 44, 45, 46, 47, 48, 49, 51, 53, 54, 57, 60, 63, 66, 71, 72, 74, 75, 76, 77, 78, 79, 80, 81, 82, 85, 86, 88, 89, 90, 91, 94, 95, 96, 98, 99, 100, 101, 102, 103, 104, 105, 107, 108, 120, 121], "summary": {"covered_lines": 62, "num_statements": 74, "percent_covered": 83.78378378378379, "percent_covered_display": "84", "missing_lines": 12, "excluded_lines": 7}, "missing_lines": [55, 56, 58, 59, 61, 62, 64, 65, 67, 68, 110, 123], "excluded_lines": [12, 13, 14, 15, 17, 19, 20], "functions": {"ParallelReplicaConfig.__post_init__": {"executed_lines": [53, 54, 57, 60, 63, 66], "summary": {"covered_lines": 6, "num_statements": 16, "percent_covered": 37.5, "percent_covered_display": "38", "missing_lines": 10, "excluded_lines": 0}, "missing_lines": [55, 56, 58, 59, 61, 62, 64, 65, 67, 68], "excluded_lines": []}, "PRSMCOutput.per_gen_stats_metrics": {"executed_lines": [], "summary": {"covered_lines": 0, "num_statements": 1, "percent_covered": 0.0, "percent_covered_display": "0", "missing_lines": 1, "excluded_lines": 0}, "missing_lines": [110], "excluded_lines": []}, "PRSMCOutput.output_type_name": {"executed_lines": [], "summary": {"covered_lines": 0, "num_statements": 1, "percent_covered": 0.0, "percent_covered_display": "0", "missing_lines": 1, "excluded_lines": 0}, "missing_lines": [123], "excluded_lines": []}, "": {"executed_lines": [1, 3, 5, 6, 8, 10, 12, 23, 24, 25, 27, 28, 29, 30, 31, 32, 33, 34, 35, 38, 39, 40, 42, 43, 44, 45, 46, 47, 48, 49, 51, 71, 72, 74, 75, 76, 77, 78, 79, 80, 81, 82, 85, 86, 88, 89, 90, 91, 94, 95, 96, 98, 99, 100, 101, 102, 103, 104, 105, 107, 108, 120, 121], "summary": {"covered_lines": 56, "num_statements": 56, "percent_covered": 100.0, "percent_covered_display": "100", "missing_lines": 0, "excluded_lines": 7}, "missing_lines": [], "excluded_lines": [12, 13, 14, 15, 17, 19, 20]}}, "classes": {"ExchangeConfig": {"executed_lines": [], "summary": {"covered_lines": 0, "num_statements": 0, "percent_covered": 100.0, "percent_covered_display": "100", "missing_lines": 0, "excluded_lines": 0}, "missing_lines": [], "excluded_lines": []}, "ParallelReplicaConfig": {"executed_lines": [53, 54, 57, 60, 63, 66], "summary": {"covered_lines": 6, "num_statements": 16, "percent_covered": 37.5, "percent_covered_display": "38", "missing_lines": 10, "excluded_lines": 0}, "missing_lines": [55, 56, 58, 59, 61, 62, 64, 65, 67, 68], "excluded_lines": []}, "IslandState": {"executed_lines": [], "summary": {"covered_lines": 0, "num_statements": 0, "percent_covered": 100.0, "percent_covered_display": "100", "missing_lines": 0, "excluded_lines": 0}, "missing_lines": [], "excluded_lines": []}, "PRSMCState": {"executed_lines": [], "summary": {"covered_lines": 0, "num_statements": 0, "percent_covered": 100.0, "percent_covered_display": "100", "missing_lines": 0, "excluded_lines": 0}, "missing_lines": [], "excluded_lines": []}, "PRSMCOutput": {"executed_lines": [], "summary": {"covered_lines": 0, "num_statements": 2, "percent_covered": 0.0, "percent_covered_display": "0", "missing_lines": 2, "excluded_lines": 0}, "missing_lines": [110, 123], "excluded_lines": []}, "": {"executed_lines": [1, 3, 5, 6, 8, 10, 12, 23, 24, 25, 27, 28, 29, 30, 31, 32, 33, 34, 35, 38, 39, 40, 42, 43, 44, 45, 46, 47, 48, 49, 51, 71, 72, 74, 75, 76, 77, 78, 79, 80, 81, 82, 85, 86, 88, 89, 90, 91, 94, 95, 96, 98, 99, 100, 101, 102, 103, 104, 105, 107, 108, 120, 121], "summary": {"covered_lines": 56, "num_statements": 56, "percent_covered": 100.0, "percent_covered_display": "100", "missing_lines": 0, "excluded_lines": 7}, "missing_lines": [], "excluded_lines": [12, 13, 14, 15, 17, 19, 20]}}}, "src/proteinsmc/models/sampler_base.py": {"executed_lines": [1, 3, 5, 6, 7, 9, 10, 11, 13, 15, 24, 27, 28, 29, 34, 35, 37, 38, 41, 42, 46, 47, 49, 51, 54, 56, 57, 58, 59, 60, 61, 67, 70, 71, 73, 75, 81, 84, 87, 90, 93, 96, 104, 112, 116, 118, 121, 124, 127, 133, 135, 136, 137, 139, 141, 142, 145, 146, 147, 148, 151, 174, 175, 180, 181, 184, 190, 195, 196, 197, 199, 200, 201, 203, 204], "summary": {"covered_lines": 71, "num_statements": 111, "percent_covered": 63.96396396396396, "percent_covered_display": "64", "missing_lines": 40, "excluded_lines": 7}, "missing_lines": [79, 80, 82, 83, 85, 86, 88, 89, 91, 92, 94, 95, 102, 103, 110, 111, 113, 114, 119, 120, 122, 123, 125, 126, 130, 131, 149, 150, 154, 155, 159, 161, 162, 163, 164, 165, 166, 170, 172, 177], "excluded_lines": [15, 16, 17, 18, 19, 20, 21], "functions": {"BaseSamplerConfig._validate_types": {"executed_lines": [75, 81, 84, 87, 90, 93, 96, 104, 112], "summary": {"covered_lines": 9, "num_statements": 27, "percent_covered": 33.333333333333336, "percent_covered_display": "33", "missing_lines": 18, "excluded_lines": 0}, "missing_lines": [79, 80, 82, 83, 85, 86, 88, 89, 91, 92, 94, 95, 102, 103, 110, 111, 113, 114], "excluded_lines": []}, "BaseSamplerConfig._check_values": {"executed_lines": [118, 121, 124, 127], "summary": {"covered_lines": 4, "num_statements": 12, "percent_covered": 33.333333333333336, "percent_covered_display": "33", "missing_lines": 8, "excluded_lines": 0}, "missing_lines": [119, 120, 122, 123, 125, 126, 130, 131], "excluded_lines": []}, "BaseSamplerConfig.__post_init__": {"executed_lines": [135, 136, 137], "summary": {"covered_lines": 3, "num_statements": 3, "percent_covered": 100.0, "percent_covered_display": "100", "missing_lines": 0, "excluded_lines": 0}, "missing_lines": [], "excluded_lines": []}, "BaseSamplerConfig._initialize_device_mesh": {"executed_lines": [141, 142, 145, 146, 147, 148, 151], "summary": {"covered_lines": 7, "num_statements": 20, "percent_covered": 35.0, "percent_covered_display": "35", "missing_lines": 13, "excluded_lines": 0}, "missing_lines": [149, 150, 154, 155, 159, 161, 162, 163, 164, 165, 166, 170, 172], "excluded_lines": []}, "BaseSamplerConfig.additional_config_fields": {"executed_lines": [], "summary": {"covered_lines": 0, "num_statements": 1, "percent_covered": 0.0, "percent_covered_display": "0", "missing_lines": 1, "excluded_lines": 0}, "missing_lines": [177], "excluded_lines": []}, "config_to_jax": {"executed_lines": [195, 196, 197, 199, 200, 201, 203, 204], "summary": {"covered_lines": 8, "num_statements": 8, "percent_covered": 100.0, "percent_covered_display": "100", "missing_lines": 0, "excluded_lines": 0}, "missing_lines": [], "excluded_lines": []}, "": {"executed_lines": [1, 3, 5, 6, 7, 9, 10, 11, 13, 15, 24, 27, 28, 29, 34, 35, 37, 38, 41, 42, 46, 47, 49, 51, 54, 56, 57, 58, 59, 60, 61, 67, 70, 71, 73, 116, 133, 139, 174, 175, 180, 181, 184, 190], "summary": {"covered_lines": 40, "num_statements": 40, "percent_covered": 100.0, "percent_covered_display": "100", "missing_lines": 0, "excluded_lines": 7}, "missing_lines": [], "excluded_lines": [15, 16, 17, 18, 19, 20, 21]}}, "classes": {"BaseSamplerConfig": {"executed_lines": [75, 81, 84, 87, 90, 93, 96, 104, 112, 118, 121, 124, 127, 135, 136, 137, 141, 142, 145, 146, 147, 148, 151], "summary": {"covered_lines": 23, "num_statements": 63, "percent_covered": 36.507936507936506, "percent_covered_display": "37", "missing_lines": 40, "excluded_lines": 0}, "missing_lines": [79, 80, 82, 83, 85, 86, 88, 89, 91, 92, 94, 95, 102, 103, 110, 111, 113, 114, 119, 120, 122, 123, 125, 126, 130, 131, 149, 150, 154, 155, 159, 161, 162, 163, 164, 165, 166, 170, 172, 177], "excluded_lines": []}, "SamplerOutputProtocol": {"executed_lines": [], "summary": {"covered_lines": 0, "num_statements": 0, "percent_covered": 100.0, "percent_covered_display": "100", "missing_lines": 0, "excluded_lines": 0}, "missing_lines": [], "excluded_lines": []}, "": {"executed_lines": [1, 3, 5, 6, 7, 9, 10, 11, 13, 15, 24, 27, 28, 29, 34, 35, 37, 38, 41, 42, 46, 47, 49, 51, 54, 56, 57, 58, 59, 60, 61, 67, 70, 71, 73, 116, 133, 139, 174, 175, 180, 181, 184, 190, 195, 196, 197, 199, 200, 201, 203, 204], "summary": {"covered_lines": 48, "num_statements": 48, "percent_covered": 100.0, "percent_covered_display": "100", "missing_lines": 0, "excluded_lines": 7}, "missing_lines": [], "excluded_lines": [15, 16, 17, 18, 19, 20, 21]}}}, "src/proteinsmc/models/smc.py": {"executed_lines": [1, 3, 5, 6, 7, 9, 10, 11, 12, 13, 14, 15, 17, 19, 23, 24, 25, 26, 27, 28, 29, 30, 32, 34, 39, 40, 42, 43, 44, 45, 46, 47, 48, 49, 50, 51, 54, 55, 56, 58, 59, 60, 61, 64, 65, 66, 69, 70, 71, 73, 75, 78, 80, 82, 83, 86, 88, 89, 96, 97, 99, 100, 101, 102, 103, 104, 105, 106, 107, 108, 111, 112, 113, 115, 116, 117, 118, 119, 120, 121, 122, 124, 125, 136, 137, 144, 145], "summary": {"covered_lines": 81, "num_statements": 89, "percent_covered": 91.01123595505618, "percent_covered_display": "91", "missing_lines": 8, "excluded_lines": 2}, "missing_lines": [76, 77, 84, 85, 91, 127, 139, 147], "excluded_lines": [19, 20], "functions": {"SMCConfig._validate_types": {"executed_lines": [75, 78], "summary": {"covered_lines": 2, "num_statements": 4, "percent_covered": 50.0, "percent_covered_display": "50", "missing_lines": 2, "excluded_lines": 0}, "missing_lines": [76, 77], "excluded_lines": []}, "SMCConfig.__post_init__": {"executed_lines": [82, 83, 86], "summary": {"covered_lines": 3, "num_statements": 5, "percent_covered": 60.0, "percent_covered_display": "60", "missing_lines": 2, "excluded_lines": 0}, "missing_lines": [84, 85], "excluded_lines": []}, "SMCConfig.additional_config_fields": {"executed_lines": [], "summary": {"covered_lines": 0, "num_statements": 1, "percent_covered": 0.0, "percent_covered_display": "0", "missing_lines": 1, "excluded_lines": 0}, "missing_lines": [91], "excluded_lines": []}, "SMCOutput.per_gen_stats_metrics": {"executed_lines": [], "summary": {"covered_lines": 0, "num_statements": 1, "percent_covered": 0.0, "percent_covered_display": "0", "missing_lines": 1, "excluded_lines": 0}, "missing_lines": [127], "excluded_lines": []}, "SMCOutput.summary_stats_metrics": {"executed_lines": [], "summary": {"covered_lines": 0, "num_statements": 1, "percent_covered": 0.0, "percent_covered_display": "0", "missing_lines": 1, "excluded_lines": 0}, "missing_lines": [139], "excluded_lines": []}, "SMCOutput.output_type_name": {"executed_lines": [], "summary": {"covered_lines": 0, "num_statements": 1, "percent_covered": 0.0, "percent_covered_display": "0", "missing_lines": 1, "excluded_lines": 0}, "missing_lines": [147], "excluded_lines": []}, "": {"executed_lines": [1, 3, 5, 6, 7, 9, 10, 11, 12, 13, 14, 15, 17, 19, 23, 24, 25, 26, 27, 28, 29, 30, 32, 34, 39, 40, 42, 43, 44, 45, 46, 47, 48, 49, 50, 51, 54, 55, 56, 58, 59, 60, 61, 64, 65, 66, 69, 70, 71, 73, 80, 88, 89, 96, 97, 99, 100, 101, 102, 103, 104, 105, 106, 107, 108, 111, 112, 113, 115, 116, 117, 118, 119, 120, 121, 122, 124, 125, 136, 137, 144, 145], "summary": {"covered_lines": 76, "num_statements": 76, "percent_covered": 100.0, "percent_covered_display": "100", "missing_lines": 0, "excluded_lines": 2}, "missing_lines": [], "excluded_lines": [19, 20]}}, "classes": {"SMCAlgorithm": {"executed_lines": [], "summary": {"covered_lines": 0, "num_statements": 0, "percent_covered": 100.0, "percent_covered_display": "100", "missing_lines": 0, "excluded_lines": 0}, "missing_lines": [], "excluded_lines": []}, "SMCConfig": {"executed_lines": [75, 78, 82, 83, 86], "summary": {"covered_lines": 5, "num_statements": 10, "percent_covered": 50.0, "percent_covered_display": "50", "missing_lines": 5, "excluded_lines": 0}, "missing_lines": [76, 77, 84, 85, 91], "excluded_lines": []}, "SMCState": {"executed_lines": [], "summary": {"covered_lines": 0, "num_statements": 0, "percent_covered": 100.0, "percent_covered_display": "100", "missing_lines": 0, "excluded_lines": 0}, "missing_lines": [], "excluded_lines": []}, "SMCOutput": {"executed_lines": [], "summary": {"covered_lines": 0, "num_statements": 3, "percent_covered": 0.0, "percent_covered_display": "0", "missing_lines": 3, "excluded_lines": 0}, "missing_lines": [127, 139, 147], "excluded_lines": []}, "": {"executed_lines": [1, 3, 5, 6, 7, 9, 10, 11, 12, 13, 14, 15, 17, 19, 23, 24, 25, 26, 27, 28, 29, 30, 32, 34, 39, 40, 42, 43, 44, 45, 46, 47, 48, 49, 50, 51, 54, 55, 56, 58, 59, 60, 61, 64, 65, 66, 69, 70, 71, 73, 80, 88, 89, 96, 97, 99, 100, 101, 102, 103, 104, 105, 106, 107, 108, 111, 112, 113, 115, 116, 117, 118, 119, 120, 121, 122, 124, 125, 136, 137, 144, 145], "summary": {"covered_lines": 76, "num_statements": 76, "percent_covered": 100.0, "percent_covered_display": "100", "missing_lines": 0, "excluded_lines": 2}, "missing_lines": [], "excluded_lines": [19, 20]}}}, "src/proteinsmc/models/translation.py": {"executed_lines": [], "summary": {"covered_lines": 0, "num_statements": 8, "percent_covered": 0.0, "percent_covered_display": "0", "missing_lines": 8, "excluded_lines": 2}, "missing_lines": [3, 5, 7, 13, 16, 17, 18, 21], "excluded_lines": [9, 10], "functions": {"": {"executed_lines": [], "summary": {"covered_lines": 0, "num_statements": 8, "percent_covered": 0.0, "percent_covered_display": "0", "missing_lines": 8, "excluded_lines": 2}, "missing_lines": [3, 5, 7, 13, 16, 17, 18, 21], "excluded_lines": [9, 10]}}, "classes": {"TranslateKwargs": {"executed_lines": [], "summary": {"covered_lines": 0, "num_statements": 0, "percent_covered": 100.0, "percent_covered_display": "100", "missing_lines": 0, "excluded_lines": 0}, "missing_lines": [], "excluded_lines": []}, "": {"executed_lines": [], "summary": {"covered_lines": 0, "num_statements": 8, "percent_covered": 0.0, "percent_covered_display": "0", "missing_lines": 8, "excluded_lines": 2}, "missing_lines": [3, 5, 7, 13, 16, 17, 18, 21], "excluded_lines": [9, 10]}}}, "src/proteinsmc/models/types.py": {"executed_lines": [1, 8, 10, 12, 14, 15, 18, 19, 22, 23, 26, 27, 30, 31, 36, 39, 40, 43, 44, 49], "summary": {"covered_lines": 15, "num_statements": 15, "percent_covered": 100.0, "percent_covered_display": "100", "missing_lines": 0, "excluded_lines": 4}, "missing_lines": [], "excluded_lines": [35, 36, 48, 49], "functions": {"Vmapped.__call__": {"executed_lines": [36], "summary": {"covered_lines": 0, "num_statements": 0, "percent_covered": 100.0, "percent_covered_display": "100", "missing_lines": 0, "excluded_lines": 1}, "missing_lines": [], "excluded_lines": [36]}, "VmappedTranslation.__call__": {"executed_lines": [49], "summary": {"covered_lines": 0, "num_statements": 0, "percent_covered": 100.0, "percent_covered_display": "100", "missing_lines": 0, "excluded_lines": 1}, "missing_lines": [], "excluded_lines": [49]}, "": {"executed_lines": [1, 8, 10, 12, 14, 15, 18, 19, 22, 23, 26, 27, 30, 31, 39, 40, 43, 44], "summary": {"covered_lines": 15, "num_statements": 15, "percent_covered": 100.0, "percent_covered_display": "100", "missing_lines": 0, "excluded_lines": 2}, "missing_lines": [], "excluded_lines": [35, 48]}}, "classes": {"Vmapped": {"executed_lines": [36], "summary": {"covered_lines": 0, "num_statements": 0, "percent_covered": 100.0, "percent_covered_display": "100", "missing_lines": 0, "excluded_lines": 1}, "missing_lines": [], "excluded_lines": [36]}, "VmappedTranslation": {"executed_lines": [49], "summary": {"covered_lines": 0, "num_statements": 0, "percent_covered": 100.0, "percent_covered_display": "100", "missing_lines": 0, "excluded_lines": 1}, "missing_lines": [], "excluded_lines": [49]}, "": {"executed_lines": [1, 8, 10, 12, 14, 15, 18, 19, 22, 23, 26, 27, 30, 31, 39, 40, 43, 44], "summary": {"covered_lines": 15, "num_statements": 15, "percent_covered": 100.0, "percent_covered_display": "100", "missing_lines": 0, "excluded_lines": 2}, "missing_lines": [], "excluded_lines": [35, 48]}}}, "src/proteinsmc/runner.py": {"executed_lines": [1, 3, 5, 6, 7, 8, 10, 11, 13, 14, 22, 28, 29, 32, 33, 34, 35, 36, 37, 38, 40, 45, 50, 78, 79, 82, 87, 90, 91, 97, 98, 101, 104, 105, 107, 111, 114, 118, 123, 126, 133, 136, 139, 158, 161, 163, 164, 168, 170, 171, 172, 176, 178, 181, 183, 185, 189, 190, 193, 194, 195, 215, 216, 219, 221, 224, 225, 228, 231, 232, 238, 239, 244, 245, 246, 267, 268, 275, 276, 279, 281, 282, 283, 285, 286, 287, 290, 296, 298, 299, 300, 301, 302, 304], "summary": {"covered_lines": 92, "num_statements": 97, "percent_covered": 94.84536082474227, "percent_covered_display": "95", "missing_lines": 5, "excluded_lines": 4}, "missing_lines": [112, 150, 156, 191, 291], "excluded_lines": [40, 41, 42, 43], "functions": {"_setup_fitness_function": {"executed_lines": [87, 90, 91, 97, 98, 101, 104, 105, 107, 111, 114, 118, 123, 126, 133], "summary": {"covered_lines": 15, "num_statements": 16, "percent_covered": 93.75, "percent_covered_display": "94", "missing_lines": 1, "excluded_lines": 0}, "missing_lines": [112], "excluded_lines": []}, "_setup_mutation_function": {"executed_lines": [139, 158], "summary": {"covered_lines": 2, "num_statements": 2, "percent_covered": 100.0, "percent_covered_display": "100", "missing_lines": 0, "excluded_lines": 0}, "missing_lines": [], "excluded_lines": []}, "_setup_mutation_function.mutation_fn": {"executed_lines": [], "summary": {"covered_lines": 0, "num_statements": 2, "percent_covered": 0.0, "percent_covered_display": "0", "missing_lines": 2, "excluded_lines": 0}, "missing_lines": [150, 156], "excluded_lines": []}, "_validate_config": {"executed_lines": [163, 164, 168, 170, 171, 172, 176, 178], "summary": {"covered_lines": 8, "num_statements": 8, "percent_covered": 100.0, "percent_covered_display": "100", "missing_lines": 0, "excluded_lines": 0}, "missing_lines": [], "excluded_lines": []}, "_get_inputs": {"executed_lines": [183, 185, 193, 194, 195, 215, 216], "summary": {"covered_lines": 7, "num_statements": 7, "percent_covered": 100.0, "percent_covered_display": "100", "missing_lines": 0, "excluded_lines": 0}, "missing_lines": [], "excluded_lines": []}, "_get_inputs._convert_to_list": {"executed_lines": [189, 190], "summary": {"covered_lines": 2, "num_statements": 3, "percent_covered": 66.66666666666667, "percent_covered_display": "67", "missing_lines": 1, "excluded_lines": 0}, "missing_lines": [191], "excluded_lines": []}, "run_experiment": {"executed_lines": [221, 224, 225, 228, 231, 232, 238, 239, 244, 245, 246, 267, 268, 275, 276, 279, 281, 282, 283, 285, 286, 287, 290, 296, 298, 299, 300, 301, 302, 304], "summary": {"covered_lines": 30, "num_statements": 31, "percent_covered": 96.7741935483871, "percent_covered_display": "97", "missing_lines": 1, "excluded_lines": 0}, "missing_lines": [291], "excluded_lines": []}, "": {"executed_lines": [1, 3, 5, 6, 7, 8, 10, 11, 13, 14, 22, 28, 29, 32, 33, 34, 35, 36, 37, 38, 40, 45, 50, 78, 79, 82, 136, 161, 181, 219], "summary": {"covered_lines": 28, "num_statements": 28, "percent_covered": 100.0, "percent_covered_display": "100", "missing_lines": 0, "excluded_lines": 4}, "missing_lines": [], "excluded_lines": [40, 41, 42, 43]}}, "classes": {"": {"executed_lines": [1, 3, 5, 6, 7, 8, 10, 11, 13, 14, 22, 28, 29, 32, 33, 34, 35, 36, 37, 38, 40, 45, 50, 78, 79, 82, 87, 90, 91, 97, 98, 101, 104, 105, 107, 111, 114, 118, 123, 126, 133, 136, 139, 158, 161, 163, 164, 168, 170, 171, 172, 176, 178, 181, 183, 185, 189, 190, 193, 194, 195, 215, 216, 219, 221, 224, 225, 228, 231, 232, 238, 239, 244, 245, 246, 267, 268, 275, 276, 279, 281, 282, 283, 285, 286, 287, 290, 296, 298, 299, 300, 301, 302, 304], "summary": {"covered_lines": 92, "num_statements": 97, "percent_covered": 94.84536082474227, "percent_covered_display": "95", "missing_lines": 5, "excluded_lines": 4}, "missing_lines": [112, 150, 156, 191, 291], "excluded_lines": [40, 41, 42, 43]}}}, "src/proteinsmc/sampling/__init__.py": {"executed_lines": [1, 3, 4, 5, 6, 7, 8, 9, 11], "summary": {"covered_lines": 8, "num_statements": 8, "percent_covered": 100.0, "percent_covered_display": "100", "missing_lines": 0, "excluded_lines": 0}, "missing_lines": [], "excluded_lines": [], "functions": {"": {"executed_lines": [1, 3, 4, 5, 6, 7, 8, 9, 11], "summary": {"covered_lines": 8, "num_statements": 8, "percent_covered": 100.0, "percent_covered_display": "100", "missing_lines": 0, "excluded_lines": 0}, "missing_lines": [], "excluded_lines": []}}, "classes": {"": {"executed_lines": [1, 3, 4, 5, 6, 7, 8, 9, 11], "summary": {"covered_lines": 8, "num_statements": 8, "percent_covered": 100.0, "percent_covered_display": "100", "missing_lines": 0, "excluded_lines": 0}, "missing_lines": [], "excluded_lines": []}}}, "src/proteinsmc/sampling/gibbs.py": {"executed_lines": [1, 3, 5, 6, 8, 9, 10, 12, 14, 20, 23, 30, 81, 82], "summary": {"covered_lines": 12, "num_statements": 45, "percent_covered": 26.666666666666668, "percent_covered_display": "27", "missing_lines": 33, "excluded_lines": 4}, "missing_lines": [25, 26, 27, 52, 53, 54, 56, 59, 64, 65, 66, 67, 68, 69, 70, 71, 73, 75, 76, 77, 78, 104, 105, 107, 108, 109, 110, 112, 117, 118, 119, 121, 122], "excluded_lines": [14, 15, 17, 18], "functions": {"initialize_gibbs_state": {"executed_lines": [], "summary": {"covered_lines": 0, "num_statements": 3, "percent_covered": 0.0, "percent_covered_display": "0", "missing_lines": 3, "excluded_lines": 0}, "missing_lines": [25, 26, 27], "excluded_lines": []}, "make_gibbs_update_fns": {"executed_lines": [], "summary": {"covered_lines": 0, "num_statements": 8, "percent_covered": 0.0, "percent_covered_display": "0", "missing_lines": 8, "excluded_lines": 0}, "missing_lines": [52, 53, 54, 56, 75, 76, 77, 78], "excluded_lines": []}, "make_gibbs_update_fns.update_fn_factory": {"executed_lines": [], "summary": {"covered_lines": 0, "num_statements": 2, "percent_covered": 0.0, "percent_covered_display": "0", "missing_lines": 2, "excluded_lines": 0}, "missing_lines": [59, 73], "excluded_lines": []}, "make_gibbs_update_fns.update_fn_factory.update_fn": {"executed_lines": [], "summary": {"covered_lines": 0, "num_statements": 8, "percent_covered": 0.0, "percent_covered_display": "0", "missing_lines": 8, "excluded_lines": 0}, "missing_lines": [64, 65, 66, 67, 68, 69, 70, 71], "excluded_lines": []}, "run_gibbs_loop": {"executed_lines": [], "summary": {"covered_lines": 0, "num_statements": 3, "percent_covered": 0.0, "percent_covered_display": "0", "missing_lines": 3, "excluded_lines": 0}, "missing_lines": [104, 121, 122], "excluded_lines": []}, "run_gibbs_loop.body_fn": {"executed_lines": [], "summary": {"covered_lines": 0, "num_statements": 9, "percent_covered": 0.0, "percent_covered_display": "0", "missing_lines": 9, "excluded_lines": 0}, "missing_lines": [105, 107, 108, 109, 110, 112, 117, 118, 119], "excluded_lines": []}, "": {"executed_lines": [1, 3, 5, 6, 8, 9, 10, 12, 14, 20, 23, 30, 81, 82], "summary": {"covered_lines": 12, "num_statements": 12, "percent_covered": 100.0, "percent_covered_display": "100", "missing_lines": 0, "excluded_lines": 4}, "missing_lines": [], "excluded_lines": [14, 15, 17, 18]}}, "classes": {"": {"executed_lines": [1, 3, 5, 6, 8, 9, 10, 12, 14, 20, 23, 30, 81, 82], "summary": {"covered_lines": 12, "num_statements": 45, "percent_covered": 26.666666666666668, "percent_covered_display": "27", "missing_lines": 33, "excluded_lines": 4}, "missing_lines": [25, 26, 27, 52, 53, 54, 56, 59, 64, 65, 66, 67, 68, 69, 70, 71, 73, 75, 76, 77, 78, 104, 105, 107, 108, 109, 110, 112, 117, 118, 119, 121, 122], "excluded_lines": [14, 15, 17, 18]}}}, "src/proteinsmc/sampling/hmc.py": {"executed_lines": [1, 3, 5, 7, 8, 10, 11, 13, 20, 23, 24], "summary": {"covered_lines": 9, "num_statements": 17, "percent_covered": 52.94117647058823, "percent_covered_display": "53", "missing_lines": 8, "excluded_lines": 4}, "missing_lines": [42, 44, 46, 51, 57, 59, 60, 61], "excluded_lines": [13, 14, 16, 17], "functions": {"run_hmc_loop": {"executed_lines": [], "summary": {"covered_lines": 0, "num_statements": 5, "percent_covered": 0.0, "percent_covered_display": "0", "missing_lines": 5, "excluded_lines": 0}, "missing_lines": [42, 44, 59, 60, 61], "excluded_lines": []}, "run_hmc_loop.one_step": {"executed_lines": [], "summary": {"covered_lines": 0, "num_statements": 3, "percent_covered": 0.0, "percent_covered_display": "0", "missing_lines": 3, "excluded_lines": 0}, "missing_lines": [46, 51, 57], "excluded_lines": []}, "": {"executed_lines": [1, 3, 5, 7, 8, 10, 11, 13, 20, 23, 24], "summary": {"covered_lines": 9, "num_statements": 9, "percent_covered": 100.0, "percent_covered_display": "100", "missing_lines": 0, "excluded_lines": 4}, "missing_lines": [], "excluded_lines": [13, 14, 16, 17]}}, "classes": {"": {"executed_lines": [1, 3, 5, 7, 8, 10, 11, 13, 20, 23, 24], "summary": {"covered_lines": 9, "num_statements": 17, "percent_covered": 52.94117647058823, "percent_covered_display": "53", "missing_lines": 8, "excluded_lines": 4}, "missing_lines": [42, 44, 46, 51, 57, 59, 60, 61], "excluded_lines": [13, 14, 16, 17]}}}, "src/proteinsmc/sampling/initialization_factory.py": {"executed_lines": [1, 7, 9, 11, 12, 13, 14, 15, 16, 17, 18, 20, 21, 22, 23, 27, 28, 29, 30, 32, 38, 41, 42, 145, 176, 231, 269], "summary": {"covered_lines": 25, "num_statements": 97, "percent_covered": 25.77319587628866, "percent_covered_display": "26", "missing_lines": 72, "excluded_lines": 4}, "missing_lines": [89, 95, 96, 103, 104, 105, 106, 113, 114, 115, 116, 121, 122, 128, 133, 141, 142, 151, 152, 153, 154, 155, 156, 157, 158, 159, 160, 161, 162, 163, 164, 168, 198, 199, 205, 206, 207, 208, 209, 210, 211, 212, 216, 217, 218, 219, 220, 221, 222, 223, 224, 225, 226, 227, 228, 251, 253, 260, 295, 298, 299, 301, 306, 315, 316, 317, 318, 319, 320, 325, 328, 339], "excluded_lines": [32, 33, 35, 36], "functions": {"initialize_sampler_state": {"executed_lines": [], "summary": {"covered_lines": 0, "num_statements": 17, "percent_covered": 0.0, "percent_covered_display": "0", "missing_lines": 17, "excluded_lines": 0}, "missing_lines": [89, 95, 96, 103, 104, 105, 106, 113, 114, 115, 116, 121, 122, 128, 133, 141, 142], "excluded_lines": []}, "_initialize_single_state": {"executed_lines": [], "summary": {"covered_lines": 0, "num_statements": 15, "percent_covered": 0.0, "percent_covered_display": "0", "missing_lines": 15, "excluded_lines": 0}, "missing_lines": [151, 152, 153, 154, 155, 156, 157, 158, 159, 160, 161, 162, 163, 164, 168], "excluded_lines": []}, "_initialize_blackjax_smc_state": {"executed_lines": [], "summary": {"covered_lines": 0, "num_statements": 23, "percent_covered": 0.0, "percent_covered_display": "0", "missing_lines": 23, "excluded_lines": 0}, "missing_lines": [198, 199, 205, 206, 207, 208, 209, 210, 211, 212, 216, 217, 218, 219, 220, 221, 222, 223, 224, 225, 226, 227, 228], "excluded_lines": []}, "_initialize_smc_state": {"executed_lines": [], "summary": {"covered_lines": 0, "num_statements": 3, "percent_covered": 0.0, "percent_covered_display": "0", "missing_lines": 3, "excluded_lines": 0}, "missing_lines": [251, 253, 260], "excluded_lines": []}, "_initialize_prsmc_state": {"executed_lines": [], "summary": {"covered_lines": 0, "num_statements": 14, "percent_covered": 0.0, "percent_covered_display": "0", "missing_lines": 14, "excluded_lines": 0}, "missing_lines": [295, 298, 299, 301, 306, 315, 316, 317, 318, 319, 320, 325, 328, 339], "excluded_lines": []}, "": {"executed_lines": [1, 7, 9, 11, 12, 13, 14, 15, 16, 17, 18, 20, 21, 22, 23, 27, 28, 29, 30, 32, 38, 41, 42, 145, 176, 231, 269], "summary": {"covered_lines": 25, "num_statements": 25, "percent_covered": 100.0, "percent_covered_display": "100", "missing_lines": 0, "excluded_lines": 4}, "missing_lines": [], "excluded_lines": [32, 33, 35, 36]}}, "classes": {"": {"executed_lines": [1, 7, 9, 11, 12, 13, 14, 15, 16, 17, 18, 20, 21, 22, 23, 27, 28, 29, 30, 32, 38, 41, 42, 145, 176, 231, 269], "summary": {"covered_lines": 25, "num_statements": 97, "percent_covered": 25.77319587628866, "percent_covered_display": "26", "missing_lines": 72, "excluded_lines": 4}, "missing_lines": [89, 95, 96, 103, 104, 105, 106, 113, 114, 115, 116, 121, 122, 128, 133, 141, 142, 151, 152, 153, 154, 155, 156, 157, 158, 159, 160, 161, 162, 163, 164, 168, 198, 199, 205, 206, 207, 208, 209, 210, 211, 212, 216, 217, 218, 219, 220, 221, 222, 223, 224, 225, 226, 227, 228, 251, 253, 260, 295, 298, 299, 301, 306, 315, 316, 317, 318, 319, 320, 325, 328, 339], "excluded_lines": [32, 33, 35, 36]}}}, "src/proteinsmc/sampling/mcmc.py": {"executed_lines": [1, 3, 5, 7, 8, 10, 12, 19], "summary": {"covered_lines": 6, "num_statements": 14, "percent_covered": 42.857142857142854, "percent_covered_display": "43", "missing_lines": 8, "excluded_lines": 4}, "missing_lines": [26, 28, 30, 36, 42, 44, 45, 46], "excluded_lines": [12, 13, 15, 16], "functions": {"run_mcmc_loop": {"executed_lines": [], "summary": {"covered_lines": 0, "num_statements": 5, "percent_covered": 0.0, "percent_covered_display": "0", "missing_lines": 5, "excluded_lines": 0}, "missing_lines": [26, 28, 44, 45, 46], "excluded_lines": []}, "run_mcmc_loop.one_step": {"executed_lines": [], "summary": {"covered_lines": 0, "num_statements": 3, "percent_covered": 0.0, "percent_covered_display": "0", "missing_lines": 3, "excluded_lines": 0}, "missing_lines": [30, 36, 42], "excluded_lines": []}, "": {"executed_lines": [1, 3, 5, 7, 8, 10, 12, 19], "summary": {"covered_lines": 6, "num_statements": 6, "percent_covered": 100.0, "percent_covered_display": "100", "missing_lines": 0, "excluded_lines": 4}, "missing_lines": [], "excluded_lines": [12, 13, 15, 16]}}, "classes": {"": {"executed_lines": [1, 3, 5, 7, 8, 10, 12, 19], "summary": {"covered_lines": 6, "num_statements": 14, "percent_covered": 42.857142857142854, "percent_covered_display": "43", "missing_lines": 8, "excluded_lines": 4}, "missing_lines": [26, 28, 30, 36, 42, 44, 45, 46], "excluded_lines": [12, 13, 15, 16]}}}, "src/proteinsmc/sampling/nk_landscape.py": {"executed_lines": [1, 7, 9, 10, 11, 13, 14, 15, 16, 18, 20, 23, 25, 26, 27, 28, 31, 32, 33, 42, 44, 48, 49, 54, 55, 72, 73, 75, 77, 79, 80, 82, 84, 86, 87, 88, 89, 90, 92, 93, 96, 97, 119, 121, 123, 124, 126, 129, 130, 137, 138, 139, 141, 143, 144, 146, 152, 153, 155, 157, 160, 161, 168], "summary": {"covered_lines": 60, "num_statements": 62, "percent_covered": 96.7741935483871, "percent_covered_display": "97", "missing_lines": 2, "excluded_lines": 2}, "missing_lines": [46, 51], "excluded_lines": [20, 21], "functions": {"InteractionCarry.tree_flatten": {"executed_lines": [], "summary": {"covered_lines": 0, "num_statements": 1, "percent_covered": 0.0, "percent_covered_display": "0", "missing_lines": 1, "excluded_lines": 0}, "missing_lines": [46], "excluded_lines": []}, "InteractionCarry.tree_unflatten": {"executed_lines": [], "summary": {"covered_lines": 0, "num_statements": 1, "percent_covered": 0.0, "percent_covered_display": "0", "missing_lines": 1, "excluded_lines": 0}, "missing_lines": [51], "excluded_lines": []}, "generate_nk_interactions": {"executed_lines": [72, 73, 75, 77, 82, 84, 92, 93], "summary": {"covered_lines": 8, "num_statements": 8, "percent_covered": 100.0, "percent_covered_display": "100", "missing_lines": 0, "excluded_lines": 0}, "missing_lines": [], "excluded_lines": []}, "generate_nk_interactions._get_neighbors": {"executed_lines": [79, 80], "summary": {"covered_lines": 2, "num_statements": 2, "percent_covered": 100.0, "percent_covered_display": "100", "missing_lines": 0, "excluded_lines": 0}, "missing_lines": [], "excluded_lines": []}, "generate_nk_interactions._select_for_site": {"executed_lines": [86, 87, 88, 89, 90], "summary": {"covered_lines": 5, "num_statements": 5, "percent_covered": 100.0, "percent_covered_display": "100", "missing_lines": 0, "excluded_lines": 0}, "missing_lines": [], "excluded_lines": []}, "generate_nk_model": {"executed_lines": [119, 121, 123, 124, 126], "summary": {"covered_lines": 5, "num_statements": 5, "percent_covered": 100.0, "percent_covered_display": "100", "missing_lines": 0, "excluded_lines": 0}, "missing_lines": [], "excluded_lines": []}, "calculate_nk_fitness_single": {"executed_lines": [137, 138, 139, 141, 155, 157], "summary": {"covered_lines": 6, "num_statements": 6, "percent_covered": 100.0, "percent_covered_display": "100", "missing_lines": 0, "excluded_lines": 0}, "missing_lines": [], "excluded_lines": []}, "calculate_nk_fitness_single.get_contribution_for_site": {"executed_lines": [143, 144, 146, 152, 153], "summary": {"covered_lines": 5, "num_statements": 5, "percent_covered": 100.0, "percent_covered_display": "100", "missing_lines": 0, "excluded_lines": 0}, "missing_lines": [], "excluded_lines": []}, "calculate_nk_fitness_population": {"executed_lines": [168], "summary": {"covered_lines": 1, "num_statements": 1, "percent_covered": 100.0, "percent_covered_display": "100", "missing_lines": 0, "excluded_lines": 0}, "missing_lines": [], "excluded_lines": []}, "": {"executed_lines": [1, 7, 9, 10, 11, 13, 14, 15, 16, 18, 20, 23, 25, 26, 27, 28, 31, 32, 33, 42, 44, 48, 49, 54, 55, 96, 97, 129, 130, 160, 161], "summary": {"covered_lines": 28, "num_statements": 28, "percent_covered": 100.0, "percent_covered_display": "100", "missing_lines": 0, "excluded_lines": 2}, "missing_lines": [], "excluded_lines": [20, 21]}}, "classes": {"InteractionCarry": {"executed_lines": [], "summary": {"covered_lines": 0, "num_statements": 2, "percent_covered": 0.0, "percent_covered_display": "0", "missing_lines": 2, "excluded_lines": 0}, "missing_lines": [46, 51], "excluded_lines": []}, "": {"executed_lines": [1, 7, 9, 10, 11, 13, 14, 15, 16, 18, 20, 23, 25, 26, 27, 28, 31, 32, 33, 42, 44, 48, 49, 54, 55, 72, 73, 75, 77, 79, 80, 82, 84, 86, 87, 88, 89, 90, 92, 93, 96, 97, 119, 121, 123, 124, 126, 129, 130, 137, 138, 139, 141, 143, 144, 146, 152, 153, 155, 157, 160, 161, 168], "summary": {"covered_lines": 60, "num_statements": 60, "percent_covered": 100.0, "percent_covered_display": "100", "missing_lines": 0, "excluded_lines": 2}, "missing_lines": [], "excluded_lines": [20, 21]}}}, "src/proteinsmc/sampling/nuts.py": {"executed_lines": [1, 9, 11, 12, 14, 15, 16, 18, 19, 21, 27, 30, 31, 32], "summary": {"covered_lines": 12, "num_statements": 20, "percent_covered": 60.0, "percent_covered_display": "60", "missing_lines": 8, "excluded_lines": 4}, "missing_lines": [55, 57, 59, 66, 72, 74, 75, 76], "excluded_lines": [21, 22, 24, 25], "functions": {"run_nuts_loop": {"executed_lines": [], "summary": {"covered_lines": 0, "num_statements": 5, "percent_covered": 0.0, "percent_covered_display": "0", "missing_lines": 5, "excluded_lines": 0}, "missing_lines": [55, 57, 74, 75, 76], "excluded_lines": []}, "run_nuts_loop.one_step": {"executed_lines": [], "summary": {"covered_lines": 0, "num_statements": 3, "percent_covered": 0.0, "percent_covered_display": "0", "missing_lines": 3, "excluded_lines": 0}, "missing_lines": [59, 66, 72], "excluded_lines": []}, "": {"executed_lines": [1, 9, 11, 12, 14, 15, 16, 18, 19, 21, 27, 30, 31, 32], "summary": {"covered_lines": 12, "num_statements": 12, "percent_covered": 100.0, "percent_covered_display": "100", "missing_lines": 0, "excluded_lines": 4}, "missing_lines": [], "excluded_lines": [21, 22, 24, 25]}}, "classes": {"": {"executed_lines": [1, 9, 11, 12, 14, 15, 16, 18, 19, 21, 27, 30, 31, 32], "summary": {"covered_lines": 12, "num_statements": 20, "percent_covered": 60.0, "percent_covered_display": "60", "missing_lines": 8, "excluded_lines": 4}, "missing_lines": [55, 57, 59, 66, 72, 74, 75, 76], "excluded_lines": [21, 22, 24, 25]}}}, "src/proteinsmc/sampling/particle_systems/__init__.py": {"executed_lines": [1, 3, 4, 6], "summary": {"covered_lines": 3, "num_statements": 3, "percent_covered": 100.0, "percent_covered_display": "100", "missing_lines": 0, "excluded_lines": 0}, "missing_lines": [], "excluded_lines": [], "functions": {"": {"executed_lines": [1, 3, 4, 6], "summary": {"covered_lines": 3, "num_statements": 3, "percent_covered": 100.0, "percent_covered_display": "100", "missing_lines": 0, "excluded_lines": 0}, "missing_lines": [], "excluded_lines": []}}, "classes": {"": {"executed_lines": [1, 3, 4, 6], "summary": {"covered_lines": 3, "num_statements": 3, "percent_covered": 100.0, "percent_covered_display": "100", "missing_lines": 0, "excluded_lines": 0}, "missing_lines": [], "excluded_lines": []}}}, "src/proteinsmc/sampling/particle_systems/parallel_replica.py": {"executed_lines": [1, 3, 5, 6, 8, 9, 10, 11, 13, 20, 24, 25, 28, 205, 258, 424], "summary": {"covered_lines": 14, "num_statements": 124, "percent_covered": 11.290322580645162, "percent_covered_display": "11", "missing_lines": 110, "excluded_lines": 5}, "missing_lines": [52, 53, 55, 57, 61, 70, 82, 84, 85, 91, 93, 101, 103, 110, 111, 117, 125, 126, 128, 129, 130, 132, 134, 135, 141, 143, 149, 150, 152, 153, 158, 160, 161, 163, 164, 165, 169, 175, 176, 177, 181, 182, 183, 185, 186, 192, 227, 241, 242, 243, 253, 255, 282, 283, 284, 286, 288, 290, 291, 292, 293, 294, 295, 301, 302, 305, 313, 314, 320, 321, 323, 324, 326, 327, 329, 330, 331, 337, 343, 344, 346, 351, 356, 357, 359, 360, 365, 369, 379, 389, 391, 393, 400, 406, 410, 421, 439, 440, 446, 448, 457, 458, 463, 465, 480, 486, 493, 504, 506, 518], "excluded_lines": [13, 14, 16, 17, 18], "functions": {"island_smc_step": {"executed_lines": [], "summary": {"covered_lines": 0, "num_statements": 42, "percent_covered": 0.0, "percent_covered_display": "0", "missing_lines": 42, "excluded_lines": 0}, "missing_lines": [52, 53, 55, 57, 61, 84, 85, 101, 103, 110, 111, 117, 125, 126, 128, 129, 130, 132, 134, 135, 141, 143, 149, 150, 152, 153, 158, 160, 161, 163, 164, 165, 169, 175, 176, 177, 181, 182, 183, 185, 186, 192], "excluded_lines": []}, "island_smc_step.mutation_update_fn": {"executed_lines": [], "summary": {"covered_lines": 0, "num_statements": 2, "percent_covered": 0.0, "percent_covered_display": "0", "missing_lines": 2, "excluded_lines": 0}, "missing_lines": [70, 82], "excluded_lines": []}, "island_smc_step.weight_fn": {"executed_lines": [], "summary": {"covered_lines": 0, "num_statements": 2, "percent_covered": 0.0, "percent_covered_display": "0", "missing_lines": 2, "excluded_lines": 0}, "missing_lines": [91, 93], "excluded_lines": []}, "prsmc_step": {"executed_lines": [], "summary": {"covered_lines": 0, "num_statements": 6, "percent_covered": 0.0, "percent_covered_display": "0", "missing_lines": 6, "excluded_lines": 0}, "missing_lines": [227, 241, 242, 243, 253, 255], "excluded_lines": []}, "migrate": {"executed_lines": [], "summary": {"covered_lines": 0, "num_statements": 17, "percent_covered": 0.0, "percent_covered_display": "0", "missing_lines": 17, "excluded_lines": 0}, "missing_lines": [282, 283, 284, 286, 288, 290, 291, 292, 293, 294, 295, 301, 393, 400, 406, 410, 421], "excluded_lines": []}, "migrate.attempt_exchange": {"executed_lines": [], "summary": {"covered_lines": 0, "num_statements": 27, "percent_covered": 0.0, "percent_covered_display": "0", "missing_lines": 27, "excluded_lines": 0}, "missing_lines": [302, 305, 313, 314, 320, 321, 323, 324, 326, 327, 329, 330, 331, 337, 343, 344, 346, 351, 356, 357, 359, 360, 365, 369, 379, 389, 391], "excluded_lines": []}, "run_prsmc_loop": {"executed_lines": [], "summary": {"covered_lines": 0, "num_statements": 4, "percent_covered": 0.0, "percent_covered_display": "0", "missing_lines": 4, "excluded_lines": 0}, "missing_lines": [439, 440, 506, 518], "excluded_lines": []}, "run_prsmc_loop._parallel_replica_scan_step": {"executed_lines": [], "summary": {"covered_lines": 0, "num_statements": 10, "percent_covered": 0.0, "percent_covered_display": "0", "missing_lines": 10, "excluded_lines": 0}, "missing_lines": [446, 448, 457, 458, 463, 465, 480, 486, 493, 504], "excluded_lines": []}, "": {"executed_lines": [1, 3, 5, 6, 8, 9, 10, 11, 13, 20, 24, 25, 28, 205, 258, 424], "summary": {"covered_lines": 14, "num_statements": 14, "percent_covered": 100.0, "percent_covered_display": "100", "missing_lines": 0, "excluded_lines": 5}, "missing_lines": [], "excluded_lines": [13, 14, 16, 17, 18]}}, "classes": {"": {"executed_lines": [1, 3, 5, 6, 8, 9, 10, 11, 13, 20, 24, 25, 28, 205, 258, 424], "summary": {"covered_lines": 14, "num_statements": 124, "percent_covered": 11.290322580645162, "percent_covered_display": "11", "missing_lines": 110, "excluded_lines": 5}, "missing_lines": [52, 53, 55, 57, 61, 70, 82, 84, 85, 91, 93, 101, 103, 110, 111, 117, 125, 126, 128, 129, 130, 132, 134, 135, 141, 143, 149, 150, 152, 153, 158, 160, 161, 163, 164, 165, 169, 175, 176, 177, 181, 182, 183, 185, 186, 192, 227, 241, 242, 243, 253, 255, 282, 283, 284, 286, 288, 290, 291, 292, 293, 294, 295, 301, 302, 305, 313, 314, 320, 321, 323, 324, 326, 327, 329, 330, 331, 337, 343, 344, 346, 351, 356, 357, 359, 360, 365, 369, 379, 389, 391, 393, 400, 406, 410, 421, 439, 440, 446, 448, 457, 458, 463, 465, 480, 486, 493, 504, 506, 518], "excluded_lines": [13, 14, 16, 17, 18]}}}, "src/proteinsmc/sampling/particle_systems/smc.py": {"executed_lines": [1, 3, 5, 6, 8, 9, 10, 11, 12, 13, 14, 16, 21, 27, 34, 55, 77, 78], "summary": {"covered_lines": 15, "num_statements": 48, "percent_covered": 31.25, "percent_covered_display": "31", "missing_lines": 33, "excluded_lines": 7}, "missing_lines": [41, 42, 43, 44, 45, 46, 47, 48, 49, 50, 51, 52, 62, 63, 64, 69, 70, 71, 72, 73, 74, 88, 95, 96, 97, 98, 100, 104, 106, 110, 117, 119, 126], "excluded_lines": [16, 17, 19, 27, 28, 30, 31], "functions": {"resample": {"executed_lines": [], "summary": {"covered_lines": 0, "num_statements": 12, "percent_covered": 0.0, "percent_covered_display": "0", "missing_lines": 12, "excluded_lines": 0}, "missing_lines": [41, 42, 43, 44, 45, 46, 47, 48, 49, 50, 51, 52], "excluded_lines": []}, "create_smc_loop_func": {"executed_lines": [], "summary": {"covered_lines": 0, "num_statements": 9, "percent_covered": 0.0, "percent_covered_display": "0", "missing_lines": 9, "excluded_lines": 0}, "missing_lines": [62, 63, 64, 69, 70, 71, 72, 73, 74], "excluded_lines": []}, "run_smc_loop": {"executed_lines": [], "summary": {"covered_lines": 0, "num_statements": 4, "percent_covered": 0.0, "percent_covered_display": "0", "missing_lines": 4, "excluded_lines": 0}, "missing_lines": [88, 95, 119, 126], "excluded_lines": []}, "run_smc_loop.scan_body": {"executed_lines": [], "summary": {"covered_lines": 0, "num_statements": 7, "percent_covered": 0.0, "percent_covered_display": "0", "missing_lines": 7, "excluded_lines": 0}, "missing_lines": [96, 97, 98, 100, 106, 110, 117], "excluded_lines": []}, "run_smc_loop.scan_body.weight_fn": {"executed_lines": [], "summary": {"covered_lines": 0, "num_statements": 1, "percent_covered": 0.0, "percent_covered_display": "0", "missing_lines": 1, "excluded_lines": 0}, "missing_lines": [104], "excluded_lines": []}, "": {"executed_lines": [1, 3, 5, 6, 8, 9, 10, 11, 12, 13, 14, 16, 21, 27, 34, 55, 77, 78], "summary": {"covered_lines": 15, "num_statements": 15, "percent_covered": 100.0, "percent_covered_display": "100", "missing_lines": 0, "excluded_lines": 7}, "missing_lines": [], "excluded_lines": [16, 17, 19, 27, 28, 30, 31]}}, "classes": {"": {"executed_lines": [1, 3, 5, 6, 8, 9, 10, 11, 12, 13, 14, 16, 21, 27, 34, 55, 77, 78], "summary": {"covered_lines": 15, "num_statements": 48, "percent_covered": 31.25, "percent_covered_display": "31", "missing_lines": 33, "excluded_lines": 7}, "missing_lines": [41, 42, 43, 44, 45, 46, 47, 48, 49, 50, 51, 52, 62, 63, 64, 69, 70, 71, 72, 73, 74, 88, 95, 96, 97, 98, 100, 104, 106, 110, 117, 119, 126], "excluded_lines": [16, 17, 19, 27, 28, 30, 31]}}}, "src/proteinsmc/sampling/ste.py": {"executed_lines": [], "summary": {"covered_lines": 0, "num_statements": 35, "percent_covered": 0.0, "percent_covered_display": "0", "missing_lines": 35, "excluded_lines": 0}, "missing_lines": [12, 14, 16, 17, 18, 19, 21, 22, 23, 24, 25, 28, 33, 34, 35, 38, 39, 42, 48, 69, 70, 71, 72, 74, 75, 81, 82, 84, 85, 86, 87, 89, 90, 92, 94], "excluded_lines": [], "functions": {"straight_through_estimator": {"executed_lines": [], "summary": {"covered_lines": 0, "num_statements": 3, "percent_covered": 0.0, "percent_covered_display": "0", "missing_lines": 3, "excluded_lines": 0}, "missing_lines": [33, 34, 35], "excluded_lines": []}, "create_pure_optimization_fn": {"executed_lines": [], "summary": {"covered_lines": 0, "num_statements": 4, "percent_covered": 0.0, "percent_covered_display": "0", "missing_lines": 4, "excluded_lines": 0}, "missing_lines": [48, 74, 75, 94], "excluded_lines": []}, "create_pure_optimization_fn.get_loss": {"executed_lines": [], "summary": {"covered_lines": 0, "num_statements": 4, "percent_covered": 0.0, "percent_covered_display": "0", "missing_lines": 4, "excluded_lines": 0}, "missing_lines": [69, 70, 71, 72], "excluded_lines": []}, "create_pure_optimization_fn.run_optimization_loop": {"executed_lines": [], "summary": {"covered_lines": 0, "num_statements": 6, "percent_covered": 0.0, "percent_covered_display": "0", "missing_lines": 6, "excluded_lines": 0}, "missing_lines": [81, 82, 84, 89, 90, 92], "excluded_lines": []}, "create_pure_optimization_fn.run_optimization_loop.step_fn": {"executed_lines": [], "summary": {"covered_lines": 0, "num_statements": 3, "percent_covered": 0.0, "percent_covered_display": "0", "missing_lines": 3, "excluded_lines": 0}, "missing_lines": [85, 86, 87], "excluded_lines": []}, "": {"executed_lines": [], "summary": {"covered_lines": 0, "num_statements": 15, "percent_covered": 0.0, "percent_covered_display": "0", "missing_lines": 15, "excluded_lines": 0}, "missing_lines": [12, 14, 16, 17, 18, 19, 21, 22, 23, 24, 25, 28, 38, 39, 42], "excluded_lines": []}}, "classes": {"": {"executed_lines": [], "summary": {"covered_lines": 0, "num_statements": 35, "percent_covered": 0.0, "percent_covered_display": "0", "missing_lines": 35, "excluded_lines": 0}, "missing_lines": [12, 14, 16, 17, 18, 19, 21, 22, 23, 24, 25, 28, 33, 34, 35, 38, 39, 42, 48, 69, 70, 71, 72, 74, 75, 81, 82, 84, 85, 86, 87, 89, 90, 92, 94], "excluded_lines": []}}}, "src/proteinsmc/scoring/__init__.py": {"executed_lines": [1, 3, 4, 5, 7], "summary": {"covered_lines": 4, "num_statements": 4, "percent_covered": 100.0, "percent_covered_display": "100", "missing_lines": 0, "excluded_lines": 0}, "missing_lines": [], "excluded_lines": [], "functions": {"": {"executed_lines": [1, 3, 4, 5, 7], "summary": {"covered_lines": 4, "num_statements": 4, "percent_covered": 100.0, "percent_covered_display": "100", "missing_lines": 0, "excluded_lines": 0}, "missing_lines": [], "excluded_lines": []}}, "classes": {"": {"executed_lines": [1, 3, 4, 5, 7], "summary": {"covered_lines": 4, "num_statements": 4, "percent_covered": 100.0, "percent_covered_display": "100", "missing_lines": 0, "excluded_lines": 0}, "missing_lines": [], "excluded_lines": []}}}, "src/proteinsmc/scoring/cai.py": {"executed_lines": [1, 3, 5, 7, 8, 10, 16, 22, 25, 33, 34, 40, 41, 43, 46, 60, 61, 62, 63, 64, 65, 66, 67, 68, 69, 70], "summary": {"covered_lines": 24, "num_statements": 24, "percent_covered": 100.0, "percent_covered_display": "100", "missing_lines": 0, "excluded_lines": 4}, "missing_lines": [], "excluded_lines": [16, 17, 19, 20], "functions": {"make_cai_score": {"executed_lines": [33, 34, 43], "summary": {"covered_lines": 3, "num_statements": 3, "percent_covered": 100.0, "percent_covered_display": "100", "missing_lines": 0, "excluded_lines": 0}, "missing_lines": [], "excluded_lines": []}, "make_cai_score._cai_score": {"executed_lines": [40, 41], "summary": {"covered_lines": 2, "num_statements": 2, "percent_covered": 100.0, "percent_covered_display": "100", "missing_lines": 0, "excluded_lines": 0}, "missing_lines": [], "excluded_lines": []}, "cai_score": {"executed_lines": [60, 61, 62, 63, 64, 65, 66, 67, 68, 69, 70], "summary": {"covered_lines": 11, "num_statements": 11, "percent_covered": 100.0, "percent_covered_display": "100", "missing_lines": 0, "excluded_lines": 0}, "missing_lines": [], "excluded_lines": []}, "": {"executed_lines": [1, 3, 5, 7, 8, 10, 16, 22, 25, 46], "summary": {"covered_lines": 8, "num_statements": 8, "percent_covered": 100.0, "percent_covered_display": "100", "missing_lines": 0, "excluded_lines": 4}, "missing_lines": [], "excluded_lines": [16, 17, 19, 20]}}, "classes": {"": {"executed_lines": [1, 3, 5, 7, 8, 10, 16, 22, 25, 33, 34, 40, 41, 43, 46, 60, 61, 62, 63, 64, 65, 66, 67, 68, 69, 70], "summary": {"covered_lines": 24, "num_statements": 24, "percent_covered": 100.0, "percent_covered_display": "100", "missing_lines": 0, "excluded_lines": 4}, "missing_lines": [], "excluded_lines": [16, 17, 19, 20]}}}, "src/proteinsmc/scoring/combine.py": {"executed_lines": [1, 3, 5, 7, 9, 15, 23, 29, 31, 34, 47, 62, 63, 69, 71, 73], "summary": {"covered_lines": 14, "num_statements": 14, "percent_covered": 100.0, "percent_covered_display": "100", "missing_lines": 0, "excluded_lines": 3}, "missing_lines": [], "excluded_lines": [9, 10, 12], "functions": {"make_sum_combine": {"executed_lines": [23, 31], "summary": {"covered_lines": 2, "num_statements": 2, "percent_covered": 100.0, "percent_covered_display": "100", "missing_lines": 0, "excluded_lines": 0}, "missing_lines": [], "excluded_lines": []}, "make_sum_combine.sum_combine": {"executed_lines": [29], "summary": {"covered_lines": 1, "num_statements": 1, "percent_covered": 100.0, "percent_covered_display": "100", "missing_lines": 0, "excluded_lines": 0}, "missing_lines": [], "excluded_lines": []}, "make_weighted_combine": {"executed_lines": [47, 73], "summary": {"covered_lines": 2, "num_statements": 2, "percent_covered": 100.0, "percent_covered_display": "100", "missing_lines": 0, "excluded_lines": 0}, "missing_lines": [], "excluded_lines": []}, "make_weighted_combine.weighted_combine": {"executed_lines": [62, 63, 69, 71], "summary": {"covered_lines": 4, "num_statements": 4, "percent_covered": 100.0, "percent_covered_display": "100", "missing_lines": 0, "excluded_lines": 0}, "missing_lines": [], "excluded_lines": []}, "": {"executed_lines": [1, 3, 5, 7, 9, 15, 34], "summary": {"covered_lines": 5, "num_statements": 5, "percent_covered": 100.0, "percent_covered_display": "100", "missing_lines": 0, "excluded_lines": 3}, "missing_lines": [], "excluded_lines": [9, 10, 12]}}, "classes": {"": {"executed_lines": [1, 3, 5, 7, 9, 15, 23, 29, 31, 34, 47, 62, 63, 69, 71, 73], "summary": {"covered_lines": 14, "num_statements": 14, "percent_covered": 100.0, "percent_covered_display": "100", "missing_lines": 0, "excluded_lines": 3}, "missing_lines": [], "excluded_lines": [9, 10, 12]}}}, "src/proteinsmc/scoring/esm.py": {"executed_lines": [1, 3, 5, 7, 8, 9, 11, 13, 19, 22, 39, 43, 45, 46, 62, 63, 64, 65, 67, 68, 74, 75, 77], "summary": {"covered_lines": 21, "num_statements": 21, "percent_covered": 100.0, "percent_covered_display": "100", "missing_lines": 0, "excluded_lines": 4}, "missing_lines": [], "excluded_lines": [13, 14, 16, 17], "functions": {"make_esm_score": {"executed_lines": [39, 43, 45, 46, 77], "summary": {"covered_lines": 5, "num_statements": 5, "percent_covered": 100.0, "percent_covered_display": "100", "missing_lines": 0, "excluded_lines": 0}, "missing_lines": [], "excluded_lines": []}, "make_esm_score.score": {"executed_lines": [62, 63, 64, 65, 67, 68, 74, 75], "summary": {"covered_lines": 8, "num_statements": 8, "percent_covered": 100.0, "percent_covered_display": "100", "missing_lines": 0, "excluded_lines": 0}, "missing_lines": [], "excluded_lines": []}, "": {"executed_lines": [1, 3, 5, 7, 8, 9, 11, 13, 19, 22], "summary": {"covered_lines": 8, "num_statements": 8, "percent_covered": 100.0, "percent_covered_display": "100", "missing_lines": 0, "excluded_lines": 4}, "missing_lines": [], "excluded_lines": [13, 14, 16, 17]}}, "classes": {"": {"executed_lines": [1, 3, 5, 7, 8, 9, 11, 13, 19, 22, 39, 43, 45, 46, 62, 63, 64, 65, 67, 68, 74, 75, 77], "summary": {"covered_lines": 21, "num_statements": 21, "percent_covered": 100.0, "percent_covered_display": "100", "missing_lines": 0, "excluded_lines": 4}, "missing_lines": [], "excluded_lines": [13, 14, 16, 17]}}}, "src/proteinsmc/scoring/mpnn.py": {"executed_lines": [1, 3, 5, 6, 8, 9, 10, 11, 12, 18, 31, 33, 36, 44], "summary": {"covered_lines": 12, "num_statements": 23, "percent_covered": 52.17391304347826, "percent_covered_display": "52", "missing_lines": 11, "excluded_lines": 5}, "missing_lines": [41, 60, 64, 66, 76, 86, 91, 99, 100, 106, 114], "excluded_lines": [18, 19, 21, 28, 29], "functions": {"sequential_decode_order": {"executed_lines": [], "summary": {"covered_lines": 0, "num_statements": 1, "percent_covered": 0.0, "percent_covered_display": "0", "missing_lines": 1, "excluded_lines": 0}, "missing_lines": [41], "excluded_lines": []}, "make_mpnn_score": {"executed_lines": [], "summary": {"covered_lines": 0, "num_statements": 9, "percent_covered": 0.0, "percent_covered_display": "0", "missing_lines": 9, "excluded_lines": 0}, "missing_lines": [60, 64, 66, 76, 86, 91, 99, 100, 114], "excluded_lines": []}, "make_mpnn_score.mpnn_score": {"executed_lines": [], "summary": {"covered_lines": 0, "num_statements": 1, "percent_covered": 0.0, "percent_covered_display": "0", "missing_lines": 1, "excluded_lines": 0}, "missing_lines": [106], "excluded_lines": []}, "": {"executed_lines": [1, 3, 5, 6, 8, 9, 10, 11, 12, 18, 31, 33, 36, 44], "summary": {"covered_lines": 12, "num_statements": 12, "percent_covered": 100.0, "percent_covered_display": "100", "missing_lines": 0, "excluded_lines": 5}, "missing_lines": [], "excluded_lines": [18, 19, 21, 28, 29]}}, "classes": {"": {"executed_lines": [1, 3, 5, 6, 8, 9, 10, 11, 12, 18, 31, 33, 36, 44], "summary": {"covered_lines": 12, "num_statements": 23, "percent_covered": 52.17391304347826, "percent_covered_display": "52", "missing_lines": 11, "excluded_lines": 5}, "missing_lines": [41, 60, 64, 66, 76, 86, 91, 99, 100, 106, 114], "excluded_lines": [18, 19, 21, 28, 29]}}}, "src/proteinsmc/utils/__init__.py": {"executed_lines": [1, 3, 10, 29, 30, 31, 32, 40, 46, 52, 53, 55], "summary": {"covered_lines": 11, "num_statements": 11, "percent_covered": 100.0, "percent_covered_display": "100", "missing_lines": 0, "excluded_lines": 0}, "missing_lines": [], "excluded_lines": [], "functions": {"": {"executed_lines": [1, 3, 10, 29, 30, 31, 32, 40, 46, 52, 53, 55], "summary": {"covered_lines": 11, "num_statements": 11, "percent_covered": 100.0, "percent_covered_display": "100", "missing_lines": 0, "excluded_lines": 0}, "missing_lines": [], "excluded_lines": []}}, "classes": {"": {"executed_lines": [1, 3, 10, 29, 30, 31, 32, 40, 46, 52, 53, 55], "summary": {"covered_lines": 11, "num_statements": 11, "percent_covered": 100.0, "percent_covered_display": "100", "missing_lines": 0, "excluded_lines": 0}, "missing_lines": [], "excluded_lines": []}}}, "src/proteinsmc/utils/annealing.py": {"executed_lines": [1, 3, 5, 6, 8, 9, 10, 11, 13, 21, 23, 26, 31, 33, 34, 36, 39, 41, 42, 43, 45, 47, 48, 50, 59, 62, 63, 64, 91, 92, 93, 96, 97, 98, 143, 144, 145, 181, 182, 183], "summary": {"covered_lines": 38, "num_statements": 61, "percent_covered": 62.295081967213115, "percent_covered_display": "62", "missing_lines": 23, "excluded_lines": 3}, "missing_lines": [127, 128, 129, 130, 131, 132, 133, 134, 135, 136, 138, 139, 140, 172, 173, 174, 175, 176, 177, 178, 210, 211, 212], "excluded_lines": [13, 14, 16], "functions": {"register_schedule": {"executed_lines": [31, 36], "summary": {"covered_lines": 2, "num_statements": 2, "percent_covered": 100.0, "percent_covered_display": "100", "missing_lines": 0, "excluded_lines": 0}, "missing_lines": [], "excluded_lines": []}, "register_schedule.decorator": {"executed_lines": [33, 34], "summary": {"covered_lines": 2, "num_statements": 2, "percent_covered": 100.0, "percent_covered_display": "100", "missing_lines": 0, "excluded_lines": 0}, "missing_lines": [], "excluded_lines": []}, "get_annealing_function": {"executed_lines": [41, 42, 43, 45, 47, 48, 59], "summary": {"covered_lines": 7, "num_statements": 7, "percent_covered": 100.0, "percent_covered_display": "100", "missing_lines": 0, "excluded_lines": 0}, "missing_lines": [], "excluded_lines": []}, "get_annealing_function.annealing_fn": {"executed_lines": [50], "summary": {"covered_lines": 1, "num_statements": 1, "percent_covered": 100.0, "percent_covered_display": "100", "missing_lines": 0, "excluded_lines": 0}, "missing_lines": [], "excluded_lines": []}, "linear_schedule": {"executed_lines": [91, 92, 93], "summary": {"covered_lines": 3, "num_statements": 3, "percent_covered": 100.0, "percent_covered_display": "100", "missing_lines": 0, "excluded_lines": 0}, "missing_lines": [], "excluded_lines": []}, "exponential_schedule": {"executed_lines": [], "summary": {"covered_lines": 0, "num_statements": 13, "percent_covered": 0.0, "percent_covered_display": "0", "missing_lines": 13, "excluded_lines": 0}, "missing_lines": [127, 128, 129, 130, 131, 132, 133, 134, 135, 136, 138, 139, 140], "excluded_lines": []}, "cosine_schedule": {"executed_lines": [], "summary": {"covered_lines": 0, "num_statements": 7, "percent_covered": 0.0, "percent_covered_display": "0", "missing_lines": 7, "excluded_lines": 0}, "missing_lines": [172, 173, 174, 175, 176, 177, 178], "excluded_lines": []}, "static_schedule": {"executed_lines": [], "summary": {"covered_lines": 0, "num_statements": 3, "percent_covered": 0.0, "percent_covered_display": "0", "missing_lines": 3, "excluded_lines": 0}, "missing_lines": [210, 211, 212], "excluded_lines": []}, "": {"executed_lines": [1, 3, 5, 6, 8, 9, 10, 11, 13, 21, 23, 26, 39, 62, 63, 64, 96, 97, 98, 143, 144, 145, 181, 182, 183], "summary": {"covered_lines": 23, "num_statements": 23, "percent_covered": 100.0, "percent_covered_display": "100", "missing_lines": 0, "excluded_lines": 3}, "missing_lines": [], "excluded_lines": [13, 14, 16]}}, "classes": {"": {"executed_lines": [1, 3, 5, 6, 8, 9, 10, 11, 13, 21, 23, 26, 31, 33, 34, 36, 39, 41, 42, 43, 45, 47, 48, 50, 59, 62, 63, 64, 91, 92, 93, 96, 97, 98, 143, 144, 145, 181, 182, 183], "summary": {"covered_lines": 38, "num_statements": 61, "percent_covered": 62.295081967213115, "percent_covered_display": "62", "missing_lines": 23, "excluded_lines": 3}, "missing_lines": [127, 128, 129, 130, 131, 132, 133, 134, 135, 136, 138, 139, 140, 172, 173, 174, 175, 176, 177, 178, 210, 211, 212], "excluded_lines": [13, 14, 16]}}}, "src/proteinsmc/utils/blackjax_utils.py": {"executed_lines": [], "summary": {"covered_lines": 0, "num_statements": 6, "percent_covered": 0.0, "percent_covered_display": "0", "missing_lines": 6, "excluded_lines": 4}, "missing_lines": [3, 5, 14, 37, 38, 44], "excluded_lines": [7, 8, 10, 11], "functions": {"make_blackjax_log_prob_fn": {"executed_lines": [], "summary": {"covered_lines": 0, "num_statements": 2, "percent_covered": 0.0, "percent_covered_display": "0", "missing_lines": 2, "excluded_lines": 0}, "missing_lines": [37, 44], "excluded_lines": []}, "make_blackjax_log_prob_fn.blackjax_log_prob_fn": {"executed_lines": [], "summary": {"covered_lines": 0, "num_statements": 1, 
[...]
lines": 5}, "missing_lines": [47, 48, 49, 50, 51, 52, 53, 54, 56, 57, 58, 59, 60, 61, 63, 64, 69, 71, 75, 76, 77, 83, 85, 86, 93, 94, 96, 97, 99, 106, 108, 110, 111, 118, 119, 121, 124, 126, 131], "excluded_lines": [15, 16, 18, 24, 25], "functions": {"get_fitness_function": {"executed_lines": [], "summary": {"covered_lines": 0, "num_statements": 17, "percent_covered": 0.0, "percent_covered_display": "0", "missing_lines": 17, "excluded_lines": 0}, "missing_lines": [47, 48, 49, 50, 51, 52, 53, 54, 56, 57, 58, 59, 60, 61, 63, 64, 131], "excluded_lines": []}, "get_fitness_function.final_fitness_fn": {"executed_lines": [], "summary": {"covered_lines": 0, "num_statements": 12, "percent_covered": 0.0, "percent_covered_display": "0", "missing_lines": 12, "excluded_lines": 0}, "missing_lines": [69, 71, 99, 106, 108, 110, 111, 118, 119, 121, 124, 126], "excluded_lines": []}, "get_fitness_function.final_fitness_fn.score_body": {"executed_lines": [], "summary": {"covered_lines": 0, "num_statements": 10, "percent_covered": 0.0, "percent_covered_display": "0", "missing_lines": 10, "excluded_lines": 0}, "missing_lines": [75, 76, 77, 83, 85, 86, 93, 94, 96, 97], "excluded_lines": []}, "": {"executed_lines": [1, 3, 5, 7, 8, 9, 10, 12, 13, 15, 28, 34, 40], "summary": {"covered_lines": 11, "num_statements": 11, "percent_covered": 100.0, "percent_covered_display": "100", "missing_lines": 0, "excluded_lines": 5}, "missing_lines": [], "excluded_lines": [15, 16, 18, 24, 25]}}, "classes": {"": {"executed_lines": [1, 3, 5, 7, 8, 9, 10, 12, 13, 15, 28, 34, 40], "summary": {"covered_lines": 11, "num_statements": 50, "percent_covered": 22.0, "percent_covered_display": "22", "missing_lines": 39, "excluded_lines": 5}, "missing_lines": [47, 48, 49, 50, 51, 52, 53, 54, 56, 57, 58, 59, 60, 61, 63, 64, 69, 71, 75, 76, 77, 83, 85, 86, 93, 94, 96, 97, 99, 106, 108, 110, 111, 118, 119, 121, 124, 126, 131], "excluded_lines": [15, 16, 18, 24, 25]}}}, "src/proteinsmc/utils/foldcomp.py": {"executed_lines": [], "summary": {"covered_lines": 0, "num_statements": 0, "percent_covered": 100.0, "percent_covered_display": "100", "missing_lines": 0, "excluded_lines": 0}, "missing_lines": [], "excluded_lines": [], "functions": {"": {"executed_lines": [], "summary": {"covered_lines": 0, "num_statements": 0, "percent_covered": 100.0, "percent_covered_display": "100", "missing_lines": 0, "excluded_lines": 0}, "missing_lines": [], "excluded_lines": []}}, "classes": {"": {"executed_lines": [], "summary": {"covered_lines": 0, "num_statements": 0, "percent_covered": 100.0, "percent_covered_display": "100", "missing_lines": 0, "excluded_lines": 0}, "missing_lines": [], "excluded_lines": []}}}, "src/proteinsmc/utils/initiate.py": {"executed_lines": [1, 3, 5, 7, 9, 11, 17], "summary": {"covered_lines": 5, "num_statements": 25, "percent_covered": 20.0, "percent_covered_display": "20", "missing_lines": 20, "excluded_lines": 3}, "missing_lines": [38, 39, 40, 41, 42, 43, 44, 45, 46, 48, 49, 50, 51, 52, 54, 55, 56, 57, 58, 60], "excluded_lines": [11, 12, 14], "functions": {"generate_template_population": {"executed_lines": [], "summary": {"covered_lines": 0, "num_statements": 20, "percent_covered": 0.0, "percent_covered_display": "0", "missing_lines": 20, "excluded_lines": 0}, "missing_lines": [38, 39, 40, 41, 42, 43, 44, 45, 46, 48, 49, 50, 51, 52, 54, 55, 56, 57, 58, 60], "excluded_lines": []}, "": {"executed_lines": [1, 3, 5, 7, 9, 11, 17], "summary": {"covered_lines": 5, "num_statements": 5, "percent_covered": 100.0, "percent_covered_display": "100", "missing_lines": 0, "excluded_lines": 3}, "missing_lines": [], "excluded_lines": [11, 12, 14]}}, "classes": {"": {"executed_lines": [1, 3, 5, 7, 9, 11, 17], "summary": {"covered_lines": 5, "num_statements": 25, "percent_covered": 20.0, "percent_covered_display": "20", "missing_lines": 20, "excluded_lines": 3}, "missing_lines": [38, 39, 40, 41, 42, 43, 44, 45, 46, 48, 49, 50, 51, 52, 54, 55, 56, 57, 58, 60], "excluded_lines": [11, 12, 14]}}}, "src/proteinsmc/utils/jax_utils.py": {"executed_lines": [1, 3, 5, 6, 7, 9, 13, 38, 41, 42, 46, 47, 48, 49, 51], "summary": {"covered_lines": 14, "num_statements": 17, "percent_covered": 82.3529411764706, "percent_covered_display": "82", "missing_lines": 3, "excluded_lines": 2}, "missing_lines": [39, 43, 44], "excluded_lines": [9, 10], "functions": {"chunked_map": {"executed_lines": [38, 41, 42, 46, 51], "summary": {"covered_lines": 5, "num_statements": 8, "percent_covered": 62.5, "percent_covered_display": "62", "missing_lines": 3, "excluded_lines": 0}, "missing_lines": [39, 43, 44], "excluded_lines": []}, "chunked_map.func_to_map": {"executed_lines": [47, 48, 49], "summary": {"covered_lines": 3, "num_statements": 3, "percent_covered": 100.0, "percent_covered_display": "100", "missing_lines": 0, "excluded_lines": 0}, "missing_lines": [], "excluded_lines": []}, "": {"executed_lines": [1, 3, 5, 6, 7, 9, 13], "summary": {"covered_lines": 6, "num_statements": 6, "percent_covered": 100.0, "percent_covered_display": "100", "missing_lines": 0, "excluded_lines": 2}, "missing_lines": [], "excluded_lines": [9, 10]}}, "classes": {"": {"executed_lines": [1, 3, 5, 6, 7, 9, 13, 38, 41, 42, 46, 47, 48, 49, 51], "summary": {"covered_lines": 14, "num_statements": 17, "percent_covered": 82.3529411764706, "percent_covered_display": "82", "missing_lines": 3, "excluded_lines": 2}, "missing_lines": [39, 43, 44], "excluded_lines": [9, 10]}}}, "src/proteinsmc/utils/memory.py": {"executed_lines": [1, 3, 5, 6, 7, 9, 10, 12, 14, 20, 21, 22, 24, 25, 26, 27, 28, 31, 53, 71, 114, 168, 233], "summary": {"covered_lines": 20, "num_statements": 93, "percent_covered": 21.50537634408602, "percent_covered_display": "22", "missing_lines": 73, "excluded_lines": 3}, "missing_lines": [47, 48, 49, 50, 55, 56, 57, 58, 59, 61, 62, 63, 64, 65, 66, 67, 68, 87, 88, 90, 91, 93, 95, 96, 97, 98, 99, 101, 103, 111, 134, 135, 137, 138, 139, 140, 141, 142, 143, 145, 147, 148, 149, 151, 158, 159, 186, 187, 188, 189, 190, 192, 193, 194, 195, 197, 198, 199, 201, 202, 203, 210, 212, 213, 215, 216, 217, 219, 221, 225, 228, 230, 249], "excluded_lines": [14, 15, 17], "functions": {"estimate_memory_usage": {"executed_lines": [], "summary": {"covered_lines": 0, "num_statements": 4, "percent_covered": 0.0, "percent_covered_display": "0", "missing_lines": 4, "excluded_lines": 0}, "missing_lines": [47, 48, 49, 50], "excluded_lines": []}, "get_device_memory_mb": {"executed_lines": [], "summary": {"covered_lines": 0, "num_statements": 13, "percent_covered": 0.0, "percent_covered_display": "0", "missing_lines": 13, "excluded_lines": 0}, "missing_lines": [55, 56, 57, 58, 59, 61, 62, 63, 64, 65, 66, 67, 68], "excluded_lines": []}, "suggest_chunk_size_heuristic": {"executed_lines": [], "summary": {"covered_lines": 0, "num_statements": 13, "percent_covered": 0.0, "percent_covered_display": "0", "missing_lines": 13, "excluded_lines": 0}, "missing_lines": [87, 88, 90, 91, 93, 95, 96, 97, 98, 99, 101, 103, 111], "excluded_lines": []}, "benchmark_chunk_size": {"executed_lines": [], "summary": {"covered_lines": 0, "num_statements": 16, "percent_covered": 0.0, "percent_covered_display": "0", "missing_lines": 16, "excluded_lines": 0}, "missing_lines": [134, 135, 137, 138, 139, 140, 141, 142, 143, 145, 147, 148, 149, 151, 158, 159], "excluded_lines": []}, "auto_tune_chunk_size": {"executed_lines": [], "summary": {"covered_lines": 0, "num_statements": 26, "percent_covered": 0.0, "percent_covered_display": "0", "missing_lines": 26, "excluded_lines": 0}, "missing_lines": [186, 187, 188, 189, 190, 192, 193, 194, 195, 197, 198, 199, 201, 202, 203, 210, 212, 213, 215, 216, 217, 219, 221, 225, 228, 230], "excluded_lines": []}, "create_test_population": {"executed_lines": [], "summary": {"covered_lines": 0, "num_statements": 1, "percent_covered": 0.0, "percent_covered_display": "0", "missing_lines": 1, "excluded_lines": 0}, "missing_lines": [249], "excluded_lines": []}, "": {"executed_lines": [1, 3, 5, 6, 7, 9, 10, 12, 14, 20, 21, 22, 24, 25, 26, 27, 28, 31, 53, 71, 114, 168, 233], "summary": {"covered_lines": 20, "num_statements": 20, "percent_covered": 100.0, "percent_covered_display": "100", "missing_lines": 0, "excluded_lines": 3}, "missing_lines": [], "excluded_lines": [14, 15, 17]}}, "classes": {"BenchmarkResult": {"executed_lines": [], "summary": {"covered_lines": 0, "num_statements": 0, "percent_covered": 100.0, "percent_covered_display": "100", "missing_lines": 0, "excluded_lines": 0}, "missing_lines": [], "excluded_lines": []}, "": {"executed_lines": [1, 3, 5, 6, 7, 9, 10, 12, 14, 20, 21, 22, 24, 25, 26, 27, 28, 31, 53, 71, 114, 168, 233], "summary": {"covered_lines": 20, "num_statements": 93, "percent_covered": 21.50537634408602, "percent_covered_display": "22", "missing_lines": 73, "excluded_lines": 3}, "missing_lines": [47, 48, 49, 50, 55, 56, 57, 58, 59, 61, 62, 63, 64, 65, 66, 67, 68, 87, 88, 90, 91, 93, 95, 96, 97, 98, 99, 101, 103, 111, 134, 135, 137, 138, 139, 140, 141, 142, 143, 145, 147, 148, 149, 151, 158, 159, 186, 187, 188, 189, 190, 192, 193, 194, 195, 197, 198, 199, 201, 202, 203, 210, 212, 213, 215, 216, 217, 219, 221, 225, 228, 230, 249], "excluded_lines": [14, 15, 17]}}}, "src/proteinsmc/utils/metrics.py": {"executed_lines": [1, 6, 8, 9, 11, 12, 14, 20, 22, 25, 43, 44, 45, 46, 50, 51, 57, 61, 64, 65, 79, 80, 82, 83, 86, 87, 88, 90, 92, 99, 100, 110, 111, 112, 115, 116, 126, 127, 128, 129, 130, 132, 133, 134, 135], "summary": {"covered_lines": 43, "num_statements": 52, "percent_covered": 82.6923076923077, "percent_covered_display": "83", "missing_lines": 9, "excluded_lines": 3}, "missing_lines": [47, 48, 58, 59, 84, 85, 131, 136, 137], "excluded_lines": [14, 15, 17], "functions": {"safe_weighted_mean": {"executed_lines": [43, 44, 45, 46, 50, 51, 57, 61], "summary": {"covered_lines": 8, "num_statements": 12, "percent_covered": 66.66666666666667, "percent_covered_display": "67", "missing_lines": 4, "excluded_lines": 0}, "missing_lines": [47, 48, 58, 59], "excluded_lines": []}, "calculate_logZ_increment": {"executed_lines": [79, 80, 82, 83, 86, 87, 88, 90, 92], "summary": {"covered_lines": 9, "num_statements": 11, "percent_covered": 81.81818181818181, "percent_covered_display": "82", "missing_lines": 2, "excluded_lines": 0}, "missing_lines": [84, 85], "excluded_lines": []}, "calculate_position_entropy": {"executed_lines": [110, 111, 112], "summary": {"covered_lines": 3, "num_statements": 3, "percent_covered": 100.0, "percent_covered_display": "100", "missing_lines": 0, "excluded_lines": 0}, "missing_lines": [], "excluded_lines": []}, "shannon_entropy": {"executed_lines": [126, 127, 128, 129, 130, 132, 133, 134, 135], "summary": {"covered_lines": 9, "num_statements": 12, "percent_covered": 75.0, "percent_covered_display": "75", "missing_lines": 3, "excluded_lines": 0}, "missing_lines": [131, 136, 137], "excluded_lines": []}, "": {"executed_lines": [1, 6, 8, 9, 11, 12, 14, 20, 22, 25, 64, 65, 99, 100, 115, 116], "summary": {"covered_lines": 14, "num_statements": 14, "percent_covered": 100.0, "percent_covered_display": "100", "missing_lines": 0, "excluded_lines": 3}, "missing_lines": [], "excluded_lines": [14, 15, 17]}}, "classes": {"": {"executed_lines": [1, 6, 8, 9, 11, 12, 14, 20, 22, 25, 43, 44, 45, 46, 50, 51, 57, 61, 64, 65, 79, 80, 82, 83, 86, 87, 88, 90, 92, 99, 100, 110, 111, 112, 115, 116, 126, 127, 128, 129, 130, 132, 133, 134, 135], "summary": {"covered_lines": 43, "num_statements": 52, "percent_covered": 82.6923076923077, "percent_covered_display": "83", "missing_lines": 9, "excluded_lines": 3}, "missing_lines": [47, 48, 58, 59, 84, 85, 131, 136, 137], "excluded_lines": [14, 15, 17]}}}, "src/proteinsmc/utils/mpnn.py": {"executed_lines": [], "summary": {"covered_lines": 0, "num_statements": 0, "percent_covered": 100.0, "percent_covered_display": "100", "missing_lines": 0, "excluded_lines": 0}, "missing_lines": [], "excluded_lines": [], "functions": {"": {"executed_lines": [], "summary": {"covered_lines": 0, "num_statements": 0, "percent_covered": 100.0, "percent_covered_display": "100", "missing_lines": 0, "excluded_lines": 0}, "missing_lines": [], "excluded_lines": []}}, "classes": {"": {"executed_lines": [], "summary": {"covered_lines": 0, "num_statements": 0, "percent_covered": 100.0, "percent_covered_display": "100", "missing_lines": 0, "excluded_lines": 0}, "missing_lines": [], "excluded_lines": []}}}, "src/proteinsmc/utils/mutation.py": {"executed_lines": [1, 3, 5, 7, 8, 10, 15, 19, 22, 47, 48, 86, 128, 161, 184], "summary": {"covered_lines": 13, "num_statements": 56, "percent_covered": 23.214285714285715, "percent_covered_display": "23", "missing_lines": 43, "excluded_lines": 3}, "missing_lines": [40, 41, 42, 43, 44, 66, 67, 68, 70, 71, 72, 73, 75, 76, 77, 79, 81, 83, 107, 108, 110, 111, 113, 119, 123, 125, 146, 147, 149, 150, 152, 158, 168, 169, 174, 175, 180, 181, 208, 213, 215, 217, 222], "excluded_lines": [10, 11, 13], "functions": {"mutate": {"executed_lines": [], "summary": {"covered_lines": 0, "num_statements": 5, "percent_covered": 0.0, "percent_covered_display": "0", "missing_lines": 5, "excluded_lines": 0}, "missing_lines": [40, 41, 42, 43, 44], "excluded_lines": []}, "_revert_x_codons_if_mutated": {"executed_lines": [], "summary": {"covered_lines": 0, "num_statements": 13, "percent_covered": 0.0, "percent_covered_display": "0", "missing_lines": 13, "excluded_lines": 0}, "missing_lines": [66, 67, 68, 70, 71, 72, 73, 75, 76, 77, 79, 81, 83], "excluded_lines": []}, "diversify_initial_nucleotide_sequences": {"executed_lines": [], "summary": {"covered_lines": 0, "num_statements": 8, "percent_covered": 0.0, "percent_covered_display": "0", "missing_lines": 8, "excluded_lines": 0}, "missing_lines": [107, 108, 110, 111, 113, 119, 123, 125], "excluded_lines": []}, "diversify_initial_protein_sequences": {"executed_lines": [], "summary": {"covered_lines": 0, "num_statements": 6, "percent_covered": 0.0, "percent_covered_display": "0", "missing_lines": 6, "excluded_lines": 0}, "missing_lines": [146, 147, 149, 150, 152, 158], "excluded_lines": []}, "diversify_initial_sequences": {"executed_lines": [], "summary": {"covered_lines": 0, "num_statements": 6, "percent_covered": 0.0, "percent_covered_display": "0", "missing_lines": 6, "excluded_lines": 0}, "missing_lines": [168, 169, 174, 175, 180, 181], "excluded_lines": []}, "chunked_mutation_step": {"executed_lines": [], "summary": {"covered_lines": 0, "num_statements": 4, "percent_covered": 0.0, "percent_covered_display": "0", "missing_lines": 4, "excluded_lines": 0}, "missing_lines": [208, 215, 217, 222], "excluded_lines": []}, "chunked_mutation_step.fn": {"executed_lines": [], "summary": {"covered_lines": 0, "num_statements": 1, "percent_covered": 0.0, "percent_covered_display": "0", "missing_lines": 1, "excluded_lines": 0}, "missing_lines": [213], "excluded_lines": []}, "": {"executed_lines": [1, 3, 5, 7, 8, 10, 15, 19, 22, 47, 48, 86, 128, 161, 184], "summary": {"covered_lines": 13, "num_statements": 13, "percent_covered": 100.0, "percent_covered_display": "100", "missing_lines": 0, "excluded_lines": 3}, "missing_lines": [], "excluded_lines": [10, 11, 13]}}, "classes": {"": {"executed_lines": [1, 3, 5, 7, 8, 10, 15, 19, 22, 47, 48, 86, 128, 161, 184], "summary": {"covered_lines": 13, "num_statements": 56, "percent_covered": 23.214285714285715, "percent_covered_display": "23", "missing_lines": 43, "excluded_lines": 3}, "missing_lines": [40, 41, 42, 43, 44, 66, 67, 68, 70, 71, 72, 73, 75, 76, 77, 79, 81, 83, 107, 108, 110, 111, 113, 119, 123, 125, 146, 147, 149, 150, 152, 158, 168, 169, 174, 175, 180, 181, 208, 213, 215, 217, 222], "excluded_lines": [10, 11, 13]}}}, "src/proteinsmc/utils/pmap_utils.py": {"executed_lines": [1, 3, 5, 6, 8, 10, 14, 17], "summary": {"covered_lines": 6, "num_statements": 17, "percent_covered": 35.294117647058826, "percent_covered_display": "35", "missing_lines": 11, "excluded_lines": 2}, "missing_lines": [39, 41, 43, 45, 47, 48, 49, 51, 53, 54, 56], "excluded_lines": [10, 11], "functions": {"distribute": {"executed_lines": [], "summary": {"covered_lines": 0, "num_statements": 8, "percent_covered": 0.0, "percent_covered_display": "0", "missing_lines": 8, "excluded_lines": 0}, "missing_lines": [39, 41, 45, 47, 48, 51, 53, 56], "excluded_lines": []}, "distribute.shard_array": {"executed_lines": [], "summary": {"covered_lines": 0, "num_statements": 1, "percent_covered": 0.0, "percent_covered_display": "0", "missing_lines": 1, "excluded_lines": 0}, "missing_lines": [43], "excluded_lines": []}, "distribute.pmapped_worker": {"executed_lines": [], "summary": {"covered_lines": 0, "num_statements": 1, "percent_covered": 0.0, "percent_covered_display": "0", "missing_lines": 1, "excluded_lines": 0}, "missing_lines": [49], "excluded_lines": []}, "distribute.unshard_array": {"executed_lines": [], "summary": {"covered_lines": 0, "num_statements": 1, "percent_covered": 0.0, "percent_covered_display": "0", "missing_lines": 1, "excluded_lines": 0}, "missing_lines": [54], "excluded_lines": []}, "": {"executed_lines": [1, 3, 5, 6, 8, 10, 14, 17], "summary": {"covered_lines": 6, "num_statements": 6, "percent_covered": 100.0, "percent_covered_display": "100", "missing_lines": 0, "excluded_lines": 2}, "missing_lines": [], "excluded_lines": [10, 11]}}, "classes": {"": {"executed_lines": [1, 3, 5, 6, 8, 10, 14, 17], "summary": {"covered_lines": 6, "num_statements": 17, "percent_covered": 35.294117647058826, "percent_covered_display": "35", "missing_lines": 11, "excluded_lines": 2}, "missing_lines": [39, 41, 43, 45, 47, 48, 49, 51, 53, 54, 56], "excluded_lines": [10, 11]}}}, "src/proteinsmc/utils/translation.py": {"executed_lines": [1, 3, 5, 7, 8, 10, 17, 23, 40, 41, 42, 43, 46, 47, 65, 66, 67, 68, 69, 70, 71, 72, 73, 74, 77, 78, 84, 85, 87, 89, 90, 92, 93, 95, 96, 97, 99], "summary": {"covered_lines": 35, "num_statements": 35, "percent_covered": 100.0, "percent_covered_display": "100", "missing_lines": 0, "excluded_lines": 3}, "missing_lines": [], "excluded_lines": [17, 18, 20], "functions": {"string_to_int_sequence": {"executed_lines": [40, 41, 42, 43], "summary": {"covered_lines": 4, "num_statements": 4, "percent_covered": 100.0, "percent_covered_display": "100", "missing_lines": 0, "excluded_lines": 0}, "missing_lines": [], "excluded_lines": []}, "nucleotide_to_aa": {"executed_lines": [65, 66, 67, 68, 69, 70, 71, 72, 73, 74], "summary": {"covered_lines": 10, "num_statements": 10, "percent_covered": 100.0, "percent_covered_display": "100", "missing_lines": 0, "excluded_lines": 0}, "missing_lines": [], "excluded_lines": []}, "aa_to_nucleotide": {"executed_lines": [84, 85, 87, 92, 93, 95, 96, 97, 99], "summary": {"covered_lines": 9, "num_statements": 9, "percent_covered": 100.0, "percent_covered_display": "100", "missing_lines": 0, "excluded_lines": 0}, "missing_lines": [], "excluded_lines": []}, "aa_to_nucleotide.find_first_codon": {"executed_lines": [89, 90], "summary": {"covered_lines": 2, "num_statements": 2, "percent_covered": 100.0, "percent_covered_display": "100", "missing_lines": 0, "excluded_lines": 0}, "missing_lines": [], "excluded_lines": []}, "": {"executed_lines": [1, 3, 5, 7, 8, 10, 17, 23, 46, 47, 77, 78], "summary": {"covered_lines": 10, "num_statements": 10, "percent_covered": 100.0, "percent_covered_display": "100", "missing_lines": 0, "excluded_lines": 3}, "missing_lines": [], "excluded_lines": [17, 18, 20]}}, "classes": {"": {"executed_lines": [1, 3, 5, 7, 8, 10, 17, 23, 40, 41, 42, 43, 46, 47, 65, 66, 67, 68, 69, 70, 71, 72, 73, 74, 77, 78, 84, 85, 87, 89, 90, 92, 93, 95, 96, 97, 99], "summary": {"covered_lines": 35, "num_statements": 35, "percent_covered": 100.0, "percent_covered_display": "100", "missing_lines": 0, "excluded_lines": 3}, "missing_lines": [], "excluded_lines": [17, 18, 20]}}}}, "totals": {"covered_lines": 1133, "num_statements": 1938, "percent_covered": 58.46233230134159, "percent_covered_display": "58", "missing_lines": 805, "excluded_lines": 131}}