{"meta": {"format": 3, "version": "7.10.7", "timestamp": "2025-10-21T16:57:24.547138", "branch_coverage": false, "show_contexts": false}, "files": {"src/proteinsmc/__init__.py": {"executed_lines": [1, 3, 5], "summary": {"covered_lines": 2, "num_statements": 2, "percent_covered": 100.0, "percent_covered_display": "100", "missing_lines": 0, "excluded_lines": 0}, "missing_lines": [], "excluded_lines": [], "functions": {"": {"executed_lines": [1, 3, 5], "summary": {"covered_lines": 2, "num_statements": 2, "percent_covered": 100.0, "percent_covered_display": "100", "missing_lines": 0, "excluded_lines": 0}, "missing_lines": [], "excluded_lines": []}}, "classes": {"": {"executed_lines": [1, 3, 5], "summary": {"covered_lines": 2, "num_statements": 2, "percent_covered": 100.0, "percent_covered_display": "100", "missing_lines": 0, "excluded_lines": 0}, "missing_lines": [], "excluded_lines": []}}}, "src/proteinsmc/io.py": {"executed_lines": [1, 3, 4, 5, 6, 7, 8, 9, 10, 12, 13, 14, 15, 16, 18, 21, 47, 57, 58, 74, 102], "summary": {"covered_lines": 20, "num_statements": 46, "percent_covered": 43.47826086956522, "percent_covered_display": "43", "missing_lines": 26, "excluded_lines": 0}, "missing_lines": [28, 29, 30, 32, 35, 42, 43, 44, 60, 62, 69, 70, 71, 83, 85, 96, 97, 99, 112, 113, 115, 116, 117, 118, 119, 121], "excluded_lines": [], "functions": {"get_git_commit_hash": {"executed_lines": [], "summary": {"covered_lines": 0, "num_statements": 8, "percent_covered": 0.0, "percent_covered_display": "0", "missing_lines": 8, "excluded_lines": 0}, "missing_lines": [28, 29, 30, 32, 35, 42, 43, 44], "excluded_lines": []}, "create_metadata_file": {"executed_lines": [57, 58], "summary": {"covered_lines": 2, "num_statements": 7, "percent_covered": 28.571428571428573, "percent_covered_display": "29", "missing_lines": 5, "excluded_lines": 0}, "missing_lines": [60, 62, 69, 70, 71], "excluded_lines": []}, "create_writer_callback": {"executed_lines": [], "summary": {"covered_lines": 0, "num_statements": 3, "percent_covered": 0.0, "percent_covered_display": "0", "missing_lines": 3, "excluded_lines": 0}, "missing_lines": [83, 85, 99], "excluded_lines": []}, "create_writer_callback.writer_callback": {"executed_lines": [], "summary": {"covered_lines": 0, "num_statements": 2, "percent_covered": 0.0, "percent_covered_display": "0", "missing_lines": 2, "excluded_lines": 0}, "missing_lines": [96, 97], "excluded_lines": []}, "read_lineage_data": {"executed_lines": [], "summary": {"covered_lines": 0, "num_statements": 8, "percent_covered": 0.0, "percent_covered_display": "0", "missing_lines": 8, "excluded_lines": 0}, "missing_lines": [112, 113, 115, 116, 117, 118, 119, 121], "excluded_lines": []}, "": {"executed_lines": [1, 3, 4, 5, 6, 7, 8, 9, 10, 12, 13, 14, 15, 16, 18, 21, 47, 74, 102], "summary": {"covered_lines": 18, "num_statements": 18, "percent_covered": 100.0, "percent_covered_display": "100", "missing_lines": 0, "excluded_lines": 0}, "missing_lines": [], "excluded_lines": []}}, "classes": {"": {"executed_lines": [1, 3, 4, 5, 6, 7, 8, 9, 10, 12, 13, 14, 15, 16, 18, 21, 47, 57, 58, 74, 102], "summary": {"covered_lines": 20, "num_statements": 46, "percent_covered": 43.47826086956522, "percent_covered_display": "43", "missing_lines": 26, "excluded_lines": 0}, "missing_lines": [28, 29, 30, 32, 35, 42, 43, 44, 60, 62, 69, 70, 71, 83, 85, 96, 97, 99, 112, 113, 115, 116, 117, 118, 119, 121], "excluded_lines": []}}}, "src/proteinsmc/models/__init__.py": {"executed_lines": [1, 3, 4, 5, 6, 7, 8, 9, 10, 11, 12, 22, 28], "summary": {"covered_lines": 12, "num_statements": 12, "percent_covered": 100.0, "percent_covered_display": "100", "missing_lines": 0, "excluded_lines": 0}, "missing_lines": [], "excluded_lines": [], "functions": {"": {"executed_lines": [1, 3, 4, 5, 6, 7, 8, 9, 10, 11, 12, 22, 28], "summary": {"covered_lines": 12, "num_statements": 12, "percent_covered": 100.0, "percent_covered_display": "100", "missing_lines": 0, "excluded_lines": 0}, "missing_lines": [], "excluded_lines": []}}, "classes": {"": {"executed_lines": [1, 3, 4, 5, 6, 7, 8, 9, 10, 11, 12, 22, 28], "summary": {"covered_lines": 12, "num_statements": 12, "percent_covered": 100.0, "percent_covered_display": "100", "missing_lines": 0, "excluded_lines": 0}, "missing_lines": [], "excluded_lines": []}}}, "src/proteinsmc/models/annealing.py": {"executed_lines": [1, 3, 5, 6, 7, 10, 11, 13, 14, 17, 20, 21, 22, 32, 33, 34, 35, 36, 38, 40, 41, 42, 43, 46, 47, 48, 49, 50, 51, 52, 53, 54], "summary": {"covered_lines": 29, "num_statements": 31, "percent_covered": 93.54838709677419, "percent_covered_display": "94", "missing_lines": 2, "excluded_lines": 0}, "missing_lines": [44, 45], "excluded_lines": [], "functions": {"AnnealingConfig.__post_init__": {"executed_lines": [40, 41, 42, 43, 46, 47, 48, 49, 50, 51, 52, 53, 54], "summary": {"covered_lines": 13, "num_statements": 15, "percent_covered": 86.66666666666667, "percent_covered_display": "87", "missing_lines": 2, "excluded_lines": 0}, "missing_lines": [44, 45], "excluded_lines": []}, "": {"executed_lines": [1, 3, 5, 6, 7, 10, 11, 13, 14, 17, 20, 21, 22, 32, 33, 34, 35, 36, 38], "summary": {"covered_lines": 16, "num_statements": 16, "percent_covered": 100.0, "percent_covered_display": "100", "missing_lines": 0, "excluded_lines": 0}, "missing_lines": [], "excluded_lines": []}}, "classes": {"AnnealingKwargs": {"executed_lines": [], "summary": {"covered_lines": 0, "num_statements": 0, "percent_covered": 100.0, "percent_covered_display": "100", "missing_lines": 0, "excluded_lines": 0}, "missing_lines": [], "excluded_lines": []}, "AnnealingConfig": {"executed_lines": [40, 41, 42, 43, 46, 47, 48, 49, 50, 51, 52, 53, 54], "summary": {"covered_lines": 13, "num_statements": 15, "percent_covered": 86.66666666666667, "percent_covered_display": "87", "missing_lines": 2, "excluded_lines": 0}, "missing_lines": [44, 45], "excluded_lines": []}, "": {"executed_lines": [1, 3, 5, 6, 7, 10, 11, 13, 14, 17, 20, 21, 22, 32, 33, 34, 35, 36, 38], "summary": {"covered_lines": 16, "num_statements": 16, "percent_covered": 100.0, "percent_covered_display": "100", "missing_lines": 0, "excluded_lines": 0}, "missing_lines": [], "excluded_lines": []}}}, "src/proteinsmc/models/fitness.py": {"executed_lines": [1, 3, 5, 6, 7, 9, 10, 12, 14, 15, 16, 17, 18, 19, 25, 26, 27, 29, 30, 31, 33, 35, 36, 37, 38, 39, 40, 41, 46, 47, 48, 50, 51, 53, 55, 58, 63, 64, 65, 67, 68, 72, 74, 78, 85, 87], "summary": {"covered_lines": 42, "num_statements": 51, "percent_covered": 82.3529411764706, "percent_covered_display": "82", "missing_lines": 9, "excluded_lines": 0}, "missing_lines": [42, 43, 56, 57, 59, 60, 75, 76, 83], "excluded_lines": [], "functions": {"FitnessFunction.__post_init__": {"executed_lines": [35, 36, 37, 38, 39, 40, 41], "summary": {"covered_lines": 7, "num_statements": 9, "percent_covered": 77.77777777777777, "percent_covered_display": "78", "missing_lines": 2, "excluded_lines": 0}, "missing_lines": [42, 43], "excluded_lines": []}, "CombineFunction.__post_init__": {"executed_lines": [55, 58], "summary": {"covered_lines": 2, "num_statements": 6, "percent_covered": 33.333333333333336, "percent_covered_display": "33", "missing_lines": 4, "excluded_lines": 0}, "missing_lines": [56, 57, 59, 60], "excluded_lines": []}, "FitnessEvaluator.__post_init__": {"executed_lines": [74], "summary": {"covered_lines": 1, "num_statements": 3, "percent_covered": 33.333333333333336, "percent_covered_display": "33", "missing_lines": 2, "excluded_lines": 0}, "missing_lines": [75, 76], "excluded_lines": []}, "FitnessEvaluator.get_functions_by_states": {"executed_lines": [], "summary": {"covered_lines": 0, "num_statements": 1, "percent_covered": 0.0, "percent_covered_display": "0", "missing_lines": 1, "excluded_lines": 0}, "missing_lines": [83], "excluded_lines": []}, "FitnessEvaluator.needs_translation": {"executed_lines": [87], "summary": {"covered_lines": 1, "num_statements": 1, "percent_covered": 100.0, "percent_covered_display": "100", "missing_lines": 0, "excluded_lines": 0}, "missing_lines": [], "excluded_lines": []}, "": {"executed_lines": [1, 3, 5, 6, 7, 9, 10, 12, 14, 15, 16, 17, 18, 19, 25, 26, 27, 29, 30, 31, 33, 46, 47, 48, 50, 51, 53, 63, 64, 65, 67, 68, 72, 78, 85], "summary": {"covered_lines": 31, "num_statements": 31, "percent_covered": 100.0, "percent_covered_display": "100", "missing_lines": 0, "excluded_lines": 0}, "missing_lines": [], "excluded_lines": []}}, "classes": {"FitnessFunction": {"executed_lines": [35, 36, 37, 38, 39, 40, 41], "summary": {"covered_lines": 7, "num_statements": 9, "percent_covered": 77.77777777777777, "percent_covered_display": "78", "missing_lines": 2, "excluded_lines": 0}, "missing_lines": [42, 43], "excluded_lines": []}, "CombineFunction": {"executed_lines": [55, 58], "summary": {"covered_lines": 2, "num_statements": 6, "percent_covered": 33.333333333333336, "percent_covered_display": "33", "missing_lines": 4, "excluded_lines": 0}, "missing_lines": [56, 57, 59, 60], "excluded_lines": []}, "FitnessEvaluator": {"executed_lines": [74, 87], "summary": {"covered_lines": 2, "num_statements": 5, "percent_covered": 40.0, "percent_covered_display": "40", "missing_lines": 3, "excluded_lines": 0}, "missing_lines": [75, 76, 83], "excluded_lines": []}, "": {"executed_lines": [1, 3, 5, 6, 7, 9, 10, 12, 14, 15, 16, 17, 18, 19, 25, 26, 27, 29, 30, 31, 33, 46, 47, 48, 50, 51, 53, 63, 64, 65, 67, 68, 72, 78, 85], "summary": {"covered_lines": 31, "num_statements": 31, "percent_covered": 100.0, "percent_covered_display": "100", "missing_lines": 0, "excluded_lines": 0}, "missing_lines": [], "excluded_lines": []}}}, "src/proteinsmc/models/gibbs.py": {"executed_lines": [1, 3, 5, 7, 9, 10, 11, 13, 19, 20], "summary": {"covered_lines": 8, "num_statements": 8, "percent_covered": 100.0, "percent_covered_display": "100", "missing_lines": 0, "excluded_lines": 0}, "missing_lines": [], "excluded_lines": [], "functions": {"": {"executed_lines": [1, 3, 5, 7, 9, 10, 11, 13, 19, 20], "summary": {"covered_lines": 8, "num_statements": 8, "percent_covered": 100.0, "percent_covered_display": "100", "missing_lines": 0, "excluded_lines": 0}, "missing_lines": [], "excluded_lines": []}}, "classes": {"GibbsConfig": {"executed_lines": [], "summary": {"covered_lines": 0, "num_statements": 0, "percent_covered": 100.0, "percent_covered_display": "100", "missing_lines": 0, "excluded_lines": 0}, "missing_lines": [], "excluded_lines": []}, "": {"executed_lines": [1, 3, 5, 7, 9, 10, 11, 13, 19, 20], "summary": {"covered_lines": 8, "num_statements": 8, "percent_covered": 100.0, "percent_covered_display": "100", "missing_lines": 0, "excluded_lines": 0}, "missing_lines": [], "excluded_lines": []}}}, "src/proteinsmc/models/hmc.py": {"executed_lines": [1, 3, 5, 7, 10, 11, 12, 21, 22, 23, 24], "summary": {"covered_lines": 9, "num_statements": 9, "percent_covered": 100.0, "percent_covered_display": "100", "missing_lines": 0, "excluded_lines": 0}, "missing_lines": [], "excluded_lines": [], "functions": {"": {"executed_lines": [1, 3, 5, 7, 10, 11, 12, 21, 22, 23, 24], "summary": {"covered_lines": 9, "num_statements": 9, "percent_covered": 100.0, "percent_covered_display": "100", "missing_lines": 0, "excluded_lines": 0}, "missing_lines": [], "excluded_lines": []}}, "classes": {"HMCConfig": {"executed_lines": [], "summary": {"covered_lines": 0, "num_statements": 0, "percent_covered": 100.0, "percent_covered_display": "100", "missing_lines": 0, "excluded_lines": 0}, "missing_lines": [], "excluded_lines": []}, "": {"executed_lines": [1, 3, 5, 7, 10, 11, 12, 21, 22, 23, 24], "summary": {"covered_lines": 9, "num_statements": 9, "percent_covered": 100.0, "percent_covered_display": "100", "missing_lines": 0, "excluded_lines": 0}, "missing_lines": [], "excluded_lines": []}}}, "src/proteinsmc/models/lineage.py": {"executed_lines": [], "summary": {"covered_lines": 0, "num_statements": 0, "percent_covered": 100.0, "percent_covered_display": "100", "missing_lines": 0, "excluded_lines": 0}, "missing_lines": [], "excluded_lines": [], "functions": {"": {"executed_lines": [], "summary": {"covered_lines": 0, "num_statements": 0, "percent_covered": 100.0, "percent_covered_display": "100", "missing_lines": 0, "excluded_lines": 0}, "missing_lines": [], "excluded_lines": []}}, "classes": {"": {"executed_lines": [], "summary": {"covered_lines": 0, "num_statements": 0, "percent_covered": 100.0, "percent_covered_display": "100", "missing_lines": 0, "excluded_lines": 0}, "missing_lines": [], "excluded_lines": []}}}, "src/proteinsmc/models/mcmc.py": {"executed_lines": [1, 3, 5, 7, 9, 12, 13, 14, 22], "summary": {"covered_lines": 7, "num_statements": 7, "percent_covered": 100.0, "percent_covered_display": "100", "missing_lines": 0, "excluded_lines": 0}, "missing_lines": [], "excluded_lines": [], "functions": {"": {"executed_lines": [1, 3, 5, 7, 9, 12, 13, 14, 22], "summary": {"covered_lines": 7, "num_statements": 7, "percent_covered": 100.0, "percent_covered_display": "100", "missing_lines": 0, "excluded_lines": 0}, "missing_lines": [], "excluded_lines": []}}, "classes": {"MCMCConfig": {"executed_lines": [], "summary": {"covered_lines": 0, "num_statements": 0, "percent_covered": 100.0, "percent_covered_display": "100", "missing_lines": 0, "excluded_lines": 0}, "missing_lines": [], "excluded_lines": []}, "": {"executed_lines": [1, 3, 5, 7, 9, 12, 13, 14, 22], "summary": {"covered_lines": 7, "num_statements": 7, "percent_covered": 100.0, "percent_covered_display": "100", "missing_lines": 0, "excluded_lines": 0}, "missing_lines": [], "excluded_lines": []}}}, "src/proteinsmc/models/memory.py": {"executed_lines": [1, 3, 5, 8, 9, 10, 12, 13, 14, 15, 16, 18, 20, 23, 26, 29, 33, 35, 36, 39, 44, 45, 46, 48, 49, 50, 51, 52], "summary": {"covered_lines": 25, "num_statements": 37, "percent_covered": 67.56756756756756, "percent_covered_display": "68", "missing_lines": 12, "excluded_lines": 0}, "missing_lines": [21, 22, 24, 25, 27, 28, 30, 31, 37, 38, 40, 41], "excluded_lines": [], "functions": {"MemoryConfig._validate_types": {"executed_lines": [20, 23, 26, 29], "summary": {"covered_lines": 4, "num_statements": 12, "percent_covered": 33.333333333333336, "percent_covered_display": "33", "missing_lines": 8, "excluded_lines": 0}, "missing_lines": [21, 22, 24, 25, 27, 28, 30, 31], "excluded_lines": []}, "MemoryConfig.__post_init__": {"executed_lines": [35, 36, 39], "summary": {"covered_lines": 3, "num_statements": 7, "percent_covered": 42.857142857142854, "percent_covered_display": "43", "missing_lines": 4, "excluded_lines": 0}, "missing_lines": [37, 38, 40, 41], "excluded_lines": []}, "": {"executed_lines": [1, 3, 5, 8, 9, 10, 12, 13, 14, 15, 16, 18, 33, 44, 45, 46, 48, 49, 50, 51, 52], "summary": {"covered_lines": 18, "num_statements": 18, "percent_covered": 100.0, "percent_covered_display": "100", "missing_lines": 0, "excluded_lines": 0}, "missing_lines": [], "excluded_lines": []}}, "classes": {"MemoryConfig": {"executed_lines": [20, 23, 26, 29, 35, 36, 39], "summary": {"covered_lines": 7, "num_statements": 19, "percent_covered": 36.8421052631579, "percent_covered_display": "37", "missing_lines": 12, "excluded_lines": 0}, "missing_lines": [21, 22, 24, 25, 27, 28, 30, 31, 37, 38, 40, 41], "excluded_lines": []}, "AutoTuningConfig": {"executed_lines": [], "summary": {"covered_lines": 0, "num_statements": 0, "percent_covered": 100.0, "percent_covered_display": "100", "missing_lines": 0, "excluded_lines": 0}, "missing_lines": [], "excluded_lines": []}, "": {"executed_lines": [1, 3, 5, 8, 9, 10, 12, 13, 14, 15, 16, 18, 33, 44, 45, 46, 48, 49, 50, 51, 52], "summary": {"covered_lines": 18, "num_statements": 18, "percent_covered": 100.0, "percent_covered_display": "100", "missing_lines": 0, "excluded_lines": 0}, "missing_lines": [], "excluded_lines": []}}}, "src/proteinsmc/models/mutation.py": {"executed_lines": [], "summary": {"covered_lines": 0, "num_statements": 5, "percent_covered": 0.0, "percent_covered_display": "0", "missing_lines": 5, "excluded_lines": 0}, "missing_lines": [3, 5, 7, 9, 11], "excluded_lines": [], "functions": {"": {"executed_lines": [], "summary": {"covered_lines": 0, "num_statements": 5, "percent_covered": 0.0, "percent_covered_display": "0", "missing_lines": 5, "excluded_lines": 0}, "missing_lines": [3, 5, 7, 9, 11], "excluded_lines": []}}, "classes": {"": {"executed_lines": [], "summary": {"covered_lines": 0, "num_statements": 5, "percent_covered": 0.0, "percent_covered_display": "0", "missing_lines": 5, "excluded_lines": 0}, "missing_lines": [3, 5, 7, 9, 11], "excluded_lines": []}}}, "src/proteinsmc/models/nk_landscape.py": {"executed_lines": [1, 3, 5, 6, 8, 10, 17, 18, 19, 28, 29, 30, 33, 34, 42, 43], "summary": {"covered_lines": 12, "num_statements": 12, "percent_covered": 100.0, "percent_covered_display": "100", "missing_lines": 0, "excluded_lines": 4}, "missing_lines": [], "excluded_lines": [10, 11, 13, 14], "functions": {"": {"executed_lines": [1, 3, 5, 6, 8, 10, 17, 18, 19, 28, 29, 30, 33, 34, 42, 43], "summary": {"covered_lines": 12, "num_statements": 12, "percent_covered": 100.0, "percent_covered_display": "100", "missing_lines": 0, "excluded_lines": 4}, "missing_lines": [], "excluded_lines": [10, 11, 13, 14]}}, "classes": {"NKLandscapeConfig": {"executed_lines": [], "summary": {"covered_lines": 0, "num_statements": 0, "percent_covered": 100.0, "percent_covered_display": "100", "missing_lines": 0, "excluded_lines": 0}, "missing_lines": [], "excluded_lines": []}, "NKLandscape": {"executed_lines": [], "summary": {"covered_lines": 0, "num_statements": 0, "percent_covered": 100.0, "percent_covered_display": "100", "missing_lines": 0, "excluded_lines": 0}, "missing_lines": [], "excluded_lines": []}, "": {"executed_lines": [1, 3, 5, 6, 8, 10, 17, 18, 19, 28, 29, 30, 33, 34, 42, 43], "summary": {"covered_lines": 12, "num_statements": 12, "percent_covered": 100.0, "percent_covered_display": "100", "missing_lines": 0, "excluded_lines": 4}, "missing_lines": [], "excluded_lines": [10, 11, 13, 14]}}}, "src/proteinsmc/models/nuts.py": {"executed_lines": [1, 3, 5, 7, 10, 11, 12, 24, 25], "summary": {"covered_lines": 7, "num_statements": 7, "percent_covered": 100.0, "percent_covered_display": "100", "missing_lines": 0, "excluded_lines": 0}, "missing_lines": [], "excluded_lines": [], "functions": {"": {"executed_lines": [1, 3, 5, 7, 10, 11, 12, 24, 25], "summary": {"covered_lines": 7, "num_statements": 7, "percent_covered": 100.0, "percent_covered_display": "100", "missing_lines": 0, "excluded_lines": 0}, "missing_lines": [], "excluded_lines": []}}, "classes": {"NUTSConfig": {"executed_lines": [], "summary": {"covered_lines": 0, "num_statements": 0, "percent_covered": 100.0, "percent_covered_display": "100", "missing_lines": 0, "excluded_lines": 0}, "missing_lines": [], "excluded_lines": []}, "": {"executed_lines": [1, 3, 5, 7, 10, 11, 12, 24, 25], "summary": {"covered_lines": 7, "num_statements": 7, "percent_covered": 100.0, "percent_covered_display": "100", "missing_lines": 0, "excluded_lines": 0}, "missing_lines": [], "excluded_lines": []}}}, "src/proteinsmc/models/parallel_replica.py": {"executed_lines": [1, 3, 5, 6, 8, 10, 19, 20, 21, 23, 24, 25, 26, 27, 28, 29, 30, 33, 34, 35, 37, 38, 39, 40, 41, 42, 43, 45, 47, 48, 49, 50, 51, 54, 57, 58, 59, 60, 61, 62, 65, 66, 67, 69, 70, 71, 72, 73, 74, 75, 77, 78, 90, 91, 93], "summary": {"covered_lines": 50, "num_statements": 55, "percent_covered": 90.9090909090909, "percent_covered_display": "91", "missing_lines": 5, "excluded_lines": 5}, "missing_lines": [52, 53, 55, 56, 80], "excluded_lines": [10, 11, 13, 15, 16], "functions": {"ParallelReplicaConfig.__post_init__": {"executed_lines": [47, 48, 49, 50, 51, 54, 57, 58, 59, 60, 61, 62], "summary": {"covered_lines": 12, "num_statements": 16, "percent_covered": 75.0, "percent_covered_display": "75", "missing_lines": 4, "excluded_lines": 0}, "missing_lines": [52, 53, 55, 56], "excluded_lines": []}, "PRSMCOutput.per_gen_stats_metrics": {"executed_lines": [], "summary": {"covered_lines": 0, "num_statements": 1, "percent_covered": 0.0, "percent_covered_display": "0", "missing_lines": 1, "excluded_lines": 0}, "missing_lines": [80], "excluded_lines": []}, "PRSMCOutput.output_type_name": {"executed_lines": [93], "summary": {"covered_lines": 1, "num_statements": 1, "percent_covered": 100.0, "percent_covered_display": "100", "missing_lines": 0, "excluded_lines": 0}, "missing_lines": [], "excluded_lines": []}, "": {"executed_lines": [1, 3, 5, 6, 8, 10, 19, 20, 21, 23, 24, 25, 26, 27, 28, 29, 30, 33, 34, 35, 37, 38, 39, 40, 41, 42, 43, 45, 65, 66, 67, 69, 70, 71, 72, 73, 74, 75, 77, 78, 90, 91], "summary": {"covered_lines": 37, "num_statements": 37, "percent_covered": 100.0, "percent_covered_display": "100", "missing_lines": 0, "excluded_lines": 5}, "missing_lines": [], "excluded_lines": [10, 11, 13, 15, 16]}}, "classes": {"ExchangeConfig": {"executed_lines": [], "summary": {"covered_lines": 0, "num_statements": 0, "percent_covered": 100.0, "percent_covered_display": "100", "missing_lines": 0, "excluded_lines": 0}, "missing_lines": [], "excluded_lines": []}, "ParallelReplicaConfig": {"executed_lines": [47, 48, 49, 50, 51, 54, 57, 58, 59, 60, 61, 62], "summary": {"covered_lines": 12, "num_statements": 16, "percent_covered": 75.0, "percent_covered_display": "75", "missing_lines": 4, "excluded_lines": 0}, "missing_lines": [52, 53, 55, 56], "excluded_lines": []}, "PRSMCOutput": {"executed_lines": [93], "summary": {"covered_lines": 1, "num_statements": 2, "percent_covered": 50.0, "percent_covered_display": "50", "missing_lines": 1, "excluded_lines": 0}, "missing_lines": [80], "excluded_lines": []}, "": {"executed_lines": [1, 3, 5, 6, 8, 10, 19, 20, 21, 23, 24, 25, 26, 27, 28, 29, 30, 33, 34, 35, 37, 38, 39, 40, 41, 42, 43, 45, 65, 66, 67, 69, 70, 71, 72, 73, 74, 75, 77, 78, 90, 91], "summary": {"covered_lines": 37, "num_statements": 37, "percent_covered": 100.0, "percent_covered_display": "100", "missing_lines": 0, "excluded_lines": 5}, "missing_lines": [], "excluded_lines": [10, 11, 13, 15, 16]}}}, "src/proteinsmc/models/sampler_base.py": {"executed_lines": [1, 3, 5, 6, 7, 8, 10, 11, 12, 13, 14, 15, 16, 17, 18, 20, 22, 30, 32, 37, 38, 39, 44, 45, 47, 48, 51, 52, 56, 57, 59, 61, 64, 66, 67, 68, 69, 70, 71, 77, 80, 82, 84, 90, 93, 96, 99, 102, 105, 113, 121, 125, 127, 130, 133, 136, 142, 144, 145, 146, 148, 150, 151, 154, 155, 156, 159, 182, 183, 188, 189, 192, 193, 195, 229], "summary": {"covered_lines": 70, "num_statements": 125, "percent_covered": 56.0, "percent_covered_display": "56", "missing_lines": 55, "excluded_lines": 6}, "missing_lines": [88, 89, 91, 92, 94, 95, 97, 98, 100, 101, 103, 104, 111, 112, 119, 120, 122, 123, 128, 129, 131, 132, 134, 135, 139, 140, 157, 158, 162, 163, 167, 169, 170, 171, 172, 173, 174, 178, 180, 185, 220, 221, 222, 223, 224, 225, 226, 234, 235, 236, 238, 239, 240, 242, 243], "excluded_lines": [22, 23, 24, 25, 27, 28], "functions": {"BaseSamplerConfig._validate_types": {"executed_lines": [84, 90, 93, 96, 99, 102, 105, 113, 121], "summary": {"covered_lines": 9, "num_statements": 27, "percent_covered": 33.333333333333336, "percent_covered_display": "33", "missing_lines": 18, "excluded_lines": 0}, "missing_lines": [88, 89, 91, 92, 94, 95, 97, 98, 100, 101, 103, 104, 111, 112, 119, 120, 122, 123], "excluded_lines": []}, "BaseSamplerConfig._check_values": {"executed_lines": [127, 130, 133, 136], "summary": {"covered_lines": 4, "num_statements": 12, "percent_covered": 33.333333333333336, "percent_covered_display": "33", "missing_lines": 8, "excluded_lines": 0}, "missing_lines": [128, 129, 131, 132, 134, 135, 139, 140], "excluded_lines": []}, "BaseSamplerConfig.__post_init__": {"executed_lines": [144, 145, 146], "summary": {"covered_lines": 3, "num_statements": 3, "percent_covered": 100.0, "percent_covered_display": "100", "missing_lines": 0, "excluded_lines": 0}, "missing_lines": [], "excluded_lines": []}, "BaseSamplerConfig._initialize_device_mesh": {"executed_lines": [150, 151, 154, 155, 156, 159], "summary": {"covered_lines": 6, "num_statements": 19, "percent_covered": 31.57894736842105, "percent_covered_display": "32", "missing_lines": 13, "excluded_lines": 0}, "missing_lines": [157, 158, 162, 163, 167, 169, 170, 171, 172, 173, 174, 178, 180], "excluded_lines": []}, "BaseSamplerConfig.additional_config_fields": {"executed_lines": [], "summary": {"covered_lines": 0, "num_statements": 1, "percent_covered": 0.0, "percent_covered_display": "0", "missing_lines": 1, "excluded_lines": 0}, "missing_lines": [185], "excluded_lines": []}, "SamplerState.__init__": {"executed_lines": [], "summary": {"covered_lines": 0, "num_statements": 7, "percent_covered": 0.0, "percent_covered_display": "0", "missing_lines": 7, "excluded_lines": 0}, "missing_lines": [220, 221, 222, 223, 224, 225, 226], "excluded_lines": []}, "config_to_jax": {"executed_lines": [], "summary": {"covered_lines": 0, "num_statements": 8, "percent_covered": 0.0, "percent_covered_display": "0", "missing_lines": 8, "excluded_lines": 0}, "missing_lines": [234, 235, 236, 238, 239, 240, 242, 243], "excluded_lines": []}, "": {"executed_lines": [1, 3, 5, 6, 7, 8, 10, 11, 12, 13, 14, 15, 16, 17, 18, 20, 22, 30, 32, 37, 38, 39, 44, 45, 47, 48, 51, 52, 56, 57, 59, 61, 64, 66, 67, 68, 69, 70, 71, 77, 80, 82, 125, 142, 148, 182, 183, 188, 189, 192, 193, 195, 229], "summary": {"covered_lines": 48, "num_statements": 48, "percent_covered": 100.0, "percent_covered_display": "100", "missing_lines": 0, "excluded_lines": 6}, "missing_lines": [], "excluded_lines": [22, 23, 24, 25, 27, 28]}}, "classes": {"BaseSamplerConfig": {"executed_lines": [84, 90, 93, 96, 99, 102, 105, 113, 121, 127, 130, 133, 136, 144, 145, 146, 150, 151, 154, 155, 156, 159], "summary": {"covered_lines": 22, "num_statements": 62, "percent_covered": 35.483870967741936, "percent_covered_display": "35", "missing_lines": 40, "excluded_lines": 0}, "missing_lines": [88, 89, 91, 92, 94, 95, 97, 98, 100, 101, 103, 104, 111, 112, 119, 120, 122, 123, 128, 129, 131, 132, 134, 135, 139, 140, 157, 158, 162, 163, 167, 169, 170, 171, 172, 173, 174, 178, 180, 185], "excluded_lines": []}, "SamplerOutputProtocol": {"executed_lines": [], "summary": {"covered_lines": 0, "num_statements": 0, "percent_covered": 100.0, "percent_covered_display": "100", "missing_lines": 0, "excluded_lines": 0}, "missing_lines": [], "excluded_lines": []}, "SamplerState": {"executed_lines": [], "summary": {"covered_lines": 0, "num_statements": 7, "percent_covered": 0.0, "percent_covered_display": "0", "missing_lines": 7, "excluded_lines": 0}, "missing_lines": [220, 221, 222, 223, 224, 225, 226], "excluded_lines": []}, "": {"executed_lines": [1, 3, 5, 6, 7, 8, 10, 11, 12, 13, 14, 15, 16, 17, 18, 20, 22, 30, 32, 37, 38, 39, 44, 45, 47, 48, 51, 52, 56, 57, 59, 61, 64, 66, 67, 68, 69, 70, 71, 77, 80, 82, 125, 142, 148, 182, 183, 188, 189, 192, 193, 195, 229], "summary": {"covered_lines": 48, "num_statements": 56, "percent_covered": 85.71428571428571, "percent_covered_display": "86", "missing_lines": 8, "excluded_lines": 6}, "missing_lines": [234, 235, 236, 238, 239, 240, 242, 243], "excluded_lines": [22, 23, 24, 25, 27, 28]}}}, "src/proteinsmc/models/smc.py": {"executed_lines": [1, 3, 5, 6, 7, 8, 10, 11, 12, 13, 14, 15, 17, 19, 22, 27, 28, 29, 30, 31, 32, 33, 35, 37, 42, 43, 45, 46, 47, 48, 49, 50, 51, 52, 53, 54, 57, 58, 59, 61, 62, 63, 64, 67, 68, 69, 72, 73, 74, 76, 78, 81, 83, 85, 86, 89, 91, 92, 99, 100, 101, 103, 104, 105, 106, 107, 108, 109, 110, 112, 113, 124, 125, 132, 133], "summary": {"covered_lines": 70, "num_statements": 78, "percent_covered": 89.74358974358974, "percent_covered_display": "90", "missing_lines": 8, "excluded_lines": 2}, "missing_lines": [79, 80, 87, 88, 94, 115, 127, 135], "excluded_lines": [19, 20], "functions": {"SMCConfig._validate_types": {"executed_lines": [78, 81], "summary": {"covered_lines": 2, "num_statements": 4, "percent_covered": 50.0, "percent_covered_display": "50", "missing_lines": 2, "excluded_lines": 0}, "missing_lines": [79, 80], "excluded_lines": []}, "SMCConfig.__post_init__": {"executed_lines": [85, 86, 89], "summary": {"covered_lines": 3, "num_statements": 5, "percent_covered": 60.0, "percent_covered_display": "60", "missing_lines": 2, "excluded_lines": 0}, "missing_lines": [87, 88], "excluded_lines": []}, "SMCConfig.additional_config_fields": {"executed_lines": [], "summary": {"covered_lines": 0, "num_statements": 1, "percent_covered": 0.0, "percent_covered_display": "0", "missing_lines": 1, "excluded_lines": 0}, "missing_lines": [94], "excluded_lines": []}, "SMCOutput.per_gen_stats_metrics": {"executed_lines": [], "summary": {"covered_lines": 0, "num_statements": 1, "percent_covered": 0.0, "percent_covered_display": "0", "missing_lines": 1, "excluded_lines": 0}, "missing_lines": [115], "excluded_lines": []}, "SMCOutput.summary_stats_metrics": {"executed_lines": [], "summary": {"covered_lines": 0, "num_statements": 1, "percent_covered": 0.0, "percent_covered_display": "0", "missing_lines": 1, "excluded_lines": 0}, "missing_lines": [127], "excluded_lines": []}, "SMCOutput.output_type_name": {"executed_lines": [], "summary": {"covered_lines": 0, "num_statements": 1, "percent_covered": 0.0, "percent_covered_display": "0", "missing_lines": 1, "excluded_lines": 0}, "missing_lines": [135], "excluded_lines": []}, "": {"executed_lines": [1, 3, 5, 6, 7, 8, 10, 11, 12, 13, 14, 15, 17, 19, 22, 27, 28, 29, 30, 31, 32, 33, 35, 37, 42, 43, 45, 46, 47, 48, 49, 50, 51, 52, 53, 54, 57, 58, 59, 61, 62, 63, 64, 67, 68, 69, 72, 73, 74, 76, 83, 91, 92, 99, 100, 101, 103, 104, 105, 106, 107, 108, 109, 110, 112, 113, 124, 125, 132, 133], "summary": {"covered_lines": 65, "num_statements": 65, "percent_covered": 100.0, "percent_covered_display": "100", "missing_lines": 0, "excluded_lines": 2}, "missing_lines": [], "excluded_lines": [19, 20]}}, "classes": {"SMCAlgorithm": {"executed_lines": [], "summary": {"covered_lines": 0, "num_statements": 0, "percent_covered": 100.0, "percent_covered_display": "100", "missing_lines": 0, "excluded_lines": 0}, "missing_lines": [], "excluded_lines": []}, "SMCConfig": {"executed_lines": [78, 81, 85, 86, 89], "summary": {"covered_lines": 5, "num_statements": 10, "percent_covered": 50.0, "percent_covered_display": "50", "missing_lines": 5, "excluded_lines": 0}, "missing_lines": [79, 80, 87, 88, 94], "excluded_lines": []}, "SMCOutput": {"executed_lines": [], "summary": {"covered_lines": 0, "num_statements": 3, "percent_covered": 0.0, "percent_covered_display": "0", "missing_lines": 3, "excluded_lines": 0}, "missing_lines": [115, 127, 135], "excluded_lines": []}, "": {"executed_lines": [1, 3, 5, 6, 7, 8, 10, 11, 12, 13, 14, 15, 17, 19, 22, 27, 28, 29, 30, 31, 32, 33, 35, 37, 42, 43, 45, 46, 47, 48, 49, 50, 51, 52, 53, 54, 57, 58, 59, 61, 62, 63, 64, 67, 68, 69, 72, 73, 74, 76, 83, 91, 92, 99, 100, 101, 103, 104, 105, 106, 107, 108, 109, 110, 112, 113, 124, 125, 132, 133], "summary": {"covered_lines": 65, "num_statements": 65, "percent_covered": 100.0, "percent_covered_display": "100", "missing_lines": 0, "excluded_lines": 2}, "missing_lines": [], "excluded_lines": [19, 20]}}}, "src/proteinsmc/models/translation.py": {"executed_lines": [], "summary": {"covered_lines": 0, "num_statements": 9, "percent_covered": 0.0, "percent_covered_display": "0", "missing_lines": 9, "excluded_lines": 2}, "missing_lines": [3, 5, 6, 8, 14, 17, 18, 19, 22], "excluded_lines": [10, 11], "functions": {"": {"executed_lines": [], "summary": {"covered_lines": 0, "num_statements": 9, "percent_covered": 0.0, "percent_covered_display": "0", "missing_lines": 9, "excluded_lines": 2}, "missing_lines": [3, 5, 6, 8, 14, 17, 18, 19, 22], "excluded_lines": [10, 11]}}, "classes": {"TranslateKwargs": {"executed_lines": [], "summary": {"covered_lines": 0, "num_statements": 0, "percent_covered": 100.0, "percent_covered_display": "100", "missing_lines": 0, "excluded_lines": 0}, "missing_lines": [], "excluded_lines": []}, "": {"executed_lines": [], "summary": {"covered_lines": 0, "num_statements": 9, "percent_covered": 0.0, "percent_covered_display": "0", "missing_lines": 9, "excluded_lines": 2}, "missing_lines": [3, 5, 6, 8, 14, 17, 18, 19, 22], "excluded_lines": [10, 11]}}}, "src/proteinsmc/models/types.py": {"executed_lines": [1, 8, 10, 12, 14, 15, 18, 19, 22, 23, 26, 27, 29, 35, 36, 41, 44, 45, 48, 49, 54], "summary": {"covered_lines": 16, "num_statements": 16, "percent_covered": 100.0, "percent_covered_display": "100", "missing_lines": 0, "excluded_lines": 4}, "missing_lines": [], "excluded_lines": [40, 41, 53, 54], "functions": {"Vmapped.__call__": {"executed_lines": [41], "summary": {"covered_lines": 0, "num_statements": 0, "percent_covered": 100.0, "percent_covered_display": "100", "missing_lines": 0, "excluded_lines": 1}, "missing_lines": [], "excluded_lines": [41]}, "VmappedTranslation.__call__": {"executed_lines": [54], "summary": {"covered_lines": 0, "num_statements": 0, "percent_covered": 100.0, "percent_covered_display": "100", "missing_lines": 0, "excluded_lines": 1}, "missing_lines": [], "excluded_lines": [54]}, "": {"executed_lines": [1, 8, 10, 12, 14, 15, 18, 19, 22, 23, 26, 27, 29, 35, 36, 44, 45, 48, 49], "summary": {"covered_lines": 16, "num_statements": 16, "percent_covered": 100.0, "percent_covered_display": "100", "missing_lines": 0, "excluded_lines": 2}, "missing_lines": [], "excluded_lines": [40, 53]}}, "classes": {"Vmapped": {"executed_lines": [41], "summary": {"covered_lines": 0, "num_statements": 0, "percent_covered": 100.0, "percent_covered_display": "100", "missing_lines": 0, "excluded_lines": 1}, "missing_lines": [], "excluded_lines": [41]}, "VmappedTranslation": {"executed_lines": [54], "summary": {"covered_lines": 0, "num_statements": 0, "percent_covered": 100.0, "percent_covered_display": "100", "missing_lines": 0, "excluded_lines": 1}, "missing_lines": [], "excluded_lines": [54]}, "": {"executed_lines": [1, 8, 10, 12, 14, 15, 18, 19, 22, 23, 26, 27, 29, 35, 36, 44, 45, 48, 49], "summary": {"covered_lines": 16, "num_statements": 16, "percent_covered": 100.0, "percent_covered_display": "100", "missing_lines": 0, "excluded_lines": 2}, "missing_lines": [], "excluded_lines": [40, 53]}}}, "src/proteinsmc/runner.py": {"executed_lines": [1, 3, 5, 6, 7, 8, 10, 11, 13, 21, 27, 28, 31, 32, 33, 34, 35, 36, 37, 39, 48, 49, 51, 79, 80, 83, 97, 149, 174, 194, 233, 235, 236, 237, 240], "summary": {"covered_lines": 33, "num_statements": 94, "percent_covered": 35.1063829787234, "percent_covered_display": "35", "missing_lines": 61, "excluded_lines": 6}, "missing_lines": [85, 87, 91, 92, 94, 102, 105, 106, 112, 113, 116, 117, 118, 120, 124, 125, 127, 131, 136, 139, 146, 152, 163, 169, 171, 176, 177, 181, 183, 184, 185, 189, 191, 196, 198, 202, 203, 204, 206, 207, 208, 229, 230, 242, 243, 244, 245, 246, 251, 252, 253, 257, 258, 259, 279, 280, 288, 289, 293, 295, 296], "excluded_lines": [39, 40, 42, 44, 45, 46], "functions": {"_setup_writer_callback": {"executed_lines": [], "summary": {"covered_lines": 0, "num_statements": 3, "percent_covered": 0.0, "percent_covered_display": "0", "missing_lines": 3, "excluded_lines": 0}, "missing_lines": [85, 87, 94], "excluded_lines": []}, "_setup_writer_callback._io_callback": {"executed_lines": [], "summary": {"covered_lines": 0, "num_statements": 2, "percent_covered": 0.0, "percent_covered_display": "0", "missing_lines": 2, "excluded_lines": 0}, "missing_lines": [91, 92], "excluded_lines": []}, "_setup_fitness_function": {"executed_lines": [], "summary": {"covered_lines": 0, "num_statements": 16, "percent_covered": 0.0, "percent_covered_display": "0", "missing_lines": 16, "excluded_lines": 0}, "missing_lines": [102, 105, 106, 112, 113, 116, 117, 118, 120, 124, 125, 127, 131, 136, 139, 146], "excluded_lines": []}, "_setup_mutation_function": {"executed_lines": [], "summary": {"covered_lines": 0, "num_statements": 2, "percent_covered": 0.0, "percent_covered_display": "0", "missing_lines": 2, "excluded_lines": 0}, "missing_lines": [152, 171], "excluded_lines": []}, "_setup_mutation_function.mutation_fn": {"executed_lines": [], "summary": {"covered_lines": 0, "num_statements": 2, "percent_covered": 0.0, "percent_covered_display": "0", "missing_lines": 2, "excluded_lines": 0}, "missing_lines": [163, 169], "excluded_lines": []}, "_validate_config": {"executed_lines": [], "summary": {"covered_lines": 0, "num_statements": 8, "percent_covered": 0.0, "percent_covered_display": "0", "missing_lines": 8, "excluded_lines": 0}, "missing_lines": [176, 177, 181, 183, 184, 185, 189, 191], "excluded_lines": []}, "_get_inputs": {"executed_lines": [], "summary": {"covered_lines": 0, "num_statements": 7, "percent_covered": 0.0, "percent_covered_display": "0", "missing_lines": 7, "excluded_lines": 0}, "missing_lines": [196, 198, 206, 207, 208, 229, 230], "excluded_lines": []}, "_get_inputs._convert_to_list": {"executed_lines": [], "summary": {"covered_lines": 0, "num_statements": 3, "percent_covered": 0.0, "percent_covered_display": "0", "missing_lines": 3, "excluded_lines": 0}, "missing_lines": [202, 203, 204], "excluded_lines": []}, "run_experiment": {"executed_lines": [235, 236, 237, 240], "summary": {"covered_lines": 4, "num_statements": 22, "percent_covered": 18.181818181818183, "percent_covered_display": "18", "missing_lines": 18, "excluded_lines": 0}, "missing_lines": [242, 243, 244, 245, 246, 251, 252, 253, 257, 258, 259, 279, 280, 288, 289, 293, 295, 296], "excluded_lines": []}, "": {"executed_lines": [1, 3, 5, 6, 7, 8, 10, 11, 13, 21, 27, 28, 31, 32, 33, 34, 35, 36, 37, 39, 48, 49, 51, 79, 80, 83, 97, 149, 174, 194, 233], "summary": {"covered_lines": 29, "num_statements": 29, "percent_covered": 100.0, "percent_covered_display": "100", "missing_lines": 0, "excluded_lines": 6}, "missing_lines": [], "excluded_lines": [39, 40, 42, 44, 45, 46]}}, "classes": {"": {"executed_lines": [1, 3, 5, 6, 7, 8, 10, 11, 13, 21, 27, 28, 31, 32, 33, 34, 35, 36, 37, 39, 48, 49, 51, 79, 80, 83, 97, 149, 174, 194, 233, 235, 236, 237, 240], "summary": {"covered_lines": 33, "num_statements": 94, "percent_covered": 35.1063829787234, "percent_covered_display": "35", "missing_lines": 61, "excluded_lines": 6}, "missing_lines": [85, 87, 91, 92, 94, 102, 105, 106, 112, 113, 116, 117, 118, 120, 124, 125, 127, 131, 136, 139, 146, 152, 163, 169, 171, 176, 177, 181, 183, 184, 185, 189, 191, 196, 198, 202, 203, 204, 206, 207, 208, 229, 230, 242, 243, 244, 245, 246, 251, 252, 253, 257, 258, 259, 279, 280, 288, 289, 293, 295, 296], "excluded_lines": [39, 40, 42, 44, 45, 46]}}}, "src/proteinsmc/sampling/__init__.py": {"executed_lines": [1, 3, 4, 5, 6, 7, 8, 9, 11], "summary": {"covered_lines": 8, "num_statements": 8, "percent_covered": 100.0, "percent_covered_display": "100", "missing_lines": 0, "excluded_lines": 0}, "missing_lines": [], "excluded_lines": [], "functions": {"": {"executed_lines": [1, 3, 4, 5, 6, 7, 8, 9, 11], "summary": {"covered_lines": 8, "num_statements": 8, "percent_covered": 100.0, "percent_covered_display": "100", "missing_lines": 0, "excluded_lines": 0}, "missing_lines": [], "excluded_lines": []}}, "classes": {"": {"executed_lines": [1, 3, 4, 5, 6, 7, 8, 9, 11], "summary": {"covered_lines": 8, "num_statements": 8, "percent_covered": 100.0, "percent_covered_display": "100", "missing_lines": 0, "excluded_lines": 0}, "missing_lines": [], "excluded_lines": []}}}, "src/proteinsmc/sampling/gibbs.py": {"executed_lines": [1, 3, 5, 6, 8, 9, 10, 11, 13, 15, 24, 27, 38, 60, 61, 62, 64, 67, 81, 83, 84, 85, 86, 89, 90], "summary": {"covered_lines": 23, "num_statements": 48, "percent_covered": 47.916666666666664, "percent_covered_display": "48", "missing_lines": 25, "excluded_lines": 6}, "missing_lines": [29, 30, 31, 72, 73, 74, 75, 76, 77, 78, 79, 114, 115, 117, 118, 119, 120, 122, 127, 128, 135, 136, 142, 144, 145], "excluded_lines": [15, 16, 18, 20, 21, 22], "functions": {"initialize_gibbs_state": {"executed_lines": [], "summary": {"covered_lines": 0, "num_statements": 3, "percent_covered": 0.0, "percent_covered_display": "0", "missing_lines": 3, "excluded_lines": 0}, "missing_lines": [29, 30, 31], "excluded_lines": []}, "make_gibbs_update_fns": {"executed_lines": [60, 61, 62, 64, 83, 84, 85, 86], "summary": {"covered_lines": 8, "num_statements": 8, "percent_covered": 100.0, "percent_covered_display": "100", "missing_lines": 0, "excluded_lines": 0}, "missing_lines": [], "excluded_lines": []}, "make_gibbs_update_fns.update_fn_factory": {"executed_lines": [67, 81], "summary": {"covered_lines": 2, "num_statements": 2, "percent_covered": 100.0, "percent_covered_display": "100", "missing_lines": 0, "excluded_lines": 0}, "missing_lines": [], "excluded_lines": []}, "make_gibbs_update_fns.update_fn_factory.update_fn": {"executed_lines": [], "summary": {"covered_lines": 0, "num_statements": 8, "percent_covered": 0.0, "percent_covered_display": "0", "missing_lines": 8, "excluded_lines": 0}, "missing_lines": [72, 73, 74, 75, 76, 77, 78, 79], "excluded_lines": []}, "run_gibbs_loop": {"executed_lines": [], "summary": {"covered_lines": 0, "num_statements": 3, "percent_covered": 0.0, "percent_covered_display": "0", "missing_lines": 3, "excluded_lines": 0}, "missing_lines": [114, 144, 145], "excluded_lines": []}, "run_gibbs_loop.body_fn": {"executed_lines": [], "summary": {"covered_lines": 0, "num_statements": 11, "percent_covered": 0.0, "percent_covered_display": "0", "missing_lines": 11, "excluded_lines": 0}, "missing_lines": [115, 117, 118, 119, 120, 122, 127, 128, 135, 136, 142], "excluded_lines": []}, "": {"executed_lines": [1, 3, 5, 6, 8, 9, 10, 11, 13, 15, 24, 27, 38, 89, 90], "summary": {"covered_lines": 13, "num_statements": 13, "percent_covered": 100.0, "percent_covered_display": "100", "missing_lines": 0, "excluded_lines": 6}, "missing_lines": [], "excluded_lines": [15, 16, 18, 20, 21, 22]}}, "classes": {"": {"executed_lines": [1, 3, 5, 6, 8, 9, 10, 11, 13, 15, 24, 27, 38, 60, 61, 62, 64, 67, 81, 83, 84, 85, 86, 89, 90], "summary": {"covered_lines": 23, "num_statements": 48, "percent_covered": 47.916666666666664, "percent_covered_display": "48", "missing_lines": 25, "excluded_lines": 6}, "missing_lines": [29, 30, 31, 72, 73, 74, 75, 76, 77, 78, 79, 114, 115, 117, 118, 119, 120, 122, 127, 128, 135, 136, 142, 144, 145], "excluded_lines": [15, 16, 18, 20, 21, 22]}}}, "src/proteinsmc/sampling/hmc.py": {"executed_lines": [1, 3, 5, 6, 8, 9, 10, 11, 13, 15, 24, 27, 28, 29, 30, 33], "summary": {"covered_lines": 14, "num_statements": 25, "percent_covered": 56.0, "percent_covered_display": "56", "missing_lines": 11, "excluded_lines": 5}, "missing_lines": [53, 55, 57, 58, 63, 71, 72, 73, 79, 81, 82], "excluded_lines": [15, 16, 18, 20, 21], "functions": {"run_hmc_loop": {"executed_lines": [], "summary": {"covered_lines": 0, "num_statements": 4, "percent_covered": 0.0, "percent_covered_display": "0", "missing_lines": 4, "excluded_lines": 0}, "missing_lines": [53, 55, 81, 82], "excluded_lines": []}, "run_hmc_loop.body_fn": {"executed_lines": [], "summary": {"covered_lines": 0, "num_statements": 7, "percent_covered": 0.0, "percent_covered_display": "0", "missing_lines": 7, "excluded_lines": 0}, "missing_lines": [57, 58, 63, 71, 72, 73, 79], "excluded_lines": []}, "": {"executed_lines": [1, 3, 5, 6, 8, 9, 10, 11, 13, 15, 24, 27, 28, 29, 30, 33], "summary": {"covered_lines": 14, "num_statements": 14, "percent_covered": 100.0, "percent_covered_display": "100", "missing_lines": 0, "excluded_lines": 5}, "missing_lines": [], "excluded_lines": [15, 16, 18, 20, 21]}}, "classes": {"HMCOutput": {"executed_lines": [], "summary": {"covered_lines": 0, "num_statements": 0, "percent_covered": 100.0, "percent_covered_display": "100", "missing_lines": 0, "excluded_lines": 0}, "missing_lines": [], "excluded_lines": []}, "": {"executed_lines": [1, 3, 5, 6, 8, 9, 10, 11, 13, 15, 24, 27, 28, 29, 30, 33], "summary": {"covered_lines": 14, "num_statements": 25, "percent_covered": 56.0, "percent_covered_display": "56", "missing_lines": 11, "excluded_lines": 5}, "missing_lines": [53, 55, 57, 58, 63, 71, 72, 73, 79, 81, 82], "excluded_lines": [15, 16, 18, 20, 21]}}}, "src/proteinsmc/sampling/initialization_factory.py": {"executed_lines": [1, 7, 9, 11, 12, 13, 14, 15, 16, 17, 18, 20, 21, 22, 23, 24, 26, 32, 35, 36, 141, 183, 241, 290], "summary": {"covered_lines": 22, "num_statements": 101, "percent_covered": 21.782178217821784, "percent_covered_display": "22", "missing_lines": 79, "excluded_lines": 4}, "missing_lines": [83, 89, 90, 97, 98, 99, 100, 109, 110, 111, 112, 117, 118, 124, 129, 137, 138, 147, 148, 149, 150, 151, 152, 153, 154, 155, 156, 159, 160, 163, 166, 167, 169, 174, 207, 208, 209, 215, 216, 217, 218, 219, 220, 221, 222, 226, 227, 228, 229, 230, 231, 232, 233, 234, 235, 236, 237, 238, 265, 266, 268, 275, 278, 280, 315, 318, 319, 321, 326, 335, 336, 337, 342, 343, 346, 347, 348, 349, 352], "excluded_lines": [26, 27, 29, 30], "functions": {"initialize_sampler_state": {"executed_lines": [], "summary": {"covered_lines": 0, "num_statements": 17, "percent_covered": 0.0, "percent_covered_display": "0", "missing_lines": 17, "excluded_lines": 0}, "missing_lines": [83, 89, 90, 97, 98, 99, 100, 109, 110, 111, 112, 117, 118, 124, 129, 137, 138], "excluded_lines": []}, "_initialize_single_state": {"executed_lines": [], "summary": {"covered_lines": 0, "num_statements": 16, "percent_covered": 0.0, "percent_covered_display": "0", "missing_lines": 16, "excluded_lines": 0}, "missing_lines": [147, 148, 149, 150, 151, 152, 153, 154, 155, 156, 159, 160, 163, 166, 169, 174], "excluded_lines": []}, "_initialize_single_state.logdensity_fn": {"executed_lines": [], "summary": {"covered_lines": 0, "num_statements": 1, "percent_covered": 0.0, "percent_covered_display": "0", "missing_lines": 1, "excluded_lines": 0}, "missing_lines": [167], "excluded_lines": []}, "_initialize_blackjax_smc_state": {"executed_lines": [], "summary": {"covered_lines": 0, "num_statements": 24, "percent_covered": 0.0, "percent_covered_display": "0", "missing_lines": 24, "excluded_lines": 0}, "missing_lines": [207, 208, 209, 215, 216, 217, 218, 219, 220, 221, 222, 226, 227, 228, 229, 230, 231, 232, 233, 234, 235, 236, 237, 238], "excluded_lines": []}, "_initialize_smc_state": {"executed_lines": [], "summary": {"covered_lines": 0, "num_statements": 6, "percent_covered": 0.0, "percent_covered_display": "0", "missing_lines": 6, "excluded_lines": 0}, "missing_lines": [265, 266, 268, 275, 278, 280], "excluded_lines": []}, "_initialize_prsmc_state": {"executed_lines": [], "summary": {"covered_lines": 0, "num_statements": 15, "percent_covered": 0.0, "percent_covered_display": "0", "missing_lines": 15, "excluded_lines": 0}, "missing_lines": [315, 318, 319, 321, 326, 335, 336, 337, 342, 343, 346, 347, 348, 349, 352], "excluded_lines": []}, "": {"executed_lines": [1, 7, 9, 11, 12, 13, 14, 15, 16, 17, 18, 20, 21, 22, 23, 24, 26, 32, 35, 36, 141, 183, 241, 290], "summary": {"covered_lines": 22, "num_statements": 22, "percent_covered": 100.0, "percent_covered_display": "100", "missing_lines": 0, "excluded_lines": 4}, "missing_lines": [], "excluded_lines": [26, 27, 29, 30]}}, "classes": {"": {"executed_lines": [1, 7, 9, 11, 12, 13, 14, 15, 16, 17, 18, 20, 21, 22, 23, 24, 26, 32, 35, 36, 141, 183, 241, 290], "summary": {"covered_lines": 22, "num_statements": 101, "percent_covered": 21.782178217821784, "percent_covered_display": "22", "missing_lines": 79, "excluded_lines": 4}, "missing_lines": [83, 89, 90, 97, 98, 99, 100, 109, 110, 111, 112, 117, 118, 124, 129, 137, 138, 147, 148, 149, 150, 151, 152, 153, 154, 155, 156, 159, 160, 163, 166, 167, 169, 174, 207, 208, 209, 215, 216, 217, 218, 219, 220, 221, 222, 226, 227, 228, 229, 230, 231, 232, 233, 234, 235, 236, 237, 238, 265, 266, 268, 275, 278, 280, 315, 318, 319, 321, 326, 335, 336, 337, 342, 343, 346, 347, 348, 349, 352], "excluded_lines": [26, 27, 29, 30]}}}, "src/proteinsmc/sampling/mcmc.py": {"executed_lines": [1, 3, 5, 7, 8, 9, 10, 12, 14, 23], "summary": {"covered_lines": 8, "num_statements": 18, "percent_covered": 44.44444444444444, "percent_covered_display": "44", "missing_lines": 10, "excluded_lines": 5}, "missing_lines": [43, 45, 47, 48, 54, 62, 63, 69, 71, 72], "excluded_lines": [14, 15, 17, 19, 20], "functions": {"run_mcmc_loop": {"executed_lines": [], "summary": {"covered_lines": 0, "num_statements": 4, "percent_covered": 0.0, "percent_covered_display": "0", "missing_lines": 4, "excluded_lines": 0}, "missing_lines": [43, 45, 71, 72], "excluded_lines": []}, "run_mcmc_loop.body_fn": {"executed_lines": [], "summary": {"covered_lines": 0, "num_statements": 6, "percent_covered": 0.0, "percent_covered_display": "0", "missing_lines": 6, "excluded_lines": 0}, "missing_lines": [47, 48, 54, 62, 63, 69], "excluded_lines": []}, "": {"executed_lines": [1, 3, 5, 7, 8, 9, 10, 12, 14, 23], "summary": {"covered_lines": 8, "num_statements": 8, "percent_covered": 100.0, "percent_covered_display": "100", "missing_lines": 0, "excluded_lines": 5}, "missing_lines": [], "excluded_lines": [14, 15, 17, 19, 20]}}, "classes": {"": {"executed_lines": [1, 3, 5, 7, 8, 9, 10, 12, 14, 23], "summary": {"covered_lines": 8, "num_statements": 18, "percent_covered": 44.44444444444444, "percent_covered_display": "44", "missing_lines": 10, "excluded_lines": 5}, "missing_lines": [43, 45, 47, 48, 54, 62, 63, 69, 71, 72], "excluded_lines": [14, 15, 17, 19, 20]}}}, "src/proteinsmc/sampling/nk_landscape.py": {"executed_lines": [1, 7, 9, 10, 11, 13, 14, 15, 16, 18, 20, 23, 25, 26, 27, 28, 31, 32, 33, 42, 44, 48, 49, 54, 55, 72, 73, 75, 77, 79, 80, 82, 84, 86, 87, 88, 89, 90, 92, 93, 96, 97, 119, 121, 123, 124, 126, 129, 130, 137, 138, 139, 141, 143, 144, 146, 152, 153, 155, 157, 160, 161, 168], "summary": {"covered_lines": 60, "num_statements": 62, "percent_covered": 96.7741935483871, "percent_covered_display": "97", "missing_lines": 2, "excluded_lines": 2}, "missing_lines": [46, 51], "excluded_lines": [20, 21], "functions": {"InteractionCarry.tree_flatten": {"executed_lines": [], "summary": {"covered_lines": 0, "num_statements": 1, "percent_covered": 0.0, "percent_covered_display": "0", "missing_lines": 1, "excluded_lines": 0}, "missing_lines": [46], "excluded_lines": []}, "InteractionCarry.tree_unflatten": {"executed_lines": [], "summary": {"covered_lines": 0, "num_statements": 1, "percent_covered": 0.0, "percent_covered_display": "0", "missing_lines": 1, "excluded_lines": 0}, "missing_lines": [51], "excluded_lines": []}, "generate_nk_interactions": {"executed_lines": [72, 73, 75, 77, 82, 84, 92, 93], "summary": {"covered_lines": 8, "num_statements": 8, "percent_covered": 100.0, "percent_covered_display": "100", "missing_lines": 0, "excluded_lines": 0}, "missing_lines": [], "excluded_lines": []}, "generate_nk_interactions._get_neighbors": {"executed_lines": [79, 80], "summary": {"covered_lines": 2, "num_statements": 2, "percent_covered": 100.0, "percent_covered_display": "100", "missing_lines": 0, "excluded_lines": 0}, "missing_lines": [], "excluded_lines": []}, "generate_nk_interactions._select_for_site": {"executed_lines": [86, 87, 88, 89, 90], "summary": {"covered_lines": 5, "num_statements": 5, "percent_covered": 100.0, "percent_covered_display": "100", "missing_lines": 0, "excluded_lines": 0}, "missing_lines": [], "excluded_lines": []}, "generate_nk_model": {"executed_lines": [119, 121, 123, 124, 126], "summary": {"covered_lines": 5, "num_statements": 5, "percent_covered": 100.0, "percent_covered_display": "100", "missing_lines": 0, "excluded_lines": 0}, "missing_lines": [], "excluded_lines": []}, "calculate_nk_fitness_single": {"executed_lines": [137, 138, 139, 141, 155, 157], "summary": {"covered_lines": 6, "num_statements": 6, "percent_covered": 100.0, "percent_covered_display": "100", "missing_lines": 0, "excluded_lines": 0}, "missing_lines": [], "excluded_lines": []}, "calculate_nk_fitness_single.get_contribution_for_site": {"executed_lines": [143, 144, 146, 152, 153], "summary": {"covered_lines": 5, "num_statements": 5, "percent_covered": 100.0, "percent_covered_display": "100", "missing_lines": 0, "excluded_lines": 0}, "missing_lines": [], "excluded_lines": []}, "calculate_nk_fitness_population": {"executed_lines": [168], "summary": {"covered_lines": 1, "num_statements": 1, "percent_covered": 100.0, "percent_covered_display": "100", "missing_lines": 0, "excluded_lines": 0}, "missing_lines": [], "excluded_lines": []}, "": {"executed_lines": [1, 7, 9, 10, 11, 13, 14, 15, 16, 18, 20, 23, 25, 26, 27, 28, 31, 32, 33, 42, 44, 48, 49, 54, 55, 96, 97, 129, 130, 160, 161], "summary": {"covered_lines": 28, "num_statements": 28, "percent_covered": 100.0, "percent_covered_display": "100", "missing_lines": 0, "excluded_lines": 2}, "missing_lines": [], "excluded_lines": [20, 21]}}, "classes": {"InteractionCarry": {"executed_lines": [], "summary": {"covered_lines": 0, "num_statements": 2, "percent_covered": 0.0, "percent_covered_display": "0", "missing_lines": 2, "excluded_lines": 0}, "missing_lines": [46, 51], "excluded_lines": []}, "": {"executed_lines": [1, 7, 9, 10, 11, 13, 14, 15, 16, 18, 20, 23, 25, 26, 27, 28, 31, 32, 33, 42, 44, 48, 49, 54, 55, 72, 73, 75, 77, 79, 80, 82, 84, 86, 87, 88, 89, 90, 92, 93, 96, 97, 119, 121, 123, 124, 126, 129, 130, 137, 138, 139, 141, 143, 144, 146, 152, 153, 155, 157, 160, 161, 168], "summary": {"covered_lines": 60, "num_statements": 60, "percent_covered": 100.0, "percent_covered_display": "100", "missing_lines": 0, "excluded_lines": 2}, "missing_lines": [], "excluded_lines": [20, 21]}}}, "src/proteinsmc/sampling/nuts.py": {"executed_lines": [1, 9, 11, 12, 14, 15, 16, 17, 19, 21, 30, 33, 34, 35, 36, 39], "summary": {"covered_lines": 14, "num_statements": 25, "percent_covered": 56.0, "percent_covered_display": "56", "missing_lines": 11, "excluded_lines": 6}, "missing_lines": [66, 68, 70, 71, 78, 86, 87, 88, 94, 96, 97], "excluded_lines": [21, 22, 24, 25, 27, 28], "functions": {"run_nuts_loop": {"executed_lines": [], "summary": {"covered_lines": 0, "num_statements": 4, "percent_covered": 0.0, "percent_covered_display": "0", "missing_lines": 4, "excluded_lines": 0}, "missing_lines": [66, 68, 96, 97], "excluded_lines": []}, "run_nuts_loop.body_fn": {"executed_lines": [], "summary": {"covered_lines": 0, "num_statements": 7, "percent_covered": 0.0, "percent_covered_display": "0", "missing_lines": 7, "excluded_lines": 0}, "missing_lines": [70, 71, 78, 86, 87, 88, 94], "excluded_lines": []}, "": {"executed_lines": [1, 9, 11, 12, 14, 15, 16, 17, 19, 21, 30, 33, 34, 35, 36, 39], "summary": {"covered_lines": 14, "num_statements": 14, "percent_covered": 100.0, "percent_covered_display": "100", "missing_lines": 0, "excluded_lines": 6}, "missing_lines": [], "excluded_lines": [21, 22, 24, 25, 27, 28]}}, "classes": {"NUTSOutput": {"executed_lines": [], "summary": {"covered_lines": 0, "num_statements": 0, "percent_covered": 100.0, "percent_covered_display": "100", "missing_lines": 0, "excluded_lines": 0}, "missing_lines": [], "excluded_lines": []}, "": {"executed_lines": [1, 9, 11, 12, 14, 15, 16, 17, 19, 21, 30, 33, 34, 35, 36, 39], "summary": {"covered_lines": 14, "num_statements": 25, "percent_covered": 56.0, "percent_covered_display": "56", "missing_lines": 11, "excluded_lines": 6}, "missing_lines": [66, 68, 70, 71, 78, 86, 87, 88, 94, 96, 97], "excluded_lines": [21, 22, 24, 25, 27, 28]}}}, "src/proteinsmc/sampling/particle_systems/__init__.py": {"executed_lines": [1, 3, 4, 6], "summary": {"covered_lines": 3, "num_statements": 3, "percent_covered": 100.0, "percent_covered_display": "100", "missing_lines": 0, "excluded_lines": 0}, "missing_lines": [], "excluded_lines": [], "functions": {"": {"executed_lines": [1, 3, 4, 6], "summary": {"covered_lines": 3, "num_statements": 3, "percent_covered": 100.0, "percent_covered_display": "100", "missing_lines": 0, "excluded_lines": 0}, "missing_lines": [], "excluded_lines": []}}, "classes": {"": {"executed_lines": [1, 3, 4, 6], "summary": {"covered_lines": 3, "num_statements": 3, "percent_covered": 100.0, "percent_covered_display": "100", "missing_lines": 0, "excluded_lines": 0}, "missing_lines": [], "excluded_lines": []}}}, "src/proteinsmc/sampling/particle_systems/parallel_replica.py": {"executed_lines": [1, 3, 5, 6, 7, 9, 10, 11, 12, 13, 14, 16, 18, 28, 29, 32, 33, 34, 40, 41, 42, 43, 44, 45, 48, 49, 50, 56, 57, 58, 59, 60, 63, 78, 95, 252], "summary": {"covered_lines": 32, "num_statements": 104, "percent_covered": 30.76923076923077, "percent_covered_display": "31", "missing_lines": 72, "excluded_lines": 6}, "missing_lines": [70, 75, 84, 85, 110, 111, 112, 114, 116, 117, 120, 121, 122, 123, 124, 125, 127, 128, 139, 147, 148, 150, 156, 157, 159, 160, 162, 165, 174, 176, 188, 191, 192, 193, 194, 195, 196, 198, 210, 237, 238, 240, 249, 266, 267, 272, 276, 280, 281, 282, 284, 285, 286, 288, 295, 305, 310, 311, 315, 320, 323, 339, 340, 343, 352, 365, 371, 378, 390, 392, 394, 401], "excluded_lines": [18, 19, 21, 23, 24, 25], "functions": {"mutation_update_fn": {"executed_lines": [], "summary": {"covered_lines": 0, "num_statements": 2, "percent_covered": 0.0, "percent_covered_display": "0", "missing_lines": 2, "excluded_lines": 0}, "missing_lines": [70, 75], "excluded_lines": []}, "weight_fn": {"executed_lines": [], "summary": {"covered_lines": 0, "num_statements": 2, "percent_covered": 0.0, "percent_covered_display": "0", "missing_lines": 2, "excluded_lines": 0}, "missing_lines": [84, 85], "excluded_lines": []}, "migrate": {"executed_lines": [], "summary": {"covered_lines": 0, "num_statements": 18, "percent_covered": 0.0, "percent_covered_display": "0", "missing_lines": 18, "excluded_lines": 0}, "missing_lines": [110, 111, 112, 114, 116, 117, 120, 121, 122, 123, 124, 125, 127, 210, 237, 238, 240, 249], "excluded_lines": []}, "migrate.attempt_exchange_body": {"executed_lines": [], "summary": {"covered_lines": 0, "num_statements": 21, "percent_covered": 0.0, "percent_covered_display": "0", "missing_lines": 21, "excluded_lines": 0}, "missing_lines": [128, 139, 147, 148, 150, 156, 157, 159, 160, 162, 165, 174, 176, 188, 191, 192, 193, 194, 195, 196, 198], "excluded_lines": []}, "run_prsmc_loop": {"executed_lines": [], "summary": {"covered_lines": 0, "num_statements": 6, "percent_covered": 0.0, "percent_covered_display": "0", "missing_lines": 6, "excluded_lines": 0}, "missing_lines": [266, 267, 272, 392, 394, 401], "excluded_lines": []}, "run_prsmc_loop._prsmc_step": {"executed_lines": [], "summary": {"covered_lines": 0, "num_statements": 21, "percent_covered": 0.0, "percent_covered_display": "0", "missing_lines": 21, "excluded_lines": 0}, "missing_lines": [276, 280, 281, 282, 284, 288, 295, 305, 310, 311, 315, 320, 323, 339, 340, 343, 352, 365, 371, 378, 390], "excluded_lines": []}, "run_prsmc_loop._prsmc_step.single_island_weight_fn": {"executed_lines": [], "summary": {"covered_lines": 0, "num_statements": 2, "percent_covered": 0.0, "percent_covered_display": "0", "missing_lines": 2, "excluded_lines": 0}, "missing_lines": [285, 286], "excluded_lines": []}, "": {"executed_lines": [1, 3, 5, 6, 7, 9, 10, 11, 12, 13, 14, 16, 18, 28, 29, 32, 33, 34, 40, 41, 42, 43, 44, 45, 48, 49, 50, 56, 57, 58, 59, 60, 63, 78, 95, 252], "summary": {"covered_lines": 32, "num_statements": 32, "percent_covered": 100.0, "percent_covered_display": "100", "missing_lines": 0, "excluded_lines": 6}, "missing_lines": [], "excluded_lines": [18, 19, 21, 23, 24, 25]}}, "classes": {"MigrationInfo": {"executed_lines": [], "summary": {"covered_lines": 0, "num_statements": 0, "percent_covered": 100.0, "percent_covered_display": "100", "missing_lines": 0, "excluded_lines": 0}, "missing_lines": [], "excluded_lines": []}, "PRSMCOutput": {"executed_lines": [], "summary": {"covered_lines": 0, "num_statements": 0, "percent_covered": 100.0, "percent_covered_display": "100", "missing_lines": 0, "excluded_lines": 0}, "missing_lines": [], "excluded_lines": []}, "": {"executed_lines": [1, 3, 5, 6, 7, 9, 10, 11, 12, 13, 14, 16, 18, 28, 29, 32, 33, 34, 40, 41, 42, 43, 44, 45, 48, 49, 50, 56, 57, 58, 59, 60, 63, 78, 95, 252], "summary": {"covered_lines": 32, "num_statements": 104, "percent_covered": 30.76923076923077, "percent_covered_display": "31", "missing_lines": 72, "excluded_lines": 6}, "missing_lines": [70, 75, 84, 85, 110, 111, 112, 114, 116, 117, 120, 121, 122, 123, 124, 125, 127, 128, 139, 147, 148, 150, 156, 157, 159, 160, 162, 165, 174, 176, 188, 191, 192, 193, 194, 195, 196, 198, 210, 237, 238, 240, 249, 266, 267, 272, 276, 280, 281, 282, 284, 285, 286, 288, 295, 305, 310, 311, 315, 320, 323, 339, 340, 343, 352, 365, 371, 378, 390, 392, 394, 401], "excluded_lines": [18, 19, 21, 23, 24, 25]}}}, "src/proteinsmc/sampling/particle_systems/smc.py": {"executed_lines": [1, 3, 5, 6, 7, 9, 10, 11, 12, 13, 14, 15, 16, 18, 25, 26, 31, 38, 39, 40, 42, 43, 46, 67, 89, 90], "summary": {"covered_lines": 22, "num_statements": 57, "percent_covered": 38.59649122807018, "percent_covered_display": "39", "missing_lines": 35, "excluded_lines": 8}, "missing_lines": [53, 54, 55, 56, 57, 58, 59, 60, 61, 62, 63, 64, 74, 75, 76, 81, 82, 83, 84, 85, 86, 101, 108, 109, 110, 115, 119, 121, 125, 134, 135, 139, 144, 146, 153], "excluded_lines": [18, 19, 21, 23, 31, 32, 34, 35], "functions": {"resample": {"executed_lines": [], "summary": {"covered_lines": 0, "num_statements": 12, "percent_covered": 0.0, "percent_covered_display": "0", "missing_lines": 12, "excluded_lines": 0}, "missing_lines": [53, 54, 55, 56, 57, 58, 59, 60, 61, 62, 63, 64], "excluded_lines": []}, "create_smc_loop_func": {"executed_lines": [], "summary": {"covered_lines": 0, "num_statements": 9, "percent_covered": 0.0, "percent_covered_display": "0", "missing_lines": 9, "excluded_lines": 0}, "missing_lines": [74, 75, 76, 81, 82, 83, 84, 85, 86], "excluded_lines": []}, "run_smc_loop": {"executed_lines": [], "summary": {"covered_lines": 0, "num_statements": 4, "percent_covered": 0.0, "percent_covered_display": "0", "missing_lines": 4, "excluded_lines": 0}, "missing_lines": [101, 108, 146, 153], "excluded_lines": []}, "run_smc_loop.scan_body": {"executed_lines": [], "summary": {"covered_lines": 0, "num_statements": 9, "percent_covered": 0.0, "percent_covered_display": "0", "missing_lines": 9, "excluded_lines": 0}, "missing_lines": [109, 110, 115, 121, 125, 134, 135, 139, 144], "excluded_lines": []}, "run_smc_loop.scan_body.weight_fn": {"executed_lines": [], "summary": {"covered_lines": 0, "num_statements": 1, "percent_covered": 0.0, "percent_covered_display": "0", "missing_lines": 1, "excluded_lines": 0}, "missing_lines": [119], "excluded_lines": []}, "": {"executed_lines": [1, 3, 5, 6, 7, 9, 10, 11, 12, 13, 14, 15, 16, 18, 25, 26, 31, 38, 39, 40, 42, 43, 46, 67, 89, 90], "summary": {"covered_lines": 22, "num_statements": 22, "percent_covered": 100.0, "percent_covered_display": "100", "missing_lines": 0, "excluded_lines": 8}, "missing_lines": [], "excluded_lines": [18, 19, 21, 23, 31, 32, 34, 35]}}, "classes": {"SMCOutput": {"executed_lines": [], "summary": {"covered_lines": 0, "num_statements": 0, "percent_covered": 100.0, "percent_covered_display": "100", "missing_lines": 0, "excluded_lines": 0}, "missing_lines": [], "excluded_lines": []}, "": {"executed_lines": [1, 3, 5, 6, 7, 9, 10, 11, 12, 13, 14, 15, 16, 18, 25, 26, 31, 38, 39, 40, 42, 43, 46, 67, 89, 90], "summary": {"covered_lines": 22, "num_statements": 57, "percent_covered": 38.59649122807018, "percent_covered_display": "39", "missing_lines": 35, "excluded_lines": 8}, "missing_lines": [53, 54, 55, 56, 57, 58, 59, 60, 61, 62, 63, 64, 74, 75, 76, 81, 82, 83, 84, 85, 86, 101, 108, 109, 110, 115, 119, 121, 125, 134, 135, 139, 144, 146, 153], "excluded_lines": [18, 19, 21, 23, 31, 32, 34, 35]}}}, "src/proteinsmc/sampling/ste.py": {"executed_lines": [1, 12, 14, 16, 17, 18, 19, 21, 22, 23, 24, 25, 28, 33, 34, 35, 38, 39, 42, 48, 69, 70, 71, 72, 74, 75, 81, 82, 84, 85, 86, 87, 89, 90, 92, 94], "summary": {"covered_lines": 35, "num_statements": 35, "percent_covered": 100.0, "percent_covered_display": "100", "missing_lines": 0, "excluded_lines": 0}, "missing_lines": [], "excluded_lines": [], "functions": {"straight_through_estimator": {"executed_lines": [33, 34, 35], "summary": {"covered_lines": 3, "num_statements": 3, "percent_covered": 100.0, "percent_covered_display": "100", "missing_lines": 0, "excluded_lines": 0}, "missing_lines": [], "excluded_lines": []}, "create_pure_optimization_fn": {"executed_lines": [48, 74, 75, 94], "summary": {"covered_lines": 4, "num_statements": 4, "percent_covered": 100.0, "percent_covered_display": "100", "missing_lines": 0, "excluded_lines": 0}, "missing_lines": [], "excluded_lines": []}, "create_pure_optimization_fn.get_loss": {"executed_lines": [69, 70, 71, 72], "summary": {"covered_lines": 4, "num_statements": 4, "percent_covered": 100.0, "percent_covered_display": "100", "missing_lines": 0, "excluded_lines": 0}, "missing_lines": [], "excluded_lines": []}, "create_pure_optimization_fn.run_optimization_loop": {"executed_lines": [81, 82, 84, 89, 90, 92], "summary": {"covered_lines": 6, "num_statements": 6, "percent_covered": 100.0, "percent_covered_display": "100", "missing_lines": 0, "excluded_lines": 0}, "missing_lines": [], "excluded_lines": []}, "create_pure_optimization_fn.run_optimization_loop.step_fn": {"executed_lines": [85, 86, 87], "summary": {"covered_lines": 3, "num_statements": 3, "percent_covered": 100.0, "percent_covered_display": "100", "missing_lines": 0, "excluded_lines": 0}, "missing_lines": [], "excluded_lines": []}, "": {"executed_lines": [1, 12, 14, 16, 17, 18, 19, 21, 22, 23, 24, 25, 28, 38, 39, 42], "summary": {"covered_lines": 15, "num_statements": 15, "percent_covered": 100.0, "percent_covered_display": "100", "missing_lines": 0, "excluded_lines": 0}, "missing_lines": [], "excluded_lines": []}}, "classes": {"": {"executed_lines": [1, 12, 14, 16, 17, 18, 19, 21, 22, 23, 24, 25, 28, 33, 34, 35, 38, 39, 42, 48, 69, 70, 71, 72, 74, 75, 81, 82, 84, 85, 86, 87, 89, 90, 92, 94], "summary": {"covered_lines": 35, "num_statements": 35, "percent_covered": 100.0, "percent_covered_display": "100", "missing_lines": 0, "excluded_lines": 0}, "missing_lines": [], "excluded_lines": []}}}, "src/proteinsmc/scoring/__init__.py": {"executed_lines": [1, 3, 4, 5, 7], "summary": {"covered_lines": 4, "num_statements": 4, "percent_covered": 100.0, "percent_covered_display": "100", "missing_lines": 0, "excluded_lines": 0}, "missing_lines": [], "excluded_lines": [], "functions": {"": {"executed_lines": [1, 3, 4, 5, 7], "summary": {"covered_lines": 4, "num_statements": 4, "percent_covered": 100.0, "percent_covered_display": "100", "missing_lines": 0, "excluded_lines": 0}, "missing_lines": [], "excluded_lines": []}}, "classes": {"": {"executed_lines": [1, 3, 4, 5, 7], "summary": {"covered_lines": 4, "num_statements": 4, "percent_covered": 100.0, "percent_covered_display": "100", "missing_lines": 0, "excluded_lines": 0}, "missing_lines": [], "excluded_lines": []}}}, "src/proteinsmc/scoring/cai.py": {"executed_lines": [1, 3, 5, 7, 8, 10, 16, 22, 25, 33, 34, 40, 41, 43, 46, 60, 61, 62, 63, 64, 65, 66, 67, 68, 69, 70], "summary": {"covered_lines": 24, "num_statements": 24, "percent_covered": 100.0, "percent_covered_display": "100", "missing_lines": 0, "excluded_lines": 4}, "missing_lines": [], "excluded_lines": [16, 17, 19, 20], "functions": {"make_cai_score": {"executed_lines": [33, 34, 43], "summary": {"covered_lines": 3, "num_statements": 3, "percent_covered": 100.0, "percent_covered_display": "100", "missing_lines": 0, "excluded_lines": 0}, "missing_lines": [], "excluded_lines": []}, "make_cai_score._cai_score": {"executed_lines": [40, 41], "summary": {"covered_lines": 2, "num_statements": 2, "percent_covered": 100.0, "percent_covered_display": "100", "missing_lines": 0, "excluded_lines": 0}, "missing_lines": [], "excluded_lines": []}, "cai_score": {"executed_lines": [60, 61, 62, 63, 64, 65, 66, 67, 68, 69, 70], "summary": {"covered_lines": 11, "num_statements": 11, "percent_covered": 100.0, "percent_covered_display": "100", "missing_lines": 0, "excluded_lines": 0}, "missing_lines": [], "excluded_lines": []}, "": {"executed_lines": [1, 3, 5, 7, 8, 10, 16, 22, 25, 46], "summary": {"covered_lines": 8, "num_statements": 8, "percent_covered": 100.0, "percent_covered_display": "100", "missing_lines": 0, "excluded_lines": 4}, "missing_lines": [], "excluded_lines": [16, 17, 19, 20]}}, "classes": {"": {"executed_lines": [1, 3, 5, 7, 8, 10, 16, 22, 25, 33, 34, 40, 41, 43, 46, 60, 61, 62, 63, 64, 65, 66, 67, 68, 69, 70], "summary": {"covered_lines": 24, "num_statements": 24, "percent_covered": 100.0, "percent_covered_display": "100", "missing_lines": 0, "excluded_lines": 4}, "missing_lines": [], "excluded_lines": [16, 17, 19, 20]}}}, "src/proteinsmc/scoring/combine.py": {"executed_lines": [1, 3, 5, 7, 9, 15, 23, 29, 31, 34, 47, 62, 63, 69, 71, 73], "summary": {"covered_lines": 14, "num_statements": 14, "percent_covered": 100.0, "percent_covered_display": "100", "missing_lines": 0, "excluded_lines": 3}, "missing_lines": [], "excluded_lines": [9, 10, 12], "functions": {"make_sum_combine": {"executed_lines": [23, 31], "summary": {"covered_lines": 2, "num_statements": 2, "percent_covered": 100.0, "percent_covered_display": "100", "missing_lines": 0, "excluded_lines": 0}, "missing_lines": [], "excluded_lines": []}, "make_sum_combine.sum_combine": {"executed_lines": [29], "summary": {"covered_lines": 1, "num_statements": 1, "percent_covered": 100.0, "percent_covered_display": "100", "missing_lines": 0, "excluded_lines": 0}, "missing_lines": [], "excluded_lines": []}, "make_weighted_combine": {"executed_lines": [47, 73], "summary": {"covered_lines": 2, "num_statements": 2, "percent_covered": 100.0, "percent_covered_display": "100", "missing_lines": 0, "excluded_lines": 0}, "missing_lines": [], "excluded_lines": []}, "make_weighted_combine.weighted_combine": {"executed_lines": [62, 63, 69, 71], "summary": {"covered_lines": 4, "num_statements": 4, "percent_covered": 100.0, "percent_covered_display": "100", "missing_lines": 0, "excluded_lines": 0}, "missing_lines": [], "excluded_lines": []}, "": {"executed_lines": [1, 3, 5, 7, 9, 15, 34], "summary": {"covered_lines": 5, "num_statements": 5, "percent_covered": 100.0, "percent_covered_display": "100", "missing_lines": 0, "excluded_lines": 3}, "missing_lines": [], "excluded_lines": [9, 10, 12]}}, "classes": {"": {"executed_lines": [1, 3, 5, 7, 9, 15, 23, 29, 31, 34, 47, 62, 63, 69, 71, 73], "summary": {"covered_lines": 14, "num_statements": 14, "percent_covered": 100.0, "percent_covered_display": "100", "missing_lines": 0, "excluded_lines": 3}, "missing_lines": [], "excluded_lines": [9, 10, 12]}}}, "src/proteinsmc/scoring/esm.py": {"executed_lines": [1, 3, 5, 7, 8, 9, 11, 13, 19, 22, 39, 43, 45, 46, 62, 63, 64, 65, 67, 68, 74, 75, 77], "summary": {"covered_lines": 21, "num_statements": 21, "percent_covered": 100.0, "percent_covered_display": "100", "missing_lines": 0, "excluded_lines": 4}, "missing_lines": [], "excluded_lines": [13, 14, 16, 17], "functions": {"make_esm_score": {"executed_lines": [39, 43, 45, 46, 77], "summary": {"covered_lines": 5, "num_statements": 5, "percent_covered": 100.0, "percent_covered_display": "100", "missing_lines": 0, "excluded_lines": 0}, "missing_lines": [], "excluded_lines": []}, "make_esm_score.score": {"executed_lines": [62, 63, 64, 65, 67, 68, 74, 75], "summary": {"covered_lines": 8, "num_statements": 8, "percent_covered": 100.0, "percent_covered_display": "100", "missing_lines": 0, "excluded_lines": 0}, "missing_lines": [], "excluded_lines": []}, "": {"executed_lines": [1, 3, 5, 7, 8, 9, 11, 13, 19, 22], "summary": {"covered_lines": 8, "num_statements": 8, "percent_covered": 100.0, "percent_covered_display": "100", "missing_lines": 0, "excluded_lines": 4}, "missing_lines": [], "excluded_lines": [13, 14, 16, 17]}}, "classes": {"": {"executed_lines": [1, 3, 5, 7, 8, 9, 11, 13, 19, 22, 39, 43, 45, 46, 62, 63, 64, 65, 67, 68, 74, 75, 77], "summary": {"covered_lines": 21, "num_statements": 21, "percent_covered": 100.0, "percent_covered_display": "100", "missing_lines": 0, "excluded_lines": 4}, "missing_lines": [], "excluded_lines": [13, 14, 16, 17]}}}, "src/proteinsmc/scoring/mpnn.py": {"executed_lines": [1, 3, 5, 6, 7, 9, 10, 11, 12, 13, 19, 32, 34, 37, 45], "summary": {"covered_lines": 13, "num_statements": 24, "percent_covered": 54.166666666666664, "percent_covered_display": "54", "missing_lines": 11, "excluded_lines": 5}, "missing_lines": [42, 61, 65, 67, 77, 87, 92, 100, 101, 107, 115], "excluded_lines": [19, 20, 22, 29, 30], "functions": {"sequential_decode_order": {"executed_lines": [], "summary": {"covered_lines": 0, "num_statements": 1, "percent_covered": 0.0, "percent_covered_display": "0", "missing_lines": 1, "excluded_lines": 0}, "missing_lines": [42], "excluded_lines": []}, "make_mpnn_score": {"executed_lines": [], "summary": {"covered_lines": 0, "num_statements": 9, "percent_covered": 0.0, "percent_covered_display": "0", "missing_lines": 9, "excluded_lines": 0}, "missing_lines": [61, 65, 67, 77, 87, 92, 100, 101, 115], "excluded_lines": []}, "make_mpnn_score.mpnn_score": {"executed_lines": [], "summary": {"covered_lines": 0, "num_statements": 1, "percent_covered": 0.0, "percent_covered_display": "0", "missing_lines": 1, "excluded_lines": 0}, "missing_lines": [107], "excluded_lines": []}, "": {"executed_lines": [1, 3, 5, 6, 7, 9, 10, 11, 12, 13, 19, 32, 34, 37, 45], "summary": {"covered_lines": 13, "num_statements": 13, "percent_covered": 100.0, "percent_covered_display": "100", "missing_lines": 0, "excluded_lines": 5}, "missing_lines": [], "excluded_lines": [19, 20, 22, 29, 30]}}, "classes": {"": {"executed_lines": [1, 3, 5, 6, 7, 9, 10, 11, 12, 13, 19, 32, 34, 37, 45], "summary": {"covered_lines": 13, "num_statements": 24, "percent_covered": 54.166666666666664, "percent_covered_display": "54", "missing_lines": 11, "excluded_lines": 5}, "missing_lines": [42, 61, 65, 67, 77, 87, 92, 100, 101, 107, 115], "excluded_lines": [19, 20, 22, 29, 30]}}}, "src/proteinsmc/utils/__init__.py": {"executed_lines": [1, 3, 10, 29, 30, 31, 32, 40, 46, 52, 53, 55], "summary": {"covered_lines": 11, "num_statements": 11, "percent_covered": 100.0, "percent_covered_display": "100", "missing_lines": 0, "excluded_lines": 0}, "missing_lines": [], "excluded_lines": [], "functions": {"": {"executed_lines": [1, 3, 10, 29, 30, 31, 32, 40, 46, 52, 53, 55], "summary": {"covered_lines": 11, "num_statements": 11, "percent_covered": 100.0, "percent_covered_display": "100", "missing_lines": 0, "excluded_lines": 0}, "missing_lines": [], "excluded_lines": []}}, "classes": {"": {"executed_lines": [1, 3, 10, 29, 30, 31, 32, 40, 46, 52, 53, 55], "summary": {"covered_lines": 11, "num_statements": 11, "percent_covered": 100.0, "percent_covered_display": "100", "missing_lines": 0, "excluded_lines": 0}, "missing_lines": [], "excluded_lines": []}}}, "src/proteinsmc/utils/annealing.py": {"executed_lines": [1, 3, 5, 6, 8, 9, 10, 11, 13, 23, 25, 28, 33, 35, 36, 38, 41, 43, 44, 45, 47, 49, 50, 52, 61, 64, 65, 66, 93, 94, 95, 98, 99, 100, 145, 146, 147, 183, 184, 185], "summary": {"covered_lines": 38, "num_statements": 61, "percent_covered": 62.295081967213115, "percent_covered_display": "62", "missing_lines": 23, "excluded_lines": 4}, "missing_lines": [129, 130, 131, 132, 133, 134, 135, 136, 137, 138, 140, 141, 142, 174, 175, 176, 177, 178, 179, 180, 212, 213, 214], "excluded_lines": [13, 14, 16, 18], "functions": {"register_schedule": {"executed_lines": [33, 38], "summary": {"covered_lines": 2, "num_statements": 2, "percent_covered": 100.0, "percent_covered_display": "100", "missing_lines": 0, "excluded_lines": 0}, "missing_lines": [], "excluded_lines": []}, "register_schedule.decorator": {"executed_lines": [35, 36], "summary": {"covered_lines": 2, "num_statements": 2, "percent_covered": 100.0, "percent_covered_display": "100", "missing_lines": 0, "excluded_lines": 0}, "missing_lines": [], "excluded_lines": []}, "get_annealing_function": {"executed_lines": [43, 44, 45, 47, 49, 50, 61], "summary": {"covered_lines": 7, "num_statements": 7, "percent_covered": 100.0, "percent_covered_display": "100", "missing_lines": 0, "excluded_lines": 0}, "missing_lines": [], "excluded_lines": []}, "get_annealing_function.annealing_fn": {"executed_lines": [52], "summary": {"covered_lines": 1, "num_statements": 1, "percent_covered": 100.0, "percent_covered_display": "100", "missing_lines": 0, "excluded_lines": 0}, "missing_lines": [], "excluded_lines": []}, "linear_schedule": {"executed_lines": [93, 94, 95], "summary": {"covered_lines": 3, "num_statements": 3, "percent_covered": 100.0, "percent_covered_display": "100", "missing_lines": 0, "excluded_lines": 0}, "missing_lines": [], "excluded_lines": []}, "exponential_schedule": {"executed_lines": [], "summary": {"covered_lines": 0, "num_statements": 13, "percent_covered": 0.0, "percent_covered_display": "0", "missing_lines": 13, "excluded_lines": 0}, "missing_lines": [129, 130, 131, 132, 133, 134, 135, 136, 137, 138, 140, 141, 142], "excluded_lines": []}, "cosine_schedule": {"executed_lines": [], "summary": {"covered_lines": 0, "num_statements": 7, "percent_covered": 0.0, "percent_covered_display": "0", "missing_lines": 7, "excluded_lines": 0}, "missing_lines": [174, 175, 176, 177, 178, 179, 180], "excluded_lines": []}, "static_schedule": {"executed_lines": [], "summary": {"covered_lines": 0, "num_statements": 3, "percent_covered": 0.0, "percent_covered_display": "0", "missing_lines": 3, "excluded_lines": 0}, "missing_lines": [212, 213, 214], "excluded_lines": []}, "": {"executed_lines": [1, 3, 5, 6, 8, 9, 10, 11, 13, 23, 25, 28, 41, 64, 65, 66, 98, 99, 100, 145, 146, 147, 183, 184, 185], "summary": {"covered_lines": 23, "num_statements": 23, "percent_covered": 100.0, "percent_covered_display": "100", "missing_lines": 0, "excluded_lines": 4}, "missing_lines": [], "excluded_lines": [13, 14, 16, 18]}}, "classes": {"": {"executed_lines": [1, 3, 5, 6, 8, 9, 10, 11, 13, 23, 25, 28, 33, 35, 36, 38, 41, 43, 44, 45, 47, 49, 50, 52, 61, 64, 65, 66, 93, 94, 95, 98, 99, 100, 145, 146, 147, 183, 184, 185], "summary": {"covered_lines": 38, "num_statements": 61, "percent_covered": 62.295081967213115, "percent_covered_display": "62", "missing_lines": 23, "excluded_lines": 4}, "missing_lines": [129, 130, 131, 132, 133, 134, 135, 136, 137, 138, 140, 141, 142, 174, 175, 176, 177, 178, 179, 180, 212, 213, 214], "excluded_lines": [13, 14, 16, 18]}}}, "src/proteinsmc/utils/blackjax_utils.py": {"executed_lines": [1, 3, 5, 7, 16, 39, 40, 46], "summary": {"covered_lines": 6, "num_statements": 6, "percent_covered": 100.0, "percent_covered_display": "100", "missing_lines": 0, "excluded_lines": 5}, "missing_lines": [], "excluded_lines": [7, 8, 10, 12, 13], "functions": {"make_blackjax_log_prob_fn": {"executed_lines": [39, 46], "summary": {"covered_lines": 2, "num_statements": 2, "percent_covered": 100.0, "percent_covered_display": "100", "missing_lines": 0, "excluded_lines": 0}, "missing_lines": [], "excluded_lines": []}, "make_blackjax_log_prob_fn.blackjax_log_prob_fn": {"executed_lines": [40], "summary": {"covered_lines": 1, "num_statements": 1, "percent_covered": 100.0, "percent_covered_display": "100", "missing_lines": 0, "excluded_lines": 0}, "missing_lines": [], "excluded_lines": []}, "": {"executed_lines": [1, 3, 5, 7, 16], "summary": {"covered_lines": 3, "num_statements": 3, "percent_covered": 100.0, "percent_covered_display": "100", "missing_lines": 0, "excluded_lines": 5}, "missing_lines": [], "excluded_lines": [7, 8, 10, 12, 13]}}, "classes": {"": {"executed_lines": [1, 3, 5, 7, 16, 39, 40, 46], "summary": {"covered_lines": 6, "num_statements": 6, "percent_covered": 100.0, "percent_covered_display": "100", "missing_lines": 0, "excluded_lines": 5}, "missing_lines": [], "excluded_lines": [7, 8, 10, 12, 13]}}}, "src/proteinsmc/utils/config_unpacker.py": {"executed_lines": [1, 7, 8, 
[...]
": "100", "missing_lines": 0, "excluded_lines": 5}, "missing_lines": [], "excluded_lines": [16, 17, 19, 25, 26]}}, "classes": {"": {"executed_lines": [1, 3, 5, 6, 8, 9, 10, 11, 13, 14, 16, 29, 35, 41, 48, 49, 50, 51, 52, 53, 54, 55, 57, 58, 59, 60, 61, 62, 64, 65, 132], "summary": {"covered_lines": 29, "num_statements": 51, "percent_covered": 56.86274509803921, "percent_covered_display": "57", "missing_lines": 22, "excluded_lines": 5}, "missing_lines": [70, 72, 76, 77, 78, 84, 86, 87, 94, 95, 97, 98, 100, 107, 109, 111, 112, 119, 120, 122, 125, 127], "excluded_lines": [16, 17, 19, 25, 26]}}}, "src/proteinsmc/utils/foldcomp.py": {"executed_lines": [], "summary": {"covered_lines": 0, "num_statements": 0, "percent_covered": 100.0, "percent_covered_display": "100", "missing_lines": 0, "excluded_lines": 0}, "missing_lines": [], "excluded_lines": [], "functions": {"": {"executed_lines": [], "summary": {"covered_lines": 0, "num_statements": 0, "percent_covered": 100.0, "percent_covered_display": "100", "missing_lines": 0, "excluded_lines": 0}, "missing_lines": [], "excluded_lines": []}}, "classes": {"": {"executed_lines": [], "summary": {"covered_lines": 0, "num_statements": 0, "percent_covered": 100.0, "percent_covered_display": "100", "missing_lines": 0, "excluded_lines": 0}, "missing_lines": [], "excluded_lines": []}}}, "src/proteinsmc/utils/initiate.py": {"executed_lines": [1, 3, 5, 7, 9, 11, 17, 38, 39, 40, 41, 42, 43, 44, 45, 46, 48, 49, 50, 51, 52, 54, 55, 56, 57, 58, 60], "summary": {"covered_lines": 25, "num_statements": 25, "percent_covered": 100.0, "percent_covered_display": "100", "missing_lines": 0, "excluded_lines": 3}, "missing_lines": [], "excluded_lines": [11, 12, 14], "functions": {"generate_template_population": {"executed_lines": [38, 39, 40, 41, 42, 43, 44, 45, 46, 48, 49, 50, 51, 52, 54, 55, 56, 57, 58, 60], "summary": {"covered_lines": 20, "num_statements": 20, "percent_covered": 100.0, "percent_covered_display": "100", "missing_lines": 0, "excluded_lines": 0}, "missing_lines": [], "excluded_lines": []}, "": {"executed_lines": [1, 3, 5, 7, 9, 11, 17], "summary": {"covered_lines": 5, "num_statements": 5, "percent_covered": 100.0, "percent_covered_display": "100", "missing_lines": 0, "excluded_lines": 3}, "missing_lines": [], "excluded_lines": [11, 12, 14]}}, "classes": {"": {"executed_lines": [1, 3, 5, 7, 9, 11, 17, 38, 39, 40, 41, 42, 43, 44, 45, 46, 48, 49, 50, 51, 52, 54, 55, 56, 57, 58, 60], "summary": {"covered_lines": 25, "num_statements": 25, "percent_covered": 100.0, "percent_covered_display": "100", "missing_lines": 0, "excluded_lines": 3}, "missing_lines": [], "excluded_lines": [11, 12, 14]}}}, "src/proteinsmc/utils/jax_utils.py": {"executed_lines": [1, 3, 5, 7, 8, 9, 11, 19, 22, 47, 50, 51, 55, 56, 57, 58, 60, 63, 86], "summary": {"covered_lines": 17, "num_statements": 27, "percent_covered": 62.96296296296296, "percent_covered_display": "63", "missing_lines": 10, "excluded_lines": 4}, "missing_lines": [48, 52, 53, 75, 76, 83, 99, 100, 101, 105], "excluded_lines": [11, 12, 14, 16], "functions": {"chunked_map": {"executed_lines": [47, 50, 51, 55, 60], "summary": {"covered_lines": 5, "num_statements": 8, "percent_covered": 62.5, "percent_covered_display": "62", "missing_lines": 3, "excluded_lines": 0}, "missing_lines": [48, 52, 53], "excluded_lines": []}, "chunked_map.func_to_map": {"executed_lines": [56, 57, 58], "summary": {"covered_lines": 3, "num_statements": 3, "percent_covered": 100.0, "percent_covered_display": "100", "missing_lines": 0, "excluded_lines": 0}, "missing_lines": [], "excluded_lines": []}, "generate_jax_uuid": {"executed_lines": [], "summary": {"covered_lines": 0, "num_statements": 3, "percent_covered": 0.0, "percent_covered_display": "0", "missing_lines": 3, "excluded_lines": 0}, "missing_lines": [75, 76, 83], "excluded_lines": []}, "generate_jax_hash": {"executed_lines": [], "summary": {"covered_lines": 0, "num_statements": 4, "percent_covered": 0.0, "percent_covered_display": "0", "missing_lines": 4, "excluded_lines": 0}, "missing_lines": [99, 100, 101, 105], "excluded_lines": []}, "": {"executed_lines": [1, 3, 5, 7, 8, 9, 11, 19, 22, 63, 86], "summary": {"covered_lines": 9, "num_statements": 9, "percent_covered": 100.0, "percent_covered_display": "100", "missing_lines": 0, "excluded_lines": 4}, "missing_lines": [], "excluded_lines": [11, 12, 14, 16]}}, "classes": {"": {"executed_lines": [1, 3, 5, 7, 8, 9, 11, 19, 22, 47, 50, 51, 55, 56, 57, 58, 60, 63, 86], "summary": {"covered_lines": 17, "num_statements": 27, "percent_covered": 62.96296296296296, "percent_covered_display": "63", "missing_lines": 10, "excluded_lines": 4}, "missing_lines": [48, 52, 53, 75, 76, 83, 99, 100, 101, 105], "excluded_lines": [11, 12, 14, 16]}}}, "src/proteinsmc/utils/jax_uuid.py": {"executed_lines": [], "summary": {"covered_lines": 0, "num_statements": 13, "percent_covered": 0.0, "percent_covered_display": "0", "missing_lines": 13, "excluded_lines": 3}, "missing_lines": [3, 5, 7, 8, 16, 28, 29, 36, 39, 52, 53, 54, 58], "excluded_lines": [10, 11, 13], "functions": {"generate_jax_uuid": {"executed_lines": [], "summary": {"covered_lines": 0, "num_statements": 3, "percent_covered": 0.0, "percent_covered_display": "0", "missing_lines": 3, "excluded_lines": 0}, "missing_lines": [28, 29, 36], "excluded_lines": []}, "generate_jax_hash": {"executed_lines": [], "summary": {"covered_lines": 0, "num_statements": 4, "percent_covered": 0.0, "percent_covered_display": "0", "missing_lines": 4, "excluded_lines": 0}, "missing_lines": [52, 53, 54, 58], "excluded_lines": []}, "": {"executed_lines": [], "summary": {"covered_lines": 0, "num_statements": 6, "percent_covered": 0.0, "percent_covered_display": "0", "missing_lines": 6, "excluded_lines": 3}, "missing_lines": [3, 5, 7, 8, 16, 39], "excluded_lines": [10, 11, 13]}}, "classes": {"": {"executed_lines": [], "summary": {"covered_lines": 0, "num_statements": 13, "percent_covered": 0.0, "percent_covered_display": "0", "missing_lines": 13, "excluded_lines": 3}, "missing_lines": [3, 5, 7, 8, 16, 28, 29, 36, 39, 52, 53, 54, 58], "excluded_lines": [10, 11, 13]}}}, "src/proteinsmc/utils/memory.py": {"executed_lines": [1, 3, 5, 6, 7, 8, 10, 11, 13, 15, 21, 22, 23, 25, 26, 27, 28, 29, 32, 54, 72, 115, 169, 234], "summary": {"covered_lines": 21, "num_statements": 94, "percent_covered": 22.340425531914892, "percent_covered_display": "22", "missing_lines": 73, "excluded_lines": 3}, "missing_lines": [48, 49, 50, 51, 56, 57, 58, 59, 60, 62, 63, 64, 65, 66, 67, 68, 69, 88, 89, 91, 92, 94, 96, 97, 98, 99, 100, 102, 104, 112, 135, 136, 138, 139, 140, 141, 142, 143, 144, 146, 148, 149, 150, 152, 159, 160, 187, 188, 189, 190, 191, 193, 194, 195, 196, 198, 199, 200, 202, 203, 204, 211, 213, 214, 216, 217, 218, 220, 222, 226, 229, 231, 250], "excluded_lines": [15, 16, 18], "functions": {"estimate_memory_usage": {"executed_lines": [], "summary": {"covered_lines": 0, "num_statements": 4, "percent_covered": 0.0, "percent_covered_display": "0", "missing_lines": 4, "excluded_lines": 0}, "missing_lines": [48, 49, 50, 51], "excluded_lines": []}, "get_device_memory_mb": {"executed_lines": [], "summary": {"covered_lines": 0, "num_statements": 13, "percent_covered": 0.0, "percent_covered_display": "0", "missing_lines": 13, "excluded_lines": 0}, "missing_lines": [56, 57, 58, 59, 60, 62, 63, 64, 65, 66, 67, 68, 69], "excluded_lines": []}, "suggest_chunk_size_heuristic": {"executed_lines": [], "summary": {"covered_lines": 0, "num_statements": 13, "percent_covered": 0.0, "percent_covered_display": "0", "missing_lines": 13, "excluded_lines": 0}, "missing_lines": [88, 89, 91, 92, 94, 96, 97, 98, 99, 100, 102, 104, 112], "excluded_lines": []}, "benchmark_chunk_size": {"executed_lines": [], "summary": {"covered_lines": 0, "num_statements": 16, "percent_covered": 0.0, "percent_covered_display": "0", "missing_lines": 16, "excluded_lines": 0}, "missing_lines": [135, 136, 138, 139, 140, 141, 142, 143, 144, 146, 148, 149, 150, 152, 159, 160], "excluded_lines": []}, "auto_tune_chunk_size": {"executed_lines": [], "summary": {"covered_lines": 0, "num_statements": 26, "percent_covered": 0.0, "percent_covered_display": "0", "missing_lines": 26, "excluded_lines": 0}, "missing_lines": [187, 188, 189, 190, 191, 193, 194, 195, 196, 198, 199, 200, 202, 203, 204, 211, 213, 214, 216, 217, 218, 220, 222, 226, 229, 231], "excluded_lines": []}, "create_test_population": {"executed_lines": [], "summary": {"covered_lines": 0, "num_statements": 1, "percent_covered": 0.0, "percent_covered_display": "0", "missing_lines": 1, "excluded_lines": 0}, "missing_lines": [250], "excluded_lines": []}, "": {"executed_lines": [1, 3, 5, 6, 7, 8, 10, 11, 13, 15, 21, 22, 23, 25, 26, 27, 28, 29, 32, 54, 72, 115, 169, 234], "summary": {"covered_lines": 21, "num_statements": 21, "percent_covered": 100.0, "percent_covered_display": "100", "missing_lines": 0, "excluded_lines": 3}, "missing_lines": [], "excluded_lines": [15, 16, 18]}}, "classes": {"BenchmarkResult": {"executed_lines": [], "summary": {"covered_lines": 0, "num_statements": 0, "percent_covered": 100.0, "percent_covered_display": "100", "missing_lines": 0, "excluded_lines": 0}, "missing_lines": [], "excluded_lines": []}, "": {"executed_lines": [1, 3, 5, 6, 7, 8, 10, 11, 13, 15, 21, 22, 23, 25, 26, 27, 28, 29, 32, 54, 72, 115, 169, 234], "summary": {"covered_lines": 21, "num_statements": 94, "percent_covered": 22.340425531914892, "percent_covered_display": "22", "missing_lines": 73, "excluded_lines": 3}, "missing_lines": [48, 49, 50, 51, 56, 57, 58, 59, 60, 62, 63, 64, 65, 66, 67, 68, 69, 88, 89, 91, 92, 94, 96, 97, 98, 99, 100, 102, 104, 112, 135, 136, 138, 139, 140, 141, 142, 143, 144, 146, 148, 149, 150, 152, 159, 160, 187, 188, 189, 190, 191, 193, 194, 195, 196, 198, 199, 200, 202, 203, 204, 211, 213, 214, 216, 217, 218, 220, 222, 226, 229, 231, 250], "excluded_lines": [15, 16, 18]}}}, "src/proteinsmc/utils/metrics.py": {"executed_lines": [1, 6, 8, 9, 11, 12, 14, 20, 22, 25, 43, 44, 45, 46, 50, 51, 57, 61, 64, 65, 79, 80, 82, 83, 86, 87, 88, 90, 92, 99, 100, 110, 111, 112, 115, 116, 126, 127, 128, 129, 130, 132, 133, 134, 135], "summary": {"covered_lines": 43, "num_statements": 52, "percent_covered": 82.6923076923077, "percent_covered_display": "83", "missing_lines": 9, "excluded_lines": 3}, "missing_lines": [47, 48, 58, 59, 84, 85, 131, 136, 137], "excluded_lines": [14, 15, 17], "functions": {"safe_weighted_mean": {"executed_lines": [43, 44, 45, 46, 50, 51, 57, 61], "summary": {"covered_lines": 8, "num_statements": 12, "percent_covered": 66.66666666666667, "percent_covered_display": "67", "missing_lines": 4, "excluded_lines": 0}, "missing_lines": [47, 48, 58, 59], "excluded_lines": []}, "calculate_logZ_increment": {"executed_lines": [79, 80, 82, 83, 86, 87, 88, 90, 92], "summary": {"covered_lines": 9, "num_statements": 11, "percent_covered": 81.81818181818181, "percent_covered_display": "82", "missing_lines": 2, "excluded_lines": 0}, "missing_lines": [84, 85], "excluded_lines": []}, "calculate_position_entropy": {"executed_lines": [110, 111, 112], "summary": {"covered_lines": 3, "num_statements": 3, "percent_covered": 100.0, "percent_covered_display": "100", "missing_lines": 0, "excluded_lines": 0}, "missing_lines": [], "excluded_lines": []}, "shannon_entropy": {"executed_lines": [126, 127, 128, 129, 130, 132, 133, 134, 135], "summary": {"covered_lines": 9, "num_statements": 12, "percent_covered": 75.0, "percent_covered_display": "75", "missing_lines": 3, "excluded_lines": 0}, "missing_lines": [131, 136, 137], "excluded_lines": []}, "": {"executed_lines": [1, 6, 8, 9, 11, 12, 14, 20, 22, 25, 64, 65, 99, 100, 115, 116], "summary": {"covered_lines": 14, "num_statements": 14, "percent_covered": 100.0, "percent_covered_display": "100", "missing_lines": 0, "excluded_lines": 3}, "missing_lines": [], "excluded_lines": [14, 15, 17]}}, "classes": {"": {"executed_lines": [1, 6, 8, 9, 11, 12, 14, 20, 22, 25, 43, 44, 45, 46, 50, 51, 57, 61, 64, 65, 79, 80, 82, 83, 86, 87, 88, 90, 92, 99, 100, 110, 111, 112, 115, 116, 126, 127, 128, 129, 130, 132, 133, 134, 135], "summary": {"covered_lines": 43, "num_statements": 52, "percent_covered": 82.6923076923077, "percent_covered_display": "83", "missing_lines": 9, "excluded_lines": 3}, "missing_lines": [47, 48, 58, 59, 84, 85, 131, 136, 137], "excluded_lines": [14, 15, 17]}}}, "src/proteinsmc/utils/mutation.py": {"executed_lines": [1, 3, 5, 7, 8, 10, 15, 19, 22, 40, 41, 42, 43, 44, 47, 48, 66, 67, 68, 70, 71, 72, 73, 75, 76, 77, 79, 81, 83, 86, 107, 108, 110, 111, 113, 119, 123, 125, 128, 146, 147, 149, 150, 152, 158, 161, 168, 169, 174, 175, 180, 181, 184, 208, 213, 215, 217, 222], "summary": {"covered_lines": 56, "num_statements": 56, "percent_covered": 100.0, "percent_covered_display": "100", "missing_lines": 0, "excluded_lines": 3}, "missing_lines": [], "excluded_lines": [10, 11, 13], "functions": {"mutate": {"executed_lines": [40, 41, 42, 43, 44], "summary": {"covered_lines": 5, "num_statements": 5, "percent_covered": 100.0, "percent_covered_display": "100", "missing_lines": 0, "excluded_lines": 0}, "missing_lines": [], "excluded_lines": []}, "_revert_x_codons_if_mutated": {"executed_lines": [66, 67, 68, 70, 71, 72, 73, 75, 76, 77, 79, 81, 83], "summary": {"covered_lines": 13, "num_statements": 13, "percent_covered": 100.0, "percent_covered_display": "100", "missing_lines": 0, "excluded_lines": 0}, "missing_lines": [], "excluded_lines": []}, "diversify_initial_nucleotide_sequences": {"executed_lines": [107, 108, 110, 111, 113, 119, 123, 125], "summary": {"covered_lines": 8, "num_statements": 8, "percent_covered": 100.0, "percent_covered_display": "100", "missing_lines": 0, "excluded_lines": 0}, "missing_lines": [], "excluded_lines": []}, "diversify_initial_protein_sequences": {"executed_lines": [146, 147, 149, 150, 152, 158], "summary": {"covered_lines": 6, "num_statements": 6, "percent_covered": 100.0, "percent_covered_display": "100", "missing_lines": 0, "excluded_lines": 0}, "missing_lines": [], "excluded_lines": []}, "diversify_initial_sequences": {"executed_lines": [168, 169, 174, 175, 180, 181], "summary": {"covered_lines": 6, "num_statements": 6, "percent_covered": 100.0, "percent_covered_display": "100", "missing_lines": 0, "excluded_lines": 0}, "missing_lines": [], "excluded_lines": []}, "chunked_mutation_step": {"executed_lines": [208, 215, 217, 222], "summary": {"covered_lines": 4, "num_statements": 4, "percent_covered": 100.0, "percent_covered_display": "100", "missing_lines": 0, "excluded_lines": 0}, "missing_lines": [], "excluded_lines": []}, "chunked_mutation_step.fn": {"executed_lines": [213], "summary": {"covered_lines": 1, "num_statements": 1, "percent_covered": 100.0, "percent_covered_display": "100", "missing_lines": 0, "excluded_lines": 0}, "missing_lines": [], "excluded_lines": []}, "": {"executed_lines": [1, 3, 5, 7, 8, 10, 15, 19, 22, 47, 48, 86, 128, 161, 184], "summary": {"covered_lines": 13, "num_statements": 13, "percent_covered": 100.0, "percent_covered_display": "100", "missing_lines": 0, "excluded_lines": 3}, "missing_lines": [], "excluded_lines": [10, 11, 13]}}, "classes": {"": {"executed_lines": [1, 3, 5, 7, 8, 10, 15, 19, 22, 40, 41, 42, 43, 44, 47, 48, 66, 67, 68, 70, 71, 72, 73, 75, 76, 77, 79, 81, 83, 86, 107, 108, 110, 111, 113, 119, 123, 125, 128, 146, 147, 149, 150, 152, 158, 161, 168, 169, 174, 175, 180, 181, 184, 208, 213, 215, 217, 222], "summary": {"covered_lines": 56, "num_statements": 56, "percent_covered": 100.0, "percent_covered_display": "100", "missing_lines": 0, "excluded_lines": 3}, "missing_lines": [], "excluded_lines": [10, 11, 13]}}}, "src/proteinsmc/utils/pmap_utils.py": {"executed_lines": [1, 3, 5, 6, 8, 10, 16, 19], "summary": {"covered_lines": 6, "num_statements": 17, "percent_covered": 35.294117647058826, "percent_covered_display": "35", "missing_lines": 11, "excluded_lines": 3}, "missing_lines": [41, 43, 45, 47, 49, 50, 51, 53, 55, 56, 58], "excluded_lines": [10, 11, 13], "functions": {"distribute": {"executed_lines": [], "summary": {"covered_lines": 0, "num_statements": 8, "percent_covered": 0.0, "percent_covered_display": "0", "missing_lines": 8, "excluded_lines": 0}, "missing_lines": [41, 43, 47, 49, 50, 53, 55, 58], "excluded_lines": []}, "distribute.shard_array": {"executed_lines": [], "summary": {"covered_lines": 0, "num_statements": 1, "percent_covered": 0.0, "percent_covered_display": "0", "missing_lines": 1, "excluded_lines": 0}, "missing_lines": [45], "excluded_lines": []}, "distribute.pmapped_worker": {"executed_lines": [], "summary": {"covered_lines": 0, "num_statements": 1, "percent_covered": 0.0, "percent_covered_display": "0", "missing_lines": 1, "excluded_lines": 0}, "missing_lines": [51], "excluded_lines": []}, "distribute.unshard_array": {"executed_lines": [], "summary": {"covered_lines": 0, "num_statements": 1, "percent_covered": 0.0, "percent_covered_display": "0", "missing_lines": 1, "excluded_lines": 0}, "missing_lines": [56], "excluded_lines": []}, "": {"executed_lines": [1, 3, 5, 6, 8, 10, 16, 19], "summary": {"covered_lines": 6, "num_statements": 6, "percent_covered": 100.0, "percent_covered_display": "100", "missing_lines": 0, "excluded_lines": 3}, "missing_lines": [], "excluded_lines": [10, 11, 13]}}, "classes": {"": {"executed_lines": [1, 3, 5, 6, 8, 10, 16, 19], "summary": {"covered_lines": 6, "num_statements": 17, "percent_covered": 35.294117647058826, "percent_covered_display": "35", "missing_lines": 11, "excluded_lines": 3}, "missing_lines": [41, 43, 45, 47, 49, 50, 51, 53, 55, 56, 58], "excluded_lines": [10, 11, 13]}}}, "src/proteinsmc/utils/translation.py": {"executed_lines": [1, 3, 5, 7, 8, 10, 17, 23, 46, 47, 65, 66, 67, 68, 69, 70, 71, 72, 73, 74, 77, 78, 84, 85, 87, 89, 90, 92, 93, 95, 96, 97, 99], "summary": {"covered_lines": 31, "num_statements": 35, "percent_covered": 88.57142857142857, "percent_covered_display": "89", "missing_lines": 4, "excluded_lines": 3}, "missing_lines": [40, 41, 42, 43], "excluded_lines": [17, 18, 20], "functions": {"string_to_int_sequence": {"executed_lines": [], "summary": {"covered_lines": 0, "num_statements": 4, "percent_covered": 0.0, "percent_covered_display": "0", "missing_lines": 4, "excluded_lines": 0}, "missing_lines": [40, 41, 42, 43], "excluded_lines": []}, "nucleotide_to_aa": {"executed_lines": [65, 66, 67, 68, 69, 70, 71, 72, 73, 74], "summary": {"covered_lines": 10, "num_statements": 10, "percent_covered": 100.0, "percent_covered_display": "100", "missing_lines": 0, "excluded_lines": 0}, "missing_lines": [], "excluded_lines": []}, "aa_to_nucleotide": {"executed_lines": [84, 85, 87, 92, 93, 95, 96, 97, 99], "summary": {"covered_lines": 9, "num_statements": 9, "percent_covered": 100.0, "percent_covered_display": "100", "missing_lines": 0, "excluded_lines": 0}, "missing_lines": [], "excluded_lines": []}, "aa_to_nucleotide.find_first_codon": {"executed_lines": [89, 90], "summary": {"covered_lines": 2, "num_statements": 2, "percent_covered": 100.0, "percent_covered_display": "100", "missing_lines": 0, "excluded_lines": 0}, "missing_lines": [], "excluded_lines": []}, "": {"executed_lines": [1, 3, 5, 7, 8, 10, 17, 23, 46, 47, 77, 78], "summary": {"covered_lines": 10, "num_statements": 10, "percent_covered": 100.0, "percent_covered_display": "100", "missing_lines": 0, "excluded_lines": 3}, "missing_lines": [], "excluded_lines": [17, 18, 20]}}, "classes": {"": {"executed_lines": [1, 3, 5, 7, 8, 10, 17, 23, 46, 47, 65, 66, 67, 68, 69, 70, 71, 72, 73, 74, 77, 78, 84, 85, 87, 89, 90, 92, 93, 95, 96, 97, 99], "summary": {"covered_lines": 31, "num_statements": 35, "percent_covered": 88.57142857142857, "percent_covered_display": "89", "missing_lines": 4, "excluded_lines": 3}, "missing_lines": [40, 41, 42, 43], "excluded_lines": [17, 18, 20]}}}}, "totals": {"covered_lines": 1192, "num_statements": 1927, "percent_covered": 61.857810067462374, "percent_covered_display": "62", "missing_lines": 735, "excluded_lines": 130}}